#
# A fatal error has been detected by the Java Runtime Environment:
#
#  SIGSEGV (0xb) at pc=0x0000000109e8a970, pid=4774, tid=0x0000000000000307
#
# JRE version: Java(TM) SE Runtime Environment (8.0_161-b12) (build 1.8.0_161-b12)
# Java VM: Java HotSpot(TM) 64-Bit Server VM (25.161-b12 mixed mode bsd-amd64 compressed oops)
# Problematic frame:
# V  [libjvm.dylib+0x48a970]
#
# Failed to write core dump. Core dumps have been disabled. To enable core dumping, try "ulimit -c unlimited" before starting Java again
#
# If you would like to submit a bug report, please visit:
#   http://bugreport.java.com/bugreport/crash.jsp
#

---------------  T H R E A D  ---------------

Current thread is native thread

siginfo: si_signo: 11 (SIGSEGV), si_code: 1 (SEGV_MAPERR), si_addr: 0x0000000000000128

Registers:
RAX=0x0000000000000000, RBX=0x00007ffee73d2420, RCX=0x00007fffb30523c8, RDX=0x00007ffee73d2420
RSP=0x00007ffee73d1f50, RBP=0x00007ffee73d1f80, RSI=0x00007ffee73d23b8, RDI=0x0000000000000109
R8 =0x00007ffee73d2420, R9 =0x00000000ffffffff, R10=0x0000000000000c00, R11=0x0000000000000206
R12=0x0000000000000c00, R13=0x0000000007000806, R14=0x00007ffee73d23b8, R15=0x0000000000000002
RIP=0x0000000109e8a970, EFLAGS=0x0000000000010202, ERR=0x0000000000000004
  TRAPNO=0x000000000000000e

Top of Stack: (sp=0x00007ffee73d1f50)
0x00007ffee73d1f50:   000000005a61a03c 00007ffee73d2420
0x00007ffee73d1f60:   0000000000000c00 0000000007000806
0x00007ffee73d1f70:   00007ffee73d2690 00000000ffffffff
0x00007ffee73d1f80:   00007ffee73d1f90 00007fff7ad30f5a
0x00007ffee73d1f90:   00007ffee73d2530 00007fff79dfc5b1
0x00007ffee73d1fa0:   00007fffac919470 0000000000000000
0x00007ffee73d1fb0:   0100001f00000085 00007fffac914100
0x00007ffee73d1fc0:   0000000010004005 0000000007000806
0x00007ffee73d1fd0:   00007ffee73d24d8 0000000000000000
0x00007ffee73d1fe0:   00007ffee73d2690 0000000007000806
0x00007ffee73d1ff0:   00007ffee73d2530 00007ffee73d24d8
0x00007ffee73d2000:   0000000000001103 00000000ffffffff
0x00007ffee73d2010:   0000000000000c00 0000000000000206
0x00007ffee73d2020:   0000000000000c00 0000000007000806
0x00007ffee73d2030:   00007ffee73d2690 00000000ffffffff
0x00007ffee73d2040:   00007fff7ab6920a 0000000000000206
0x00007ffee73d2050:   0000000000000007 0000000000000000
0x00007ffee73d2060:   0000000000000000 0000000000000000
0x00007ffee73d2070:   000000000000037f 0000000000000000
0x00007ffee73d2080:   0000000000000000 0000ffff00001fa1
0x00007ffee73d2090:   000000000002cd37 000000000000ffff
0x00007ffee73d20a0:   0001ffffed351bef 000000000000ffff
0x00007ffee73d20b0:   000000000001ffff 000000000000ffff
0x00007ffee73d20c0:   0000000000000000 0000000000000000
0x00007ffee73d20d0:   0000000000000000 0000000000000000
0x00007ffee73d20e0:   00000000ff73ff94 000000000000ffff
0x00007ffee73d20f0:   000000001265f3bc 000000000000ffff
0x00007ffee73d2100:   00000000ff700000 000000000000ffff
0x00007ffee73d2110:   41c04c79781342cc 0000000000000000
0x00007ffee73d2120:   3fc342cc2d6a9c56 0000000000000000
0x00007ffee73d2130:   4415af1d78b58c40 0000000000000000
0x00007ffee73d2140:   c3e0000000000000 0000000000000000 

Instructions: (pc=0x0000000109e8a970)
0x0000000109e8a950:   83 ec 08 48 89 d3 49 89 f6 e8 bc 46 14 00 44 8b
0x0000000109e8a960:   38 48 8d 05 a8 18 3b 00 48 63 38 e8 8c 49 14 00
0x0000000109e8a970:   4c 8b a0 28 01 00 00 41 83 7c 24 34 01 0f 85 e2
0x0000000109e8a980:   00 00 00 49 89 5c 24 40 4d 89 74 24 38 49 8d 5c 

Register to memory mapping:

RAX=0x0000000000000000 is an unknown value
RBX=0x00007ffee73d2420 is an unknown value
RCX=0x00007fffb30523c8: _thread+0x48 in /usr/lib/system/libsystem_pthread.dylib at 0x00007fff7ad37000
RDX=0x00007ffee73d2420 is an unknown value
RSP=0x00007ffee73d1f50 is an unknown value
RBP=0x00007ffee73d1f80 is an unknown value
RSI=0x00007ffee73d23b8 is an unknown value
RDI=0x0000000000000109 is an unknown value
R8 =0x00007ffee73d2420 is an unknown value
R9 =0x00000000ffffffff is an unknown value
R10=0x0000000000000c00 is an unknown value
R11=0x0000000000000206 is an unknown value
R12=0x0000000000000c00 is an unknown value
R13=0x0000000007000806 is an unknown value
R14=0x00007ffee73d23b8 is an unknown value
R15=0x0000000000000002 is an unknown value


Stack: [0x00007ffee6bd8000,0x00007ffee73d8000],  sp=0x00007ffee73d1f50,  free space=8167k
Native frames: (J=compiled Java code, j=interpreted, Vv=VM code, C=native code)
V  [libjvm.dylib+0x48a970]
C  [libsystem_platform.dylib+0x1f5a]  _sigtramp+0x1a
C  [libobjc.A.dylib+0x85b1]  _objc_fetch_pthread_data+0x22
C  [CoreFoundation+0x867d5]  __CFRunLoopServiceMachPort+0x155
C  [CoreFoundation+0x85b27]  __CFRunLoopRun+0x6f7
C  [CoreFoundation+0x851a3]  CFRunLoopRunSpecific+0x1e3
C  [java+0x647a]  CreateExecutionEnvironment+0x367
C  [java+0x212c]  JLI_Launch+0x7a0
C  [java+0x84d7]  main+0x65
C  [java+0x1984]  start+0x34


---------------  P R O C E S S  ---------------

VM state:not at safepoint (normal execution)

VM Mutex/Monitor currently owned by a thread: None

Heap:
 PSYoungGen      total 112640K, used 78125K [0x000000076ab00000, 0x0000000772e80000, 0x00000007c0000000)
  eden space 112128K, 69% used [0x000000076ab00000,0x000000076f70b498,0x0000000771880000)
  from space 512K, 50% used [0x0000000771c00000,0x0000000771c40000,0x0000000771c80000)
  to   space 11264K, 0% used [0x0000000772380000,0x0000000772380000,0x0000000772e80000)
 ParOldGen       total 70144K, used 5552K [0x00000006c0000000, 0x00000006c4480000, 0x000000076ab00000)
  object space 70144K, 7% used [0x00000006c0000000,0x00000006c056c240,0x00000006c4480000)
 Metaspace       used 20849K, capacity 21188K, committed 21504K, reserved 1069056K
  class space    used 2440K, capacity 2523K, committed 2560K, reserved 1048576K

Card table byte_map: [0x000000010ad6e000,0x000000010b56f000] byte_map_base: 0x000000010776e000

Marking Bits: (ParMarkBitMap*) 0x000000010a2f76c0
 Begin Bits: [0x000000010bac5000, 0x000000010fac5000)
 End Bits:   [0x000000010fac5000, 0x0000000113ac5000)

Polling page: 0x00000001088df000

CodeCache: size=245760Kb used=6602Kb max_used=6952Kb free=239157Kb
 bounds [0x0000000117398000, 0x0000000117a78000, 0x0000000126398000]
 total_blobs=2507 nmethods=2068 adapters=352
 compilation: enabled

Compilation events (10 events):
Event: 1281.655 Thread 0x00007ffaf4070000 2286       4       com.fasterxml.jackson.core.json.UTF8StreamJsonParser::_skipColon2 (206 bytes)
Event: 1281.656 Thread 0x00007ffaf4070000 nmethod 2286 0x00000001174cb1d0 code [0x00000001174cb320, 0x00000001174cb4d8]
Event: 1313.770 Thread 0x00007ffaf4071800 2287   !   4       com.almworks.sqlite4java.SQLiteConnection::exec (233 bytes)
Event: 1313.780 Thread 0x00007ffaf4071800 nmethod 2287 0x000000011760c050 code [0x000000011760c2c0, 0x000000011760cef8]
Event: 1351.838 Thread 0x00007ffaf4070000 2288       4       java.util.regex.Pattern$BmpCharProperty::match (50 bytes)
Event: 1351.840 Thread 0x00007ffaf4070000 nmethod 2288 0x000000011766a110 code [0x000000011766a280, 0x000000011766a458]
Event: 1389.087 Thread 0x00007ffaf4070000 2289       4       java.util.concurrent.locks.AbstractQueuedSynchronizer$ConditionObject::doSignal (43 bytes)
Event: 1389.089 Thread 0x00007ffaf4070000 nmethod 2289 0x00000001174c2bd0 code [0x00000001174c2d40, 0x00000001174c2f58]
Event: 1391.101 Thread 0x00007ffaf4071000 2290       4       java.util.concurrent.locks.ReentrantLock$Sync::isHeldExclusively (16 bytes)
Event: 1391.101 Thread 0x00007ffaf4071000 nmethod 2290 0x0000000117a69090 code [0x0000000117a691e0, 0x0000000117a69278]

GC Heap History (10 events):
Event: 139.459 GC heap before
{Heap before GC invocations=6 (full 1):
 PSYoungGen      total 132608K, used 5600K [0x000000076ab00000, 0x0000000773a00000, 0x00000007c0000000)
  eden space 126976K, 0% used [0x000000076ab00000,0x000000076ab00000,0x0000000772700000)
  from space 5632K, 99% used [0x0000000772b00000,0x0000000773078030,0x0000000773080000)
  to   space 9728K, 0% used [0x0000000773080000,0x0000000773080000,0x0000000773a00000)
 ParOldGen       total 175104K, used 56K [0x00000006c0000000, 0x00000006cab00000, 0x000000076ab00000)
  object space 175104K, 0% used [0x00000006c0000000,0x00000006c000e000,0x00000006cab00000)
 Metaspace       used 20841K, capacity 21124K, committed 21248K, reserved 1069056K
  class space    used 2439K, capacity 2523K, committed 2560K, reserved 1048576K
Event: 139.500 GC heap after
Heap after GC invocations=6 (full 1):
 PSYoungGen      total 132608K, used 0K [0x000000076ab00000, 0x0000000773a00000, 0x00000007c0000000)
  eden space 126976K, 0% used [0x000000076ab00000,0x000000076ab00000,0x0000000772700000)
  from space 5632K, 0% used [0x0000000772b00000,0x0000000772b00000,0x0000000773080000)
  to   space 9728K, 0% used [0x0000000773080000,0x0000000773080000,0x0000000773a00000)
 ParOldGen       total 70144K, used 5472K [0x00000006c0000000, 0x00000006c4480000, 0x000000076ab00000)
  object space 70144K, 7% used [0x00000006c0000000,0x00000006c0558240,0x00000006c4480000)
 Metaspace       used 20841K, capacity 21124K, committed 21248K, reserved 1069056K
  class space    used 2439K, capacity 2523K, committed 2560K, reserved 1048576K
}
Event: 507.842 GC heap before
{Heap before GC invocations=7 (full 1):
 PSYoungGen      total 132608K, used 126976K [0x000000076ab00000, 0x0000000773a00000, 0x00000007c0000000)
  eden space 126976K, 100% used [0x000000076ab00000,0x0000000772700000,0x0000000772700000)
  from space 5632K, 0% used [0x0000000772b00000,0x0000000772b00000,0x0000000773080000)
  to   space 9728K, 0% used [0x0000000773080000,0x0000000773080000,0x0000000773a00000)
 ParOldGen       total 70144K, used 5472K [0x00000006c0000000, 0x00000006c4480000, 0x000000076ab00000)
  object space 70144K, 7% used [0x00000006c0000000,0x00000006c0558240,0x00000006c4480000)
 Metaspace       used 20848K, capacity 21188K, committed 21504K, reserved 1069056K
  class space    used 2440K, capacity 2523K, committed 2560K, reserved 1048576K
Event: 507.844 GC heap after
Heap after GC invocations=7 (full 1):
 PSYoungGen      total 130560K, used 256K [0x000000076ab00000, 0x0000000773800000, 0x00000007c0000000)
  eden space 122880K, 0% used [0x000000076ab00000,0x000000076ab00000,0x0000000772300000)
  from space 7680K, 3% used [0x0000000773080000,0x00000007730c0000,0x0000000773800000)
  to   space 10752K, 0% used [0x0000000772300000,0x0000000772300000,0x0000000772d80000)
 ParOldGen       total 70144K, used 5480K [0x00000006c0000000, 0x00000006c4480000, 0x000000076ab00000)
  object space 70144K, 7% used [0x00000006c0000000,0x00000006c055a240,0x00000006c4480000)
 Metaspace       used 20848K, capacity 21188K, committed 21504K, reserved 1069056K
  class space    used 2440K, capacity 2523K, committed 2560K, reserved 1048576K
}
Event: 871.165 GC heap before
{Heap before GC invocations=8 (full 1):
 PSYoungGen      total 130560K, used 123136K [0x000000076ab00000, 0x0000000773800000, 0x00000007c0000000)
  eden space 122880K, 100% used [0x000000076ab00000,0x0000000772300000,0x0000000772300000)
  from space 7680K, 3% used [0x0000000773080000,0x00000007730c0000,0x0000000773800000)
  to   space 10752K, 0% used [0x0000000772300000,0x0000000772300000,0x0000000772d80000)
 ParOldGen       total 70144K, used 5480K [0x00000006c0000000, 0x00000006c4480000, 0x000000076ab00000)
  object space 70144K, 7% used [0x00000006c0000000,0x00000006c055a240,0x00000006c4480000)
 Metaspace       used 20848K, capacity 21188K, committed 21504K, reserved 1069056K
  class space    used 2440K, capacity 2523K, committed 2560K, reserved 1048576K
Event: 871.167 GC heap after
Heap after GC invocations=8 (full 1):
 PSYoungGen      total 119808K, used 256K [0x000000076ab00000, 0x0000000773480000, 0x00000007c0000000)
  eden space 119296K, 0% used [0x000000076ab00000,0x000000076ab00000,0x0000000771f80000)
  from space 512K, 50% used [0x0000000772300000,0x0000000772340000,0x0000000772380000)
  to   space 10752K, 0% used [0x0000000772a00000,0x0000000772a00000,0x0000000773480000)
 ParOldGen       total 70144K, used 5488K [0x00000006c0000000, 0x00000006c4480000, 0x000000076ab00000)
  object space 70144K, 7% used [0x00000006c0000000,0x00000006c055c240,0x00000006c4480000)
 Metaspace       used 20848K, capacity 21188K, committed 21504K, reserved 1069056K
  class space    used 2440K, capacity 2523K, committed 2560K, reserved 1048576K
}
Event: 1217.404 GC heap before
{Heap before GC invocations=9 (full 1):
 PSYoungGen      total 119808K, used 119552K [0x000000076ab00000, 0x0000000773480000, 0x00000007c0000000)
  eden space 119296K, 100% used [0x000000076ab00000,0x0000000771f80000,0x0000000771f80000)
  from space 512K, 50% used [0x0000000772300000,0x0000000772340000,0x0000000772380000)
  to   space 10752K, 0% used [0x0000000772a00000,0x0000000772a00000,0x0000000773480000)
 ParOldGen       total 70144K, used 5488K [0x00000006c0000000, 0x00000006c4480000, 0x000000076ab00000)
  object space 70144K, 7% used [0x00000006c0000000,0x00000006c055c240,0x00000006c4480000)
 Metaspace       used 20849K, capacity 21188K, committed 21504K, reserved 1069056K
  class space    used 2440K, capacity 2523K, committed 2560K, reserved 1048576K
Event: 1217.406 GC heap after
Heap after GC invocations=9 (full 1):
 PSYoungGen      total 123904K, used 256K [0x000000076ab00000, 0x0000000773200000, 0x00000007c0000000)
  eden space 115712K, 0% used [0x000000076ab00000,0x000000076ab00000,0x0000000771c00000)
  from space 8192K, 3% used [0x0000000772a00000,0x0000000772a40000,0x0000000773200000)
  to   space 11264K, 0% used [0x0000000771c00000,0x0000000771c00000,0x0000000772700000)
 ParOldGen       total 70144K, used 5496K [0x00000006c0000000, 0x00000006c4480000, 0x000000076ab00000)
  object space 70144K, 7% used [0x00000006c0000000,0x00000006c055e240,0x00000006c4480000)
 Metaspace       used 20849K, capacity 21188K, committed 21504K, reserved 1069056K
  class space    used 2440K, capacity 2523K, committed 2560K, reserved 1048576K
}
Event: 1561.694 GC heap before
{Heap before GC invocations=10 (full 1):
 PSYoungGen      total 123904K, used 115968K [0x000000076ab00000, 0x0000000773200000, 0x00000007c0000000)
  eden space 115712K, 100% used [0x000000076ab00000,0x0000000771c00000,0x0000000771c00000)
  from space 8192K, 3% used [0x0000000772a00000,0x0000000772a40000,0x0000000773200000)
  to   space 11264K, 0% used [0x0000000771c00000,0x0000000771c00000,0x0000000772700000)
 ParOldGen       total 70144K, used 5496K [0x00000006c0000000, 0x00000006c4480000, 0x000000076ab00000)
  object space 70144K, 7% used [0x00000006c0000000,0x00000006c055e240,0x00000006c4480000)
 Metaspace       used 20849K, capacity 21188K, committed 21504K, reserved 1069056K
  class space    used 2440K, capacity 2523K, committed 2560K, reserved 1048576K
Event: 1561.695 GC heap after
Heap after GC invocations=10 (full 1):
 PSYoungGen      total 112640K, used 256K [0x000000076ab00000, 0x0000000772e80000, 0x00000007c0000000)
  eden space 112128K, 0% used [0x000000076ab00000,0x000000076ab00000,0x0000000771880000)
  from space 512K, 50% used [0x0000000771c00000,0x0000000771c40000,0x0000000771c80000)
  to   space 11264K, 0% used [0x0000000772380000,0x0000000772380000,0x0000000772e80000)
 ParOldGen       total 70144K, used 5552K [0x00000006c0000000, 0x00000006c4480000, 0x000000076ab00000)
  object space 70144K, 7% used [0x00000006c0000000,0x00000006c056c240,0x00000006c4480000)
 Metaspace       used 20849K, capacity 21188K, committed 21504K, reserved 1069056K
  class space    used 2440K, capacity 2523K, committed 2560K, reserved 1048576K
}

Deoptimization events (10 events):
Event: 1.681 Thread 0x00007ffaf398d000 Uncommon trap: reason=class_check action=maybe_recompile pc=0x0000000117660b84 method=java.util.HashMap.putVal(ILjava/lang/Object;Ljava/lang/Object;ZZ)Ljava/lang/Object; @ 203
Event: 1.823 Thread 0x00007ffaf51b1800 Uncommon trap: reason=unstable_if action=reinterpret pc=0x000000011774d708 method=java.util.HashMap.hash(Ljava/lang/Object;)I @ 1
Event: 1.847 Thread 0x00007ffaf4473000 Uncommon trap: reason=class_check action=maybe_recompile pc=0x000000011764fe1c method=java.util.HashMap.putVal(ILjava/lang/Object;Ljava/lang/Object;ZZ)Ljava/lang/Object; @ 203
Event: 1.929 Thread 0x00007ffaf51b1800 Uncommon trap: reason=unstable_if action=reinterpret pc=0x000000011778e1e4 method=java.util.concurrent.ConcurrentHashMap.putVal(Ljava/lang/Object;Ljava/lang/Object;Z)Ljava/lang/Object; @ 98
Event: 21.982 Thread 0x00007ffaf4473000 Uncommon trap: reason=unstable_if action=reinterpret pc=0x00000001178a4cf4 method=com.fasterxml.jackson.core.json.UTF8StreamJsonParser.parseLongName(III)Ljava/lang/String; @ 218
Event: 21.989 Thread 0x00007ffaf51fd800 Uncommon trap: reason=bimorphic action=maybe_recompile pc=0x0000000117812a40 method=java.util.regex.Pattern$BmpCharProperty.match(Ljava/util/regex/Matcher;ILjava/lang/CharSequence;)Z @ 31
Event: 21.989 Thread 0x00007ffaf51fd800 Uncommon trap: reason=unstable_if action=reinterpret pc=0x00000001178127b8 method=java.util.regex.Pattern$BmpCharProperty.match(Ljava/util/regex/Matcher;ILjava/lang/CharSequence;)Z @ 5
Event: 37.040 Thread 0x00007ffaf3a12000 Uncommon trap: reason=unstable_if action=reinterpret pc=0x0000000117826e9c method=com.fasterxml.jackson.core.json.UTF8StreamJsonParser._parseName(I)Ljava/lang/String; @ 87
Event: 37.165 Thread 0x00007ffaf4473000 Uncommon trap: reason=unstable_if action=reinterpret pc=0x000000011782f6f0 method=com.fasterxml.jackson.core.json.UTF8StreamJsonParser._parseName(I)Ljava/lang/String; @ 186
Event: 37.167 Thread 0x00007ffaf4473000 Uncommon trap: reason=unstable_if action=reinterpret pc=0x0000000117904864 method=com.fasterxml.jackson.core.sym.ByteQuadsCanonicalizer.findName(II)Ljava/lang/String; @ 36

Classes redefined (0 events):
No events

Internal exceptions (10 events):
Event: 0.478 Thread 0x00007ffaf4001000 Exception <a 'java/security/PrivilegedActionException'> (0x000000076b493af0) thrown at [/Users/java_re/workspace/8-2-build-macosx-x86_64/jdk8u161/10277/hotspot/src/share/vm/prims/jvm.cpp, line 1390]
Event: 0.478 Thread 0x00007ffaf4001000 Exception <a 'java/security/PrivilegedActionException'> (0x000000076b493d00) thrown at [/Users/java_re/workspace/8-2-build-macosx-x86_64/jdk8u161/10277/hotspot/src/share/vm/prims/jvm.cpp, line 1390]
Event: 1.020 Thread 0x00007ffaf4001000 Exception <a 'java/lang/ArrayIndexOutOfBoundsException': 18> (0x000000076c706538) thrown at [/Users/java_re/workspace/8-2-build-macosx-x86_64/jdk8u161/10277/hotspot/src/share/vm/interpreter/interpreterRuntime.cpp, line 366]
Event: 1.021 Thread 0x00007ffaf4001000 Exception <a 'java/lang/ArrayIndexOutOfBoundsException': 110> (0x000000076c707a90) thrown at [/Users/java_re/workspace/8-2-build-macosx-x86_64/jdk8u161/10277/hotspot/src/share/vm/interpreter/interpreterRuntime.cpp, line 366]
Event: 1.153 Thread 0x00007ffaf4001000 Implicit null exception at 0x00000001175af06a to 0x00000001175afaa7
Event: 1.153 Thread 0x00007ffaf4001000 Exception <a 'java/lang/NullPointerException'> (0x000000076cb406c8) thrown at [/Users/java_re/workspace/8-2-build-macosx-x86_64/jdk8u161/10277/hotspot/src/share/vm/runtime/sharedRuntime.cpp, line 605]
Event: 1.565 Thread 0x00007ffaf398c800 Exception <a 'java/lang/NoSuchFieldError': method resolution failed> (0x000000076e1e05a8) thrown at [/Users/java_re/workspace/8-2-build-macosx-x86_64/jdk8u161/10277/hotspot/src/share/vm/prims/methodHandles.cpp, line 1167]
Event: 1.567 Thread 0x00007ffaf398c800 Exception <a 'java/lang/NoSuchFieldError': method resolution failed> (0x000000076e1edc68) thrown at [/Users/java_re/workspace/8-2-build-macosx-x86_64/jdk8u161/10277/hotspot/src/share/vm/prims/methodHandles.cpp, line 1167]
Event: 1.795 Thread 0x00007ffaf4473000 Exception <a 'java/lang/UnsatisfiedLinkError': com.almworks.sqlite4java._SQLiteSwiggedJNI.sqlite3_libversion()Ljava/lang/String;> (0x000000076e78d238) thrown at [/Users/java_re/workspace/8-2-build-macosx-x86_64/jdk8u161/10277/hotspot/src/share/vm/prims/na
Event: 1.823 Thread 0x00007ffaf51b1800 Implicit null exception at 0x000000011774d11b to 0x000000011774d6ed

Events (10 events):
Event: 513.871 Thread 0x00007ffaf4071000 flushing nmethod 0x00000001177ed190
Event: 513.871 Thread 0x00007ffaf4071000 flushing nmethod 0x00000001177f6dd0
Event: 871.165 Executing VM operation: ParallelGCFailedAllocation
Event: 871.167 Executing VM operation: ParallelGCFailedAllocation done
Event: 901.833 Thread 0x00007ffaf5885000 Thread added: 0x00007ffaf5885000
Event: 1217.404 Executing VM operation: ParallelGCFailedAllocation
Event: 1217.406 Executing VM operation: ParallelGCFailedAllocation done
Event: 1351.835 Thread 0x00007ffaf58c4800 Thread added: 0x00007ffaf58c4800
Event: 1561.694 Executing VM operation: ParallelGCFailedAllocation
Event: 1561.695 Executing VM operation: ParallelGCFailedAllocation done


Dynamic libraries:
0x000000002ab6f000 	/System/Library/Frameworks/Cocoa.framework/Versions/A/Cocoa
0x000000002ab6f000 	/System/Library/Frameworks/Security.framework/Versions/A/Security
0x000000002ab6f000 	/System/Library/Frameworks/ApplicationServices.framework/Versions/A/ApplicationServices
0x000000002ab6f000 	/usr/lib/libz.1.dylib
0x000000002ab6f000 	/usr/lib/libSystem.B.dylib
0x000000002ab6f000 	/usr/lib/libobjc.A.dylib
0x000000002ab6f000 	/System/Library/Frameworks/CoreFoundation.framework/Versions/A/CoreFoundation
0x000000002ab6f000 	/System/Library/Frameworks/Foundation.framework/Versions/C/Foundation
0x000000002ab6f000 	/System/Library/Frameworks/AppKit.framework/Versions/C/AppKit
0x000000002ab6f000 	/System/Library/Frameworks/CoreData.framework/Versions/A/CoreData
0x000000002ab6f000 	/System/Library/PrivateFrameworks/RemoteViewServices.framework/Versions/A/RemoteViewServices
0x000000002ab6f000 	/System/Library/PrivateFrameworks/UIFoundation.framework/Versions/A/UIFoundation
0x000000002ab6f000 	/System/Library/PrivateFrameworks/DFRFoundation.framework/Versions/A/DFRFoundation
0x000000002ab6f000 	/System/Library/Frameworks/Metal.framework/Versions/A/Metal
0x000000002ab6f000 	/System/Library/PrivateFrameworks/DesktopServicesPriv.framework/Versions/A/DesktopServicesPriv
0x000000002ab6f000 	/usr/lib/libenergytrace.dylib
0x000000002ab6f000 	/System/Library/PrivateFrameworks/SkyLight.framework/Versions/A/SkyLight
0x000000002ab6f000 	/System/Library/Frameworks/CoreGraphics.framework/Versions/A/CoreGraphics
0x000000002ab6f000 	/usr/lib/libScreenReader.dylib
0x000000002ab6f000 	/System/Library/Frameworks/Accelerate.framework/Versions/A/Accelerate
0x000000002ab6f000 	/System/Library/Frameworks/IOSurface.framework/Versions/A/IOSurface
0x000000002ab6f000 	/System/Library/Frameworks/AudioToolbox.framework/Versions/A/AudioToolbox
0x000000002ab6f000 	/System/Library/Frameworks/AudioUnit.framework/Versions/A/AudioUnit
0x000000002ab6f000 	/System/Library/PrivateFrameworks/DataDetectorsCore.framework/Versions/A/DataDetectorsCore
0x000000002ab6f000 	/System/Library/Frameworks/Carbon.framework/Versions/A/Frameworks/HIToolbox.framework/Versions/A/HIToolbox
0x000000002ab6f000 	/usr/lib/libicucore.A.dylib
0x000000002ab6f000 	/System/Library/Frameworks/QuartzCore.framework/Versions/A/QuartzCore
0x000000002ab6f000 	/System/Library/PrivateFrameworks/SignpostNotification.framework/Versions/A/SignpostNotification
0x000000002ab6f000 	/System/Library/Frameworks/Carbon.framework/Versions/A/Frameworks/SpeechRecognition.framework/Versions/A/SpeechRecognition
0x000000002ab6f000 	/usr/lib/libauto.dylib
0x000000002ab6f000 	/usr/lib/libxml2.2.dylib
0x000000002ab6f000 	/System/Library/PrivateFrameworks/CoreUI.framework/Versions/A/CoreUI
0x000000002ab6f000 	/System/Library/Frameworks/CoreAudio.framework/Versions/A/CoreAudio
0x000000002ab6f000 	/System/Library/Frameworks/DiskArbitration.framework/Versions/A/DiskArbitration
0x000000002ab6f000 	/usr/lib/liblangid.dylib
0x000000002ab6f000 	/System/Library/PrivateFrameworks/MultitouchSupport.framework/Versions/A/MultitouchSupport
0x000000002ab6f000 	/System/Library/Frameworks/IOKit.framework/Versions/A/IOKit
0x000000002ab6f000 	/usr/lib/libDiagnosticMessagesClient.dylib
0x000000002ab6f000 	/System/Library/Frameworks/CoreServices.framework/Versions/A/CoreServices
0x000000002ab6f000 	/System/Library/PrivateFrameworks/PerformanceAnalysis.framework/Versions/A/PerformanceAnalysis
0x000000002ab6f000 	/System/Library/Frameworks/OpenGL.framework/Versions/A/OpenGL
0x000000002ab6f000 	/System/Library/Frameworks/ColorSync.framework/Versions/A/ColorSync
0x000000002ab6f000 	/System/Library/Frameworks/CoreImage.framework/Versions/A/CoreImage
0x000000002ab6f000 	/System/Library/Frameworks/CoreText.framework/Versions/A/CoreText
0x000000002ab6f000 	/System/Library/Frameworks/ImageIO.framework/Versions/A/ImageIO
0x000000002ab6f000 	/System/Library/PrivateFrameworks/Backup.framework/Versions/A/Backup
0x000000002ab6f000 	/usr/lib/libarchive.2.dylib
0x000000002ab6f000 	/System/Library/Frameworks/CFNetwork.framework/Versions/A/CFNetwork
0x000000002ab6f000 	/System/Library/Frameworks/SystemConfiguration.framework/Versions/A/SystemConfiguration
0x000000002ab6f000 	/usr/lib/libCRFSuite.dylib
0x000000002ab6f000 	/usr/lib/libc++.1.dylib
0x000000002ab6f000 	/usr/lib/libc++abi.dylib
0x000000002ab6f000 	/usr/lib/system/libcache.dylib
0x000000002ab6f000 	/usr/lib/system/libcommonCrypto.dylib
0x000000002ab6f000 	/usr/lib/system/libcompiler_rt.dylib
0x000000002ab6f000 	/usr/lib/system/libcopyfile.dylib
0x000000002ab6f000 	/usr/lib/system/libcorecrypto.dylib
0x000000002ab6f000 	/usr/lib/system/libdispatch.dylib
0x000000002ab6f000 	/usr/lib/system/libdyld.dylib
0x000000002ab6f000 	/usr/lib/system/libkeymgr.dylib
0x000000002ab6f000 	/usr/lib/system/liblaunch.dylib
0x000000002ab6f000 	/usr/lib/system/libmacho.dylib
0x000000002ab6f000 	/usr/lib/system/libquarantine.dylib
0x000000002ab6f000 	/usr/lib/system/libremovefile.dylib
0x000000002ab6f000 	/usr/lib/system/libsystem_asl.dylib
0x000000002ab6f000 	/usr/lib/system/libsystem_blocks.dylib
0x000000002ab6f000 	/usr/lib/system/libsystem_c.dylib
0x000000002ab6f000 	/usr/lib/system/libsystem_configuration.dylib
0x000000002ab6f000 	/usr/lib/system/libsystem_coreservices.dylib
0x000000002ab6f000 	/usr/lib/system/libsystem_darwin.dylib
0x000000002ab6f000 	/usr/lib/system/libsystem_dnssd.dylib
0x000000002ab6f000 	/usr/lib/system/libsystem_info.dylib
0x000000002ab6f000 	/usr/lib/system/libsystem_m.dylib
0x000000002ab6f000 	/usr/lib/system/libsystem_malloc.dylib
0x000000002ab6f000 	/usr/lib/system/libsystem_network.dylib
0x000000002ab6f000 	/usr/lib/system/libsystem_networkextension.dylib
0x000000002ab6f000 	/usr/lib/system/libsystem_notify.dylib
0x000000002ab6f000 	/usr/lib/system/libsystem_sandbox.dylib
0x000000002ab6f000 	/usr/lib/system/libsystem_secinit.dylib
0x000000002ab6f000 	/usr/lib/system/libsystem_kernel.dylib
0x000000002ab6f000 	/usr/lib/system/libsystem_platform.dylib
0x000000002ab6f000 	/usr/lib/system/libsystem_pthread.dylib
0x000000002ab6f000 	/usr/lib/system/libsystem_symptoms.dylib
0x000000002ab6f000 	/usr/lib/system/libsystem_trace.dylib
0x000000002ab6f000 	/usr/lib/system/libunwind.dylib
0x000000002ab6f000 	/usr/lib/system/libxpc.dylib
0x000000002ab6f000 	/usr/lib/closure/libclosured.dylib
0x000000002ab6f000 	/usr/lib/libbsm.0.dylib
0x000000002ab6f000 	/usr/lib/system/libkxld.dylib
0x000000002ab6f000 	/usr/lib/libOpenScriptingUtil.dylib
0x000000002ab6f000 	/usr/lib/libcoretls.dylib
0x000000002ab6f000 	/usr/lib/libcoretls_cfhelpers.dylib
0x000000002ab6f000 	/usr/lib/libpam.2.dylib
0x000000002ab6f000 	/usr/lib/libsqlite3.dylib
0x000000002ab6f000 	/usr/lib/libxar.1.dylib
0x000000002ab6f000 	/usr/lib/libbz2.1.0.dylib
0x000000002ab6f000 	/usr/lib/liblzma.5.dylib
0x000000002ab6f000 	/usr/lib/libnetwork.dylib
0x000000002ab6f000 	/usr/lib/libapple_nghttp2.dylib
0x000000002ab6f000 	/usr/lib/libpcap.A.dylib
0x000000002ab6f000 	/usr/lib/libboringssl.dylib
0x000000002ab6f000 	/usr/lib/libusrtcp.dylib
0x000000002ab6f000 	/usr/lib/libapple_crypto.dylib
0x000000002ab6f000 	/System/Library/Frameworks/CoreServices.framework/Versions/A/Frameworks/FSEvents.framework/Versions/A/FSEvents
0x000000002ab6f000 	/System/Library/Frameworks/CoreServices.framework/Versions/A/Frameworks/CarbonCore.framework/Versions/A/CarbonCore
0x000000002ab6f000 	/System/Library/Frameworks/CoreServices.framework/Versions/A/Frameworks/Metadata.framework/Versions/A/Metadata
0x000000002ab6f000 	/System/Library/Frameworks/CoreServices.framework/Versions/A/Frameworks/OSServices.framework/Versions/A/OSServices
0x000000002ab6f000 	/System/Library/Frameworks/CoreServices.framework/Versions/A/Frameworks/SearchKit.framework/Versions/A/SearchKit
0x000000002ab6f000 	/System/Library/Frameworks/CoreServices.framework/Versions/A/Frameworks/AE.framework/Versions/A/AE
0x000000002ab6f000 	/System/Library/Frameworks/CoreServices.framework/Versions/A/Frameworks/LaunchServices.framework/Versions/A/LaunchServices
0x000000002ab6f000 	/System/Library/Frameworks/CoreServices.framework/Versions/A/Frameworks/DictionaryServices.framework/Versions/A/DictionaryServices
0x000000002ab6f000 	/System/Library/Frameworks/CoreServices.framework/Versions/A/Frameworks/SharedFileList.framework/Versions/A/SharedFileList
0x000000002ab6f000 	/System/Library/Frameworks/NetFS.framework/Versions/A/NetFS
0x000000002ab6f000 	/System/Library/PrivateFrameworks/NetAuth.framework/Versions/A/NetAuth
0x000000002ab6f000 	/System/Library/PrivateFrameworks/login.framework/Versions/A/Frameworks/loginsupport.framework/Versions/A/loginsupport
0x000000002ab6f000 	/System/Library/PrivateFrameworks/TCC.framework/Versions/A/TCC
0x000000002ab6f000 	/usr/lib/libmecabra.dylib
0x000000002ab6f000 	/System/Library/Frameworks/ApplicationServices.framework/Versions/A/Frameworks/ATS.framework/Versions/A/ATS
0x000000002ab6f000 	/System/Library/Frameworks/ApplicationServices.framework/Versions/A/Frameworks/ColorSyncLegacy.framework/Versions/A/ColorSyncLegacy
0x000000002ab6f000 	/System/Library/Frameworks/ApplicationServices.framework/Versions/A/Frameworks/HIServices.framework/Versions/A/HIServices
0x000000002ab6f000 	/System/Library/Frameworks/ApplicationServices.framework/Versions/A/Frameworks/LangAnalysis.framework/Versions/A/LangAnalysis
0x000000002ab6f000 	/System/Library/Frameworks/ApplicationServices.framework/Versions/A/Frameworks/PrintCore.framework/Versions/A/PrintCore
0x000000002ab6f000 	/System/Library/Frameworks/ApplicationServices.framework/Versions/A/Frameworks/QD.framework/Versions/A/QD
0x000000002ab6f000 	/System/Library/Frameworks/ApplicationServices.framework/Versions/A/Frameworks/SpeechSynthesis.framework/Versions/A/SpeechSynthesis
0x000000002ab6f000 	/System/Library/Frameworks/CoreDisplay.framework/Versions/A/CoreDisplay
0x000000002ab6f000 	/System/Library/Frameworks/Accelerate.framework/Versions/A/Frameworks/vImage.framework/Versions/A/vImage
0x000000002ab6f000 	/System/Library/Frameworks/Accelerate.framework/Versions/A/Frameworks/vecLib.framework/Versions/A/vecLib
0x000000002ab6f000 	/System/Library/Frameworks/Accelerate.framework/Versions/A/Frameworks/vecLib.framework/Versions/A/libvDSP.dylib
0x000000002ab6f000 	/System/Library/Frameworks/Accelerate.framework/Versions/A/Frameworks/vecLib.framework/Versions/A/libBNNS.dylib
0x000000002ab6f000 	/System/Library/Frameworks/Accelerate.framework/Versions/A/Frameworks/vecLib.framework/Versions/A/libQuadrature.dylib
0x000000002ab6f000 	/System/Library/Frameworks/Accelerate.framework/Versions/A/Frameworks/vecLib.framework/Versions/A/libvMisc.dylib
0x000000002ab6f000 	/System/Library/Frameworks/Accelerate.framework/Versions/A/Frameworks/vecLib.framework/Versions/A/libLAPACK.dylib
0x000000002ab6f000 	/System/Library/Frameworks/Accelerate.framework/Versions/A/Frameworks/vecLib.framework/Versions/A/libBLAS.dylib
0x000000002ab6f000 	/System/Library/Frameworks/Accelerate.framework/Versions/A/Frameworks/vecLib.framework/Versions/A/libLinearAlgebra.dylib
0x000000002ab6f000 	/System/Library/Frameworks/Accelerate.framework/Versions/A/Frameworks/vecLib.framework/Versions/A/libSparse.dylib
0x000000002ab6f000 	/System/Library/Frameworks/Accelerate.framework/Versions/A/Frameworks/vecLib.framework/Versions/A/libSparseBLAS.dylib
0x000000002ab6f000 	/System/Library/PrivateFrameworks/GPUWrangler.framework/Versions/A/GPUWrangler
0x000000002ab6f000 	/System/Library/PrivateFrameworks/IOAccelerator.framework/Versions/A/IOAccelerator
0x000000002ab6f000 	/System/Library/PrivateFrameworks/IOPresentment.framework/Versions/A/IOPresentment
0x000000002ab6f000 	/System/Library/PrivateFrameworks/DSExternalDisplay.framework/Versions/A/DSExternalDisplay
0x000000002ab6f000 	/System/Library/Frameworks/OpenGL.framework/Versions/A/Libraries/libCoreFSCache.dylib
0x000000002ab6f000 	/System/Library/Frameworks/CoreVideo.framework/Versions/A/CoreVideo
0x000000002ab6f000 	/System/Library/PrivateFrameworks/GraphVisualizer.framework/Versions/A/GraphVisualizer
0x000000002ab6f000 	/System/Library/Frameworks/MetalPerformanceShaders.framework/Versions/A/MetalPerformanceShaders
0x000000002ab6f000 	/usr/lib/libFosl_dynamic.dylib
0x000000002ab6f000 	/System/Library/PrivateFrameworks/FaceCore.framework/Versions/A/FaceCore
0x000000002ab6f000 	/System/Library/Frameworks/OpenCL.framework/Versions/A/OpenCL
0x000000002ab6f000 	/usr/lib/libcompression.dylib
0x000000002ab6f000 	/System/Library/Frameworks/ApplicationServices.framework/Versions/A/Frameworks/ATS.framework/Versions/A/Resources/libFontParser.dylib
0x000000002ab6f000 	/System/Library/Frameworks/ApplicationServices.framework/Versions/A/Frameworks/ATS.framework/Versions/A/Resources/libFontRegistry.dylib
0x000000002ab6f000 	/System/Library/Frameworks/ImageIO.framework/Versions/A/Resources/libJPEG.dylib
0x000000002ab6f000 	/System/Library/Frameworks/ImageIO.framework/Versions/A/Resources/libTIFF.dylib
0x000000002ab6f000 	/System/Library/Frameworks/ImageIO.framework/Versions/A/Resources/libPng.dylib
0x000000002ab6f000 	/System/Library/Frameworks/ImageIO.framework/Versions/A/Resources/libGIF.dylib
0x000000002ab6f000 	/System/Library/Frameworks/ImageIO.framework/Versions/A/Resources/libJP2.dylib
0x000000002ab6f000 	/System/Library/Frameworks/ImageIO.framework/Versions/A/Resources/libRadiance.dylib
0x000000002ab6f000 	/System/Library/PrivateFrameworks/AppleJPEG.framework/Versions/A/AppleJPEG
0x000000002ab6f000 	/System/Library/Frameworks/MetalPerformanceShaders.framework/Frameworks/MPSCore.framework/Versions/A/MPSCore
0x000000002ab6f000 	/System/Library/Frameworks/MetalPerformanceShaders.framework/Frameworks/MPSImage.framework/Versions/A/MPSImage
0x000000002ab6f000 	/System/Library/Frameworks/MetalPerformanceShaders.framework/Frameworks/MPSNeuralNetwork.framework/Versions/A/MPSNeuralNetwork
0x000000002ab6f000 	/System/Library/Frameworks/MetalPerformanceShaders.framework/Frameworks/MPSMatrix.framework/Versions/A/MPSMatrix
0x000000002ab6f000 	/System/Library/PrivateFrameworks/MetalTools.framework/Versions/A/MetalTools
0x000000002ab6f000 	/System/Library/Frameworks/OpenGL.framework/Versions/A/Libraries/libGLU.dylib
0x000000002ab6f000 	/System/Library/Frameworks/OpenGL.framework/Versions/A/Libraries/libGFXShared.dylib
0x000000002ab6f000 	/System/Library/Frameworks/OpenGL.framework/Versions/A/Libraries/libGL.dylib
0x000000002ab6f000 	/System/Library/Frameworks/OpenGL.framework/Versions/A/Libraries/libGLImage.dylib
0x000000002ab6f000 	/System/Library/Frameworks/OpenGL.framework/Versions/A/Libraries/libCVMSPluginSupport.dylib
0x000000002ab6f000 	/System/Library/Frameworks/OpenGL.framework/Versions/A/Libraries/libCoreVMClient.dylib
0x000000002ab6f000 	/usr/lib/libcups.2.dylib
0x000000002ab6f000 	/System/Library/Frameworks/Kerberos.framework/Versions/A/Kerberos
0x000000002ab6f000 	/System/Library/Frameworks/GSS.framework/Versions/A/GSS
0x000000002ab6f000 	/usr/lib/libresolv.9.dylib
0x000000002ab6f000 	/usr/lib/libiconv.2.dylib
0x000000002ab6f000 	/System/Library/PrivateFrameworks/Heimdal.framework/Versions/A/Heimdal
0x000000002ab6f000 	/usr/lib/libheimdal-asn1.dylib
0x000000002ab6f000 	/System/Library/Frameworks/OpenDirectory.framework/Versions/A/OpenDirectory
0x000000002ab6f000 	/System/Library/PrivateFrameworks/CommonAuth.framework/Versions/A/CommonAuth
0x000000002ab6f000 	/System/Library/Frameworks/OpenDirectory.framework/Versions/A/Frameworks/CFOpenDirectory.framework/Versions/A/CFOpenDirectory
0x000000002ab6f000 	/System/Library/Frameworks/SecurityFoundation.framework/Versions/A/SecurityFoundation
0x000000002ab6f000 	/System/Library/PrivateFrameworks/APFS.framework/Versions/A/APFS
0x000000002ab6f000 	/usr/lib/libutil.dylib
0x000000002ab6f000 	/System/Library/PrivateFrameworks/AppleSauce.framework/Versions/A/AppleSauce
0x000000002ab6f000 	/System/Library/PrivateFrameworks/LinguisticData.framework/Versions/A/LinguisticData
0x000000002ab6f000 	/usr/lib/libmarisa.dylib
0x000000002ab6f000 	/System/Library/PrivateFrameworks/Lexicon.framework/Versions/A/Lexicon
0x000000002ab6f000 	/usr/lib/libChineseTokenizer.dylib
0x000000002ab6f000 	/usr/lib/libcmph.dylib
0x000000002ab6f000 	/System/Library/PrivateFrameworks/LanguageModeling.framework/Versions/A/LanguageModeling
0x000000002ab6f000 	/System/Library/PrivateFrameworks/CoreEmoji.framework/Versions/A/CoreEmoji
0x000000002ab6f000 	/System/Library/Frameworks/ServiceManagement.framework/Versions/A/ServiceManagement
0x000000002ab6f000 	/System/Library/PrivateFrameworks/BackgroundTaskManagement.framework/Versions/A/BackgroundTaskManagement
0x000000002ab6f000 	/usr/lib/libxslt.1.dylib
0x000000002ab6f000 	/System/Library/Frameworks/Carbon.framework/Versions/A/Frameworks/Ink.framework/Versions/A/Ink
0x000000002ab6f000 	/System/Library/PrivateFrameworks/TextureIO.framework/Versions/A/TextureIO
0x000000002ab6f000 	/usr/lib/libate.dylib
0x000000002ab6f000 	/System/Library/PrivateFrameworks/CrashReporterSupport.framework/Versions/A/CrashReporterSupport
0x000000002ab6f000 	/System/Library/PrivateFrameworks/Sharing.framework/Versions/A/Sharing
0x000000002ab6f000 	/System/Library/PrivateFrameworks/IconServices.framework/Versions/A/IconServices
0x000000002ab6f000 	/System/Library/PrivateFrameworks/Apple80211.framework/Versions/A/Apple80211
0x000000002ab6f000 	/System/Library/PrivateFrameworks/CoreUtils.framework/Versions/A/CoreUtils
0x000000002ab6f000 	/System/Library/Frameworks/CoreWLAN.framework/Versions/A/CoreWLAN
0x000000002ab6f000 	/System/Library/Frameworks/IOBluetooth.framework/Versions/A/IOBluetooth
0x000000002ab6f000 	/System/Library/PrivateFrameworks/ProtocolBuffer.framework/Versions/A/ProtocolBuffer
0x000000002ab6f000 	/System/Library/PrivateFrameworks/CoreWiFi.framework/Versions/A/CoreWiFi
0x000000002ab6f000 	/System/Library/Frameworks/CoreBluetooth.framework/Versions/A/CoreBluetooth
0x000000002ab6f000 	/System/Library/PrivateFrameworks/DebugSymbols.framework/Versions/A/DebugSymbols
0x000000002ab6f000 	/System/Library/PrivateFrameworks/CoreSymbolication.framework/Versions/A/CoreSymbolication
0x000000002ab6f000 	/System/Library/PrivateFrameworks/Symbolication.framework/Versions/A/Symbolication
0x000000002ab6f000 	/System/Library/PrivateFrameworks/AppleFSCompression.framework/Versions/A/AppleFSCompression
0x000000002ab6f000 	/System/Library/PrivateFrameworks/SpeechRecognitionCore.framework/Versions/A/SpeechRecognitionCore
0x0000000109a00000 	/Library/Java/JavaVirtualMachines/jdk1.8.0_161.jdk/Contents/Home/jre/lib/server/libjvm.dylib
0x000000002ab6f000 	/usr/lib/libstdc++.6.0.9.dylib
0x000000010889b000 	/Library/Java/JavaVirtualMachines/jdk1.8.0_161.jdk/Contents/Home/jre/lib/libverify.dylib
0x00000001088a9000 	/Library/Java/JavaVirtualMachines/jdk1.8.0_161.jdk/Contents/Home/jre/lib/libjava.dylib
0x0000000108929000 	/Library/Java/JavaVirtualMachines/jdk1.8.0_161.jdk/Contents/Home/jre/lib/libzip.dylib
0x0000000116e74000 	/Library/Java/JavaVirtualMachines/jdk1.8.0_161.jdk/Contents/Home/jre/lib/libmanagement.dylib
0x0000000116e82000 	/Library/Java/JavaVirtualMachines/jdk1.8.0_161.jdk/Contents/Home/jre/lib/libnet.dylib
0x00000001170fc000 	/Library/Java/JavaVirtualMachines/jdk1.8.0_161.jdk/Contents/Home/jre/lib/libnio.dylib
0x000000011710c000 	/Users/roberthunter/DEV/AMNE/api.amne.co/dynamodblocal-bin/DynamoDBLocal_lib/libsqlite4java-osx.dylib
0x000000002ab6f000 	/System/Library/Frameworks/JavaVM.framework/Versions/A/JavaVM
0x000000002ab6f000 	/System/Library/PrivateFrameworks/JavaLaunching.framework/Versions/A/JavaLaunching

VM Arguments:
jvm_args: -Djava.library.path=./DynamoDBLocal_lib 
java_command: DynamoDBLocal.jar -port 5102 -sharedDb -dbPath ../../db-local
java_class_path (initial): DynamoDBLocal.jar
Launcher Type: SUN_STANDARD

Environment Variables:
PATH=/usr/local/lib/node_modules/npm/node_modules/npm-lifecycle/node-gyp-bin:/Users/roberthunter/DEV/AMNE/api.amne.co/node_modules/.bin:/Library/Frameworks/Python.framework/Versions/3.7/bin:/usr/local/bin:/usr/bin:/bin:/usr/sbin:/sbin:/Library/Python/2.7/bin:/usr/local/bin:/usr/bin:/bin:/usr/sbin:/sbin
SHELL=/bin/bash

Signal Handlers:
SIGSEGV: [libjvm.dylib+0x5b5439], sa_mask[0]=11111111011111110111111111111111, sa_flags=SA_ONSTACK|SA_RESTART|SA_SIGINFO
SIGBUS: [libjvm.dylib+0x5b5439], sa_mask[0]=11111111011111110111111111111111, sa_flags=SA_RESTART|SA_SIGINFO
SIGFPE: [libjvm.dylib+0x48ae24], sa_mask[0]=11111111011111110111111111111111, sa_flags=SA_RESTART|SA_SIGINFO
SIGPIPE: [libjvm.dylib+0x48ae24], sa_mask[0]=11111111011111110111111111111111, sa_flags=SA_RESTART|SA_SIGINFO
SIGXFSZ: [libjvm.dylib+0x48ae24], sa_mask[0]=11111111011111110111111111111111, sa_flags=SA_RESTART|SA_SIGINFO
SIGILL: [libjvm.dylib+0x48ae24], sa_mask[0]=11111111011111110111111111111111, sa_flags=SA_RESTART|SA_SIGINFO
SIGUSR1: SIG_DFL, sa_mask[0]=00000000000000000000000000000000, sa_flags=SA_RESTART
SIGUSR2: [libjvm.dylib+0x48a942], sa_mask[0]=00000000000000000000000000000000, sa_flags=SA_RESTART|SA_SIGINFO
SIGHUP: [libjvm.dylib+0x488f0d], sa_mask[0]=11111111011111110111111111111111, sa_flags=SA_RESTART|SA_SIGINFO
SIGINT: [libjvm.dylib+0x488f0d], sa_mask[0]=11111111011111110111111111111111, sa_flags=SA_RESTART|SA_SIGINFO
SIGTERM: [libjvm.dylib+0x488f0d], sa_mask[0]=11111111011111110111111111111111, sa_flags=SA_RESTART|SA_SIGINFO
SIGQUIT: [libjvm.dylib+0x488f0d], sa_mask[0]=11111111011111110111111111111111, sa_flags=SA_RESTART|SA_SIGINFO


---------------  S Y S T E M  ---------------

OS:Bsduname:Darwin 17.5.0 Darwin Kernel Version 17.5.0: Mon Mar  5 22:24:32 PST 2018; root:xnu-4570.51.1~1/RELEASE_X86_64 x86_64
rlimit: STACK 8192k, CORE 0k, NPROC 1418, NOFILE 10240, AS infinity
load average:2.41 2.35 2.38

CPU:total 8 (initial active 8) (4 cores per cpu, 2 threads per core) family 6 model 94 stepping 3, cmov, cx8, fxsr, mmx, sse, sse2, sse3, ssse3, sse4.1, sse4.2, popcnt, avx, avx2, aes, clmul, erms, rtm, 3dnowpref, lzcnt, ht, tsc, tscinvbit, bmi1, bmi2, adx

Memory: 4k page, physical 16777216k(159416k free)

/proc/meminfo:


vm_info: Java HotSpot(TM) 64-Bit Server VM (25.161-b12) for bsd-amd64 JRE (1.8.0_161-b12), built on Dec 19 2017 16:22:20 by "java_re" with gcc 4.2.1 (Based on Apple Inc. build 5658) (LLVM build 2336.11.00)

time: Tue May  1 14:39:28 2018
elapsed time: 1791 seconds (0d 0h 29m 51s)

