#
# A fatal error has been detected by the Java Runtime Environment:
#
#  SIGSEGV (0xb) at pc=0x000000010ae8a970, pid=26618, tid=0x0000000000000307
#
# JRE version: Java(TM) SE Runtime Environment (8.0_161-b12) (build 1.8.0_161-b12)
# Java VM: Java HotSpot(TM) 64-Bit Server VM (25.161-b12 mixed mode bsd-amd64 compressed oops)
# Problematic frame:
# V  [libjvm.dylib+0x48a970]
#
# Failed to write core dump. Core dumps have been disabled. To enable core dumping, try "ulimit -c unlimited" before starting Java again
#
# If you would like to submit a bug report, please visit:
#   http://bugreport.java.com/bugreport/crash.jsp
#

---------------  T H R E A D  ---------------

Current thread is native thread

siginfo: si_signo: 11 (SIGSEGV), si_code: 1 (SEGV_MAPERR), si_addr: 0x0000000000000128

Registers:
RAX=0x0000000000000000, RBX=0x00007ffee63235f0, RCX=0x00007fffa449d388, RDX=0x00007ffee63235f0
RSP=0x00007ffee6323120, RBP=0x00007ffee6323150, RSI=0x00007ffee6323588, RDI=0x0000000000000109
R8 =0x00007ffee63235f0, R9 =0x00000000ffffffff, R10=0x0000000000000c00, R11=0x0000000000000206
R12=0x0000000000000c00, R13=0x0000000007000806, R14=0x00007ffee6323588, R15=0x0000000000000002
RIP=0x000000010ae8a970, EFLAGS=0x0000000000010206, ERR=0x0000000000000004
  TRAPNO=0x000000000000000e

Top of Stack: (sp=0x00007ffee6323120)
0x00007ffee6323120:   000000005a61a038 00007ffee63235f0
0x00007ffee6323130:   0000000000000c00 0000000007000806
0x00007ffee6323140:   00007ffee6323860 00000000ffffffff
0x00007ffee6323150:   00007ffee6323160 00007fff6b6d7f5a
0x00007ffee6323160:   00007ffee6323700 0000000000000000
0x00007ffee6323170:   0000000000000000 0000000000000000
0x00007ffee6323180:   0100001f00000085 ffffff803231c000
0x00007ffee6323190:   0000000010004005 0000000007000806
0x00007ffee63231a0:   00007ffee63236a8 0000000000000000
0x00007ffee63231b0:   00007ffee6323860 0000000007000806
0x00007ffee63231c0:   00007ffee6323700 00007ffee63236a8
0x00007ffee63231d0:   0000000000000a03 00000000ffffffff
0x00007ffee63231e0:   0000000000000c00 0000000000000206
0x00007ffee63231f0:   0000000000000c00 0000000007000806
0x00007ffee6323200:   00007ffee6323860 00000000ffffffff
0x00007ffee6323210:   00007fff6b59c7c2 0000000000000206
0x00007ffee6323220:   0000000000000007 0000000000000000
0x00007ffee6323230:   0000000000000000 0000000000000000
0x00007ffee6323240:   000000000000037f 0000000000000000
0x00007ffee6323250:   0000000000000000 0000ffff00001fa1
0x00007ffee6323260:   000000000002cd37 000000000000ffff
0x00007ffee6323270:   0001ffffed351bef 000000000000ffff
0x00007ffee6323280:   000000000001ffff 000000000000ffff
0x00007ffee6323290:   0000000000000000 0000000000000000
0x00007ffee63232a0:   0000000000000000 0000000000000000
0x00007ffee63232b0:   00000000ff73ff94 000000000000ffff
0x00007ffee63232c0:   000000001289706e 000000000000ffff
0x00007ffee63232d0:   00000000ff700000 000000000000ffff
0x00007ffee63232e0:   41c047bc3face148 0000000000000000
0x00007ffee63232f0:   3fd670a3d70a3d70 0000000000000000
0x00007ffee6323300:   4415af1d78b58c40 0000000000000000
0x00007ffee6323310:   c3e0000000000000 0000000000000000 

Instructions: (pc=0x000000010ae8a970)
0x000000010ae8a950:   83 ec 08 48 89 d3 49 89 f6 e8 bc 46 14 00 44 8b
0x000000010ae8a960:   38 48 8d 05 a8 18 3b 00 48 63 38 e8 8c 49 14 00
0x000000010ae8a970:   4c 8b a0 28 01 00 00 41 83 7c 24 34 01 0f 85 e2
0x000000010ae8a980:   00 00 00 49 89 5c 24 40 4d 89 74 24 38 49 8d 5c 

Register to memory mapping:

RAX=0x0000000000000000 is an unknown value
RBX=0x00007ffee63235f0 is an unknown value
RCX=0x00007fffa449d388: _thread+0x48 in /usr/lib/system/libsystem_pthread.dylib at 0x00007fff6b6de000
RDX=0x00007ffee63235f0 is an unknown value
RSP=0x00007ffee6323120 is an unknown value
RBP=0x00007ffee6323150 is an unknown value
RSI=0x00007ffee6323588 is an unknown value
RDI=0x0000000000000109 is an unknown value
R8 =0x00007ffee63235f0 is an unknown value
R9 =0x00000000ffffffff is an unknown value
R10=0x0000000000000c00 is an unknown value
R11=0x0000000000000206 is an unknown value
R12=0x0000000000000c00 is an unknown value
R13=0x0000000007000806 is an unknown value
R14=0x00007ffee6323588 is an unknown value
R15=0x0000000000000002 is an unknown value


Stack: [0x00007ffee5b29000,0x00007ffee6329000],  sp=0x00007ffee6323120,  free space=8168k
Native frames: (J=compiled Java code, j=interpreted, Vv=VM code, C=native code)
V  [libjvm.dylib+0x48a970]
C  [libsystem_platform.dylib+0x1f5a]  _sigtramp+0x1a
C  0x0000000000000000
C  [CoreFoundation+0x86575]  __CFRunLoopServiceMachPort+0x155
C  [CoreFoundation+0x858c7]  __CFRunLoopRun+0x6f7
C  [CoreFoundation+0x84f43]  CFRunLoopRunSpecific+0x1e3
C  [java+0x647a]  CreateExecutionEnvironment+0x367
C  [java+0x212c]  JLI_Launch+0x7a0
C  [java+0x84d7]  main+0x65
C  [java+0x1984]  start+0x34


---------------  P R O C E S S  ---------------

VM state:not at safepoint (normal execution)

VM Mutex/Monitor currently owned by a thread: None

Heap:
 PSYoungGen      total 31744K, used 13156K [0x000000076ab00000, 0x000000076dc00000, 0x00000007c0000000)
  eden space 31232K, 41% used [0x000000076ab00000,0x000000076b7b90f0,0x000000076c980000)
  from space 512K, 25% used [0x000000076db00000,0x000000076db20000,0x000000076db80000)
  to   space 512K, 0% used [0x000000076db80000,0x000000076db80000,0x000000076dc00000)
 ParOldGen       total 175104K, used 40849K [0x00000006c0000000, 0x00000006cab00000, 0x000000076ab00000)
  object space 175104K, 23% used [0x00000006c0000000,0x00000006c27e4520,0x00000006cab00000)
 Metaspace       used 20791K, capacity 21108K, committed 21248K, reserved 1069056K
  class space    used 2430K, capacity 2521K, committed 2560K, reserved 1048576K

Card table byte_map: [0x000000010bd6e000,0x000000010c56f000] byte_map_base: 0x000000010876e000

Marking Bits: (ParMarkBitMap*) 0x000000010b2f76c0
 Begin Bits: [0x0000000120ff4000, 0x0000000124ff4000)
 End Bits:   [0x0000000124ff4000, 0x0000000128ff4000)

Polling page: 0x000000010998e000

CodeCache: size=245760Kb used=6462Kb max_used=6843Kb free=239297Kb
 bounds [0x0000000111ff4000, 0x00000001126d4000, 0x0000000120ff4000]
 total_blobs=2399 nmethods=1960 adapters=352
 compilation: enabled

Compilation events (10 events):
Event: 34054.369 Thread 0x00007ff0dc008800 2439       1       java.util.concurrent.locks.LockSupport::setBlocker (12 bytes)
Event: 34054.369 Thread 0x00007ff0dc008800 nmethod 2439 0x000000011219fa90 code [0x000000011219fbe0, 0x000000011219fcf0]
Event: 34861.107 Thread 0x00007ff0de816000 2440       4       java.util.concurrent.locks.AbstractQueuedSynchronizer$ConditionObject::awaitNanos (156 bytes)
Event: 34861.148 Thread 0x00007ff0de816000 nmethod 2440 0x000000011224f090 code [0x000000011224f2c0, 0x000000011224fdd0]
Event: 37351.977 Thread 0x00007ff0dc008800 2441       3       java.util.concurrent.ThreadPoolExecutor::workerCountOf (5 bytes)
Event: 37351.978 Thread 0x00007ff0dc008800 nmethod 2441 0x000000011257ebd0 code [0x000000011257ed20, 0x000000011257ee50]
Event: 37351.978 Thread 0x00007ff0de814000 2442   !   4       java.util.Formatter::format (271 bytes)
Event: 37352.179 Thread 0x00007ff0de814000 nmethod 2442 0x00000001125d2910 code [0x00000001125d3060, 0x00000001125d6c00]
Event: 40209.335 Thread 0x00007ff0df807800 2443 % !   4       org.eclipse.jetty.util.thread.QueuedThreadPool$3::run @ 18 (466 bytes)
Event: 40209.386 Thread 0x00007ff0df807800 nmethod 2443% 0x00000001125cee50 code [0x00000001125cf1e0, 0x00000001125d0818]

GC Heap History (10 events):
Event: 41670.005 GC heap before
{Heap before GC invocations=365 (full 0):
 PSYoungGen      total 31744K, used 31424K [0x000000076ab00000, 0x000000076dc00000, 0x00000007c0000000)
  eden space 31232K, 100% used [0x000000076ab00000,0x000000076c980000,0x000000076c980000)
  from space 512K, 37% used [0x000000076db80000,0x000000076dbb0000,0x000000076dc00000)
  to   space 512K, 0% used [0x000000076db00000,0x000000076db00000,0x000000076db80000)
 ParOldGen       total 175104K, used 40817K [0x00000006c0000000, 0x00000006cab00000, 0x000000076ab00000)
  object space 175104K, 23% used [0x00000006c0000000,0x00000006c27dc520,0x00000006cab00000)
 Metaspace       used 20791K, capacity 21108K, committed 21248K, reserved 1069056K
  class space    used 2430K, capacity 2521K, committed 2560K, reserved 1048576K
Event: 41670.006 GC heap after
Heap after GC invocations=365 (full 0):
 PSYoungGen      total 31744K, used 192K [0x000000076ab00000, 0x000000076dc00000, 0x00000007c0000000)
  eden space 31232K, 0% used [0x000000076ab00000,0x000000076ab00000,0x000000076c980000)
  from space 512K, 37% used [0x000000076db00000,0x000000076db30000,0x000000076db80000)
  to   space 512K, 0% used [0x000000076db80000,0x000000076db80000,0x000000076dc00000)
 ParOldGen       total 175104K, used 40817K [0x00000006c0000000, 0x00000006cab00000, 0x000000076ab00000)
  object space 175104K, 23% used [0x00000006c0000000,0x00000006c27dc520,0x00000006cab00000)
 Metaspace       used 20791K, capacity 21108K, committed 21248K, reserved 1069056K
  class space    used 2430K, capacity 2521K, committed 2560K, reserved 1048576K
}
Event: 41766.751 GC heap before
{Heap before GC invocations=366 (full 0):
 PSYoungGen      total 31744K, used 31424K [0x000000076ab00000, 0x000000076dc00000, 0x00000007c0000000)
  eden space 31232K, 100% used [0x000000076ab00000,0x000000076c980000,0x000000076c980000)
  from space 512K, 37% used [0x000000076db00000,0x000000076db30000,0x000000076db80000)
  to   space 512K, 0% used [0x000000076db80000,0x000000076db80000,0x000000076dc00000)
 ParOldGen       total 175104K, used 40817K [0x00000006c0000000, 0x00000006cab00000, 0x000000076ab00000)
  object space 175104K, 23% used [0x00000006c0000000,0x00000006c27dc520,0x00000006cab00000)
 Metaspace       used 20791K, capacity 21108K, committed 21248K, reserved 1069056K
  class space    used 2430K, capacity 2521K, committed 2560K, reserved 1048576K
Event: 41766.753 GC heap after
Heap after GC invocations=366 (full 0):
 PSYoungGen      total 31744K, used 128K [0x000000076ab00000, 0x000000076dc00000, 0x00000007c0000000)
  eden space 31232K, 0% used [0x000000076ab00000,0x000000076ab00000,0x000000076c980000)
  from space 512K, 25% used [0x000000076db80000,0x000000076dba0000,0x000000076dc00000)
  to   space 512K, 0% used [0x000000076db00000,0x000000076db00000,0x000000076db80000)
 ParOldGen       total 175104K, used 40817K [0x00000006c0000000, 0x00000006cab00000, 0x000000076ab00000)
  object space 175104K, 23% used [0x00000006c0000000,0x00000006c27dc520,0x00000006cab00000)
 Metaspace       used 20791K, capacity 21108K, committed 21248K, reserved 1069056K
  class space    used 2430K, capacity 2521K, committed 2560K, reserved 1048576K
}
Event: 41862.653 GC heap before
{Heap before GC invocations=367 (full 0):
 PSYoungGen      total 31744K, used 31360K [0x000000076ab00000, 0x000000076dc00000, 0x00000007c0000000)
  eden space 31232K, 100% used [0x000000076ab00000,0x000000076c980000,0x000000076c980000)
  from space 512K, 25% used [0x000000076db80000,0x000000076dba0000,0x000000076dc00000)
  to   space 512K, 0% used [0x000000076db00000,0x000000076db00000,0x000000076db80000)
 ParOldGen       total 175104K, used 40817K [0x00000006c0000000, 0x00000006cab00000, 0x000000076ab00000)
  object space 175104K, 23% used [0x00000006c0000000,0x00000006c27dc520,0x00000006cab00000)
 Metaspace       used 20791K, capacity 21108K, committed 21248K, reserved 1069056K
  class space    used 2430K, capacity 2521K, committed 2560K, reserved 1048576K
Event: 41862.655 GC heap after
Heap after GC invocations=367 (full 0):
 PSYoungGen      total 31744K, used 224K [0x000000076ab00000, 0x000000076dc00000, 0x00000007c0000000)
  eden space 31232K, 0% used [0x000000076ab00000,0x000000076ab00000,0x000000076c980000)
  from space 512K, 43% used [0x000000076db00000,0x000000076db38000,0x000000076db80000)
  to   space 512K, 0% used [0x000000076db80000,0x000000076db80000,0x000000076dc00000)
 ParOldGen       total 175104K, used 40817K [0x00000006c0000000, 0x00000006cab00000, 0x000000076ab00000)
  object space 175104K, 23% used [0x00000006c0000000,0x00000006c27dc520,0x00000006cab00000)
 Metaspace       used 20791K, capacity 21108K, committed 21248K, reserved 1069056K
  class space    used 2430K, capacity 2521K, committed 2560K, reserved 1048576K
}
Event: 41958.952 GC heap before
{Heap before GC invocations=368 (full 0):
 PSYoungGen      total 31744K, used 31456K [0x000000076ab00000, 0x000000076dc00000, 0x00000007c0000000)
  eden space 31232K, 100% used [0x000000076ab00000,0x000000076c980000,0x000000076c980000)
  from space 512K, 43% used [0x000000076db00000,0x000000076db38000,0x000000076db80000)
  to   space 512K, 0% used [0x000000076db80000,0x000000076db80000,0x000000076dc00000)
 ParOldGen       total 175104K, used 40817K [0x00000006c0000000, 0x00000006cab00000, 0x000000076ab00000)
  object space 175104K, 23% used [0x00000006c0000000,0x00000006c27dc520,0x00000006cab00000)
 Metaspace       used 20791K, capacity 21108K, committed 21248K, reserved 1069056K
  class space    used 2430K, capacity 2521K, committed 2560K, reserved 1048576K
Event: 41958.953 GC heap after
Heap after GC invocations=368 (full 0):
 PSYoungGen      total 31744K, used 192K [0x000000076ab00000, 0x000000076dc00000, 0x00000007c0000000)
  eden space 31232K, 0% used [0x000000076ab00000,0x000000076ab00000,0x000000076c980000)
  from space 512K, 37% used [0x000000076db80000,0x000000076dbb0000,0x000000076dc00000)
  to   space 512K, 0% used [0x000000076db00000,0x000000076db00000,0x000000076db80000)
 ParOldGen       total 175104K, used 40849K [0x00000006c0000000, 0x00000006cab00000, 0x000000076ab00000)
  object space 175104K, 23% used [0x00000006c0000000,0x00000006c27e4520,0x00000006cab00000)
 Metaspace       used 20791K, capacity 21108K, committed 21248K, reserved 1069056K
  class space    used 2430K, capacity 2521K, committed 2560K, reserved 1048576K
}
Event: 42054.576 GC heap before
{Heap before GC invocations=369 (full 0):
 PSYoungGen      total 31744K, used 31424K [0x000000076ab00000, 0x000000076dc00000, 0x00000007c0000000)
  eden space 31232K, 100% used [0x000000076ab00000,0x000000076c980000,0x000000076c980000)
  from space 512K, 37% used [0x000000076db80000,0x000000076dbb0000,0x000000076dc00000)
  to   space 512K, 0% used [0x000000076db00000,0x000000076db00000,0x000000076db80000)
 ParOldGen       total 175104K, used 40849K [0x00000006c0000000, 0x00000006cab00000, 0x000000076ab00000)
  object space 175104K, 23% used [0x00000006c0000000,0x00000006c27e4520,0x00000006cab00000)
 Metaspace       used 20791K, capacity 21108K, committed 21248K, reserved 1069056K
  class space    used 2430K, capacity 2521K, committed 2560K, reserved 1048576K
Event: 42054.578 GC heap after
Heap after GC invocations=369 (full 0):
 PSYoungGen      total 31744K, used 128K [0x000000076ab00000, 0x000000076dc00000, 0x00000007c0000000)
  eden space 31232K, 0% used [0x000000076ab00000,0x000000076ab00000,0x000000076c980000)
  from space 512K, 25% used [0x000000076db00000,0x000000076db20000,0x000000076db80000)
  to   space 512K, 0% used [0x000000076db80000,0x000000076db80000,0x000000076dc00000)
 ParOldGen       total 175104K, used 40849K [0x00000006c0000000, 0x00000006cab00000, 0x000000076ab00000)
  object space 175104K, 23% used [0x00000006c0000000,0x00000006c27e4520,0x00000006cab00000)
 Metaspace       used 20791K, capacity 21108K, committed 21248K, reserved 1069056K
  class space    used 2430K, capacity 2521K, committed 2560K, reserved 1048576K
}

Deoptimization events (10 events):
Event: 5307.729 Thread 0x00007ff0dca6c800 Uncommon trap: reason=unstable_if action=reinterpret pc=0x0000000112165fe4 method=java.util.concurrent.locks.ReentrantLock$Sync.nonfairTryAcquire(I)Z @ 10
Event: 12296.966 Thread 0x00007ff0df86f800 Uncommon trap: reason=unstable_if action=reinterpret pc=0x00000001126ac714 method=java.util.concurrent.locks.AbstractQueuedSynchronizer.isOnSyncQueue(Ljava/util/concurrent/locks/AbstractQueuedSynchronizer$Node;)Z @ 22
Event: 12475.309 Thread 0x00007ff0dca6c800 Uncommon trap: reason=unstable_if action=reinterpret pc=0x000000011257bc20 method=org.eclipse.jetty.util.BlockingArrayQueue.poll(JLjava/util/concurrent/TimeUnit;)Ljava/lang/Object; @ 31
Event: 22713.982 Thread 0x00007ff0df86f800 Uncommon trap: reason=unstable_if action=reinterpret pc=0x00000001122ec6d8 method=java.util.concurrent.locks.AbstractQueuedSynchronizer.acquireQueued(Ljava/util/concurrent/locks/AbstractQueuedSynchronizer$Node;I)Z @ 17
Event: 25288.001 Thread 0x00007ff0dca6c800 Uncommon trap: reason=null_check action=make_not_entrant pc=0x000000011256f8d0 method=org.eclipse.jetty.util.thread.QueuedThreadPool.idleJobPoll()Ljava/lang/Runnable; @ 17
Event: 25288.003 Thread 0x00007ff0df86f800 Uncommon trap: reason=unstable_if action=reinterpret pc=0x000000011254c6e8 method=java.util.concurrent.locks.AbstractQueuedSynchronizer$ConditionObject.addConditionWaiter()Ljava/util/concurrent/locks/AbstractQueuedSynchronizer$Node; @ 15
Event: 31151.757 Thread 0x00007ff0dca2b000 Uncommon trap: reason=null_check action=make_not_entrant pc=0x000000011256f8d0 method=org.eclipse.jetty.util.thread.QueuedThreadPool.idleJobPoll()Ljava/lang/Runnable; @ 17
Event: 33669.899 Thread 0x00007ff0de898800 Uncommon trap: reason=unstable_if action=reinterpret pc=0x00000001125c0c1c method=java.util.concurrent.locks.AbstractQueuedSynchronizer.unparkSuccessor(Ljava/util/concurrent/locks/AbstractQueuedSynchronizer$Node;)V @ 22
Event: 37335.784 Thread 0x00007ff0dca2b000 Uncommon trap: reason=null_check action=make_not_entrant pc=0x000000011255ae08 method=org.eclipse.jetty.util.thread.QueuedThreadPool.idleJobPoll()Ljava/lang/Runnable; @ 17
Event: 39287.253 Thread 0x00007ff0de898800 Uncommon trap: reason=null_check action=make_not_entrant pc=0x0000000112551c84 method=org.eclipse.jetty.util.thread.QueuedThreadPool.idleJobPoll()Ljava/lang/Runnable; @ 17

Classes redefined (0 events):
No events

Internal exceptions (10 events):
Event: 1.602 Thread 0x00007ff0e027a000 Exception <a 'java/lang/UnsatisfiedLinkError': com.almworks.sqlite4java._SQLiteSwiggedJNI.sqlite3_libversion()Ljava/lang/String;> (0x000000076c3161c0) thrown at [/Users/java_re/workspace/8-2-build-macosx-x86_64/jdk8u161/10277/hotspot/src/share/vm/prims/na
Event: 1.625 Thread 0x00007ff0df86f800 Implicit null exception at 0x00000001123ab89b to 0x00000001123abe6d
Event: 5304.579 Thread 0x00007ff0de898800 Implicit null exception at 0x000000011260a6fa to 0x000000011260aa75
Event: 5304.610 Thread 0x00007ff0de898800 Implicit null exception at 0x0000000112137d8a to 0x00000001121380c5
Event: 5304.906 Thread 0x00007ff0de898800 Implicit null exception at 0x00000001126274d7 to 0x0000000112628055
Event: 25288.000 Thread 0x00007ff0dca6c800 Implicit null exception at 0x000000011256e9b7 to 0x000000011256f8c1
Event: 31151.756 Thread 0x00007ff0dca2b000 Implicit null exception at 0x000000011256e9b7 to 0x000000011256f8c1
Event: 33669.899 Thread 0x00007ff0de898800 Implicit null exception at 0x00000001125c0423 to 0x00000001125c0be9
Event: 37335.784 Thread 0x00007ff0dca2b000 Implicit null exception at 0x0000000112559ea3 to 0x000000011255adf9
Event: 39287.253 Thread 0x00007ff0de898800 Implicit null exception at 0x0000000112550cef to 0x0000000112551c75

Events (10 events):
Event: 41670.005 Executing VM operation: ParallelGCFailedAllocation
Event: 41670.006 Executing VM operation: ParallelGCFailedAllocation done
Event: 41766.751 Executing VM operation: ParallelGCFailedAllocation
Event: 41766.753 Executing VM operation: ParallelGCFailedAllocation done
Event: 41862.653 Executing VM operation: ParallelGCFailedAllocation
Event: 41862.655 Executing VM operation: ParallelGCFailedAllocation done
Event: 41958.951 Executing VM operation: ParallelGCFailedAllocation
Event: 41958.953 Executing VM operation: ParallelGCFailedAllocation done
Event: 42054.575 Executing VM operation: ParallelGCFailedAllocation
Event: 42054.578 Executing VM operation: ParallelGCFailedAllocation done


Dynamic libraries:
0x000000001c102000 	/System/Library/Frameworks/Cocoa.framework/Versions/A/Cocoa
0x000000001c102000 	/System/Library/Frameworks/Security.framework/Versions/A/Security
0x000000001c102000 	/System/Library/Frameworks/ApplicationServices.framework/Versions/A/ApplicationServices
0x000000001c102000 	/usr/lib/libz.1.dylib
0x000000001c102000 	/usr/lib/libSystem.B.dylib
0x000000001c102000 	/usr/lib/libobjc.A.dylib
0x000000001c102000 	/System/Library/Frameworks/CoreFoundation.framework/Versions/A/CoreFoundation
0x000000001c102000 	/System/Library/Frameworks/Foundation.framework/Versions/C/Foundation
0x000000001c102000 	/System/Library/Frameworks/AppKit.framework/Versions/C/AppKit
0x000000001c102000 	/System/Library/Frameworks/CoreData.framework/Versions/A/CoreData
0x000000001c102000 	/System/Library/PrivateFrameworks/RemoteViewServices.framework/Versions/A/RemoteViewServices
0x000000001c102000 	/System/Library/PrivateFrameworks/UIFoundation.framework/Versions/A/UIFoundation
0x000000001c102000 	/System/Library/PrivateFrameworks/DFRFoundation.framework/Versions/A/DFRFoundation
0x000000001c102000 	/System/Library/Frameworks/Metal.framework/Versions/A/Metal
0x000000001c102000 	/System/Library/PrivateFrameworks/DesktopServicesPriv.framework/Versions/A/DesktopServicesPriv
0x000000001c102000 	/usr/lib/libenergytrace.dylib
0x000000001c102000 	/System/Library/PrivateFrameworks/SkyLight.framework/Versions/A/SkyLight
0x000000001c102000 	/System/Library/Frameworks/CoreGraphics.framework/Versions/A/CoreGraphics
0x000000001c102000 	/usr/lib/libScreenReader.dylib
0x000000001c102000 	/System/Library/Frameworks/Accelerate.framework/Versions/A/Accelerate
0x000000001c102000 	/System/Library/Frameworks/IOSurface.framework/Versions/A/IOSurface
0x000000001c102000 	/System/Library/Frameworks/AudioToolbox.framework/Versions/A/AudioToolbox
0x000000001c102000 	/System/Library/Frameworks/AudioUnit.framework/Versions/A/AudioUnit
0x000000001c102000 	/System/Library/PrivateFrameworks/DataDetectorsCore.framework/Versions/A/DataDetectorsCore
0x000000001c102000 	/System/Library/Frameworks/Carbon.framework/Versions/A/Frameworks/HIToolbox.framework/Versions/A/HIToolbox
0x000000001c102000 	/usr/lib/libicucore.A.dylib
0x000000001c102000 	/System/Library/Frameworks/QuartzCore.framework/Versions/A/QuartzCore
0x000000001c102000 	/System/Library/Frameworks/Carbon.framework/Versions/A/Frameworks/SpeechRecognition.framework/Versions/A/SpeechRecognition
0x000000001c102000 	/usr/lib/libauto.dylib
0x000000001c102000 	/usr/lib/libxml2.2.dylib
0x000000001c102000 	/System/Library/PrivateFrameworks/CoreUI.framework/Versions/A/CoreUI
0x000000001c102000 	/System/Library/Frameworks/CoreAudio.framework/Versions/A/CoreAudio
0x000000001c102000 	/System/Library/Frameworks/DiskArbitration.framework/Versions/A/DiskArbitration
0x000000001c102000 	/usr/lib/liblangid.dylib
0x000000001c102000 	/System/Library/PrivateFrameworks/MultitouchSupport.framework/Versions/A/MultitouchSupport
0x000000001c102000 	/System/Library/Frameworks/IOKit.framework/Versions/A/IOKit
0x000000001c102000 	/usr/lib/libDiagnosticMessagesClient.dylib
0x000000001c102000 	/System/Library/Frameworks/CoreServices.framework/Versions/A/CoreServices
0x000000001c102000 	/System/Library/PrivateFrameworks/PerformanceAnalysis.framework/Versions/A/PerformanceAnalysis
0x000000001c102000 	/System/Library/Frameworks/OpenGL.framework/Versions/A/OpenGL
0x000000001c102000 	/System/Library/Frameworks/ColorSync.framework/Versions/A/ColorSync
0x000000001c102000 	/System/Library/Frameworks/CoreImage.framework/Versions/A/CoreImage
0x000000001c102000 	/System/Library/Frameworks/CoreText.framework/Versions/A/CoreText
0x000000001c102000 	/System/Library/Frameworks/ImageIO.framework/Versions/A/ImageIO
0x000000001c102000 	/System/Library/PrivateFrameworks/Backup.framework/Versions/A/Backup
0x000000001c102000 	/usr/lib/libarchive.2.dylib
0x000000001c102000 	/System/Library/Frameworks/CFNetwork.framework/Versions/A/CFNetwork
0x000000001c102000 	/System/Library/Frameworks/SystemConfiguration.framework/Versions/A/SystemConfiguration
0x000000001c102000 	/usr/lib/libCRFSuite.dylib
0x000000001c102000 	/usr/lib/libc++.1.dylib
0x000000001c102000 	/usr/lib/libc++abi.dylib
0x000000001c102000 	/usr/lib/system/libcache.dylib
0x000000001c102000 	/usr/lib/system/libcommonCrypto.dylib
0x000000001c102000 	/usr/lib/system/libcompiler_rt.dylib
0x000000001c102000 	/usr/lib/system/libcopyfile.dylib
0x000000001c102000 	/usr/lib/system/libcorecrypto.dylib
0x000000001c102000 	/usr/lib/system/libdispatch.dylib
0x000000001c102000 	/usr/lib/system/libdyld.dylib
0x000000001c102000 	/usr/lib/system/libkeymgr.dylib
0x000000001c102000 	/usr/lib/system/liblaunch.dylib
0x000000001c102000 	/usr/lib/system/libmacho.dylib
0x000000001c102000 	/usr/lib/system/libquarantine.dylib
0x000000001c102000 	/usr/lib/system/libremovefile.dylib
0x000000001c102000 	/usr/lib/system/libsystem_asl.dylib
0x000000001c102000 	/usr/lib/system/libsystem_blocks.dylib
0x000000001c102000 	/usr/lib/system/libsystem_c.dylib
0x000000001c102000 	/usr/lib/system/libsystem_configuration.dylib
0x000000001c102000 	/usr/lib/system/libsystem_coreservices.dylib
0x000000001c102000 	/usr/lib/system/libsystem_darwin.dylib
0x000000001c102000 	/usr/lib/system/libsystem_dnssd.dylib
0x000000001c102000 	/usr/lib/system/libsystem_info.dylib
0x000000001c102000 	/usr/lib/system/libsystem_m.dylib
0x000000001c102000 	/usr/lib/system/libsystem_malloc.dylib
0x000000001c102000 	/usr/lib/system/libsystem_network.dylib
0x000000001c102000 	/usr/lib/system/libsystem_networkextension.dylib
0x000000001c102000 	/usr/lib/system/libsystem_notify.dylib
0x000000001c102000 	/usr/lib/system/libsystem_sandbox.dylib
0x000000001c102000 	/usr/lib/system/libsystem_secinit.dylib
0x000000001c102000 	/usr/lib/system/libsystem_kernel.dylib
0x000000001c102000 	/usr/lib/system/libsystem_platform.dylib
0x000000001c102000 	/usr/lib/system/libsystem_pthread.dylib
0x000000001c102000 	/usr/lib/system/libsystem_symptoms.dylib
0x000000001c102000 	/usr/lib/system/libsystem_trace.dylib
0x000000001c102000 	/usr/lib/system/libunwind.dylib
0x000000001c102000 	/usr/lib/system/libxpc.dylib
0x000000001c102000 	/usr/lib/closure/libclosured.dylib
0x000000001c102000 	/usr/lib/libbsm.0.dylib
0x000000001c102000 	/usr/lib/system/libkxld.dylib
0x000000001c102000 	/usr/lib/libOpenScriptingUtil.dylib
0x000000001c102000 	/usr/lib/libcoretls.dylib
0x000000001c102000 	/usr/lib/libcoretls_cfhelpers.dylib
0x000000001c102000 	/usr/lib/libpam.2.dylib
0x000000001c102000 	/usr/lib/libsqlite3.dylib
0x000000001c102000 	/usr/lib/libxar.1.dylib
0x000000001c102000 	/usr/lib/libbz2.1.0.dylib
0x000000001c102000 	/usr/lib/liblzma.5.dylib
0x000000001c102000 	/usr/lib/libnetwork.dylib
0x000000001c102000 	/usr/lib/libapple_nghttp2.dylib
0x000000001c102000 	/usr/lib/libpcap.A.dylib
0x000000001c102000 	/usr/lib/libboringssl.dylib
0x000000001c102000 	/usr/lib/libusrtcp.dylib
0x000000001c102000 	/usr/lib/libapple_crypto.dylib
0x000000001c102000 	/System/Library/Frameworks/CoreServices.framework/Versions/A/Frameworks/FSEvents.framework/Versions/A/FSEvents
0x000000001c102000 	/System/Library/Frameworks/CoreServices.framework/Versions/A/Frameworks/CarbonCore.framework/Versions/A/CarbonCore
0x000000001c102000 	/System/Library/Frameworks/CoreServices.framework/Versions/A/Frameworks/Metadata.framework/Versions/A/Metadata
0x000000001c102000 	/System/Library/Frameworks/CoreServices.framework/Versions/A/Frameworks/OSServices.framework/Versions/A/OSServices
0x000000001c102000 	/System/Library/Frameworks/CoreServices.framework/Versions/A/Frameworks/SearchKit.framework/Versions/A/SearchKit
0x000000001c102000 	/System/Library/Frameworks/CoreServices.framework/Versions/A/Frameworks/AE.framework/Versions/A/AE
0x000000001c102000 	/System/Library/Frameworks/CoreServices.framework/Versions/A/Frameworks/LaunchServices.framework/Versions/A/LaunchServices
0x000000001c102000 	/System/Library/Frameworks/CoreServices.framework/Versions/A/Frameworks/DictionaryServices.framework/Versions/A/DictionaryServices
0x000000001c102000 	/System/Library/Frameworks/CoreServices.framework/Versions/A/Frameworks/SharedFileList.framework/Versions/A/SharedFileList
0x000000001c102000 	/System/Library/Frameworks/NetFS.framework/Versions/A/NetFS
0x000000001c102000 	/System/Library/PrivateFrameworks/NetAuth.framework/Versions/A/NetAuth
0x000000001c102000 	/System/Library/PrivateFrameworks/login.framework/Versions/A/Frameworks/loginsupport.framework/Versions/A/loginsupport
0x000000001c102000 	/System/Library/PrivateFrameworks/TCC.framework/Versions/A/TCC
0x000000001c102000 	/usr/lib/libmecabra.dylib
0x000000001c102000 	/System/Library/Frameworks/ApplicationServices.framework/Versions/A/Frameworks/ATS.framework/Versions/A/ATS
0x000000001c102000 	/System/Library/Frameworks/ApplicationServices.framework/Versions/A/Frameworks/ColorSyncLegacy.framework/Versions/A/ColorSyncLegacy
0x000000001c102000 	/System/Library/Frameworks/ApplicationServices.framework/Versions/A/Frameworks/HIServices.framework/Versions/A/HIServices
0x000000001c102000 	/System/Library/Frameworks/ApplicationServices.framework/Versions/A/Frameworks/LangAnalysis.framework/Versions/A/LangAnalysis
0x000000001c102000 	/System/Library/Frameworks/ApplicationServices.framework/Versions/A/Frameworks/PrintCore.framework/Versions/A/PrintCore
0x000000001c102000 	/System/Library/Frameworks/ApplicationServices.framework/Versions/A/Frameworks/QD.framework/Versions/A/QD
0x000000001c102000 	/System/Library/Frameworks/ApplicationServices.framework/Versions/A/Frameworks/SpeechSynthesis.framework/Versions/A/SpeechSynthesis
0x000000001c102000 	/System/Library/Frameworks/CoreDisplay.framework/Versions/A/CoreDisplay
0x000000001c102000 	/System/Library/Frameworks/Accelerate.framework/Versions/A/Frameworks/vImage.framework/Versions/A/vImage
0x000000001c102000 	/System/Library/Frameworks/Accelerate.framework/Versions/A/Frameworks/vecLib.framework/Versions/A/vecLib
0x000000001c102000 	/System/Library/Frameworks/Accelerate.framework/Versions/A/Frameworks/vecLib.framework/Versions/A/libvDSP.dylib
0x000000001c102000 	/System/Library/Frameworks/Accelerate.framework/Versions/A/Frameworks/vecLib.framework/Versions/A/libBNNS.dylib
0x000000001c102000 	/System/Library/Frameworks/Accelerate.framework/Versions/A/Frameworks/vecLib.framework/Versions/A/libQuadrature.dylib
0x000000001c102000 	/System/Library/Frameworks/Accelerate.framework/Versions/A/Frameworks/vecLib.framework/Versions/A/libvMisc.dylib
0x000000001c102000 	/System/Library/Frameworks/Accelerate.framework/Versions/A/Frameworks/vecLib.framework/Versions/A/libLAPACK.dylib
0x000000001c102000 	/System/Library/Frameworks/Accelerate.framework/Versions/A/Frameworks/vecLib.framework/Versions/A/libBLAS.dylib
0x000000001c102000 	/System/Library/Frameworks/Accelerate.framework/Versions/A/Frameworks/vecLib.framework/Versions/A/libLinearAlgebra.dylib
0x000000001c102000 	/System/Library/Frameworks/Accelerate.framework/Versions/A/Frameworks/vecLib.framework/Versions/A/libSparse.dylib
0x000000001c102000 	/System/Library/Frameworks/Accelerate.framework/Versions/A/Frameworks/vecLib.framework/Versions/A/libSparseBLAS.dylib
0x000000001c102000 	/System/Library/PrivateFrameworks/IOAccelerator.framework/Versions/A/IOAccelerator
0x000000001c102000 	/System/Library/PrivateFrameworks/IOPresentment.framework/Versions/A/IOPresentment
0x000000001c102000 	/System/Library/PrivateFrameworks/DSExternalDisplay.framework/Versions/A/DSExternalDisplay
0x000000001c102000 	/System/Library/Frameworks/OpenGL.framework/Versions/A/Libraries/libCoreFSCache.dylib
0x000000001c102000 	/System/Library/Frameworks/CoreVideo.framework/Versions/A/CoreVideo
0x000000001c102000 	/System/Library/PrivateFrameworks/GraphVisualizer.framework/Versions/A/GraphVisualizer
0x000000001c102000 	/System/Library/Frameworks/MetalPerformanceShaders.framework/Versions/A/MetalPerformanceShaders
0x000000001c102000 	/usr/lib/libFosl_dynamic.dylib
0x000000001c102000 	/System/Library/PrivateFrameworks/FaceCore.framework/Versions/A/FaceCore
0x000000001c102000 	/System/Library/Frameworks/OpenCL.framework/Versions/A/OpenCL
0x000000001c102000 	/usr/lib/libcompression.dylib
0x000000001c102000 	/System/Library/Frameworks/ApplicationServices.framework/Versions/A/Frameworks/ATS.framework/Versions/A/Resources/libFontParser.dylib
0x000000001c102000 	/System/Library/Frameworks/ApplicationServices.framework/Versions/A/Frameworks/ATS.framework/Versions/A/Resources/libFontRegistry.dylib
0x000000001c102000 	/System/Library/Frameworks/ImageIO.framework/Versions/A/Resources/libJPEG.dylib
0x000000001c102000 	/System/Library/Frameworks/ImageIO.framework/Versions/A/Resources/libTIFF.dylib
0x000000001c102000 	/System/Library/Frameworks/ImageIO.framework/Versions/A/Resources/libPng.dylib
0x000000001c102000 	/System/Library/Frameworks/ImageIO.framework/Versions/A/Resources/libGIF.dylib
0x000000001c102000 	/System/Library/Frameworks/ImageIO.framework/Versions/A/Resources/libJP2.dylib
0x000000001c102000 	/System/Library/Frameworks/ImageIO.framework/Versions/A/Resources/libRadiance.dylib
0x000000001c102000 	/System/Library/PrivateFrameworks/AppleJPEG.framework/Versions/A/AppleJPEG
0x000000001c102000 	/System/Library/PrivateFrameworks/MetalTools.framework/Versions/A/MetalTools
0x000000001c102000 	/System/Library/Frameworks/MetalPerformanceShaders.framework/Frameworks/MPSCore.framework/Versions/A/MPSCore
0x000000001c102000 	/System/Library/Frameworks/MetalPerformanceShaders.framework/Frameworks/MPSImage.framework/Versions/A/MPSImage
0x000000001c102000 	/System/Library/Frameworks/MetalPerformanceShaders.framework/Frameworks/MPSMatrix.framework/Versions/A/MPSMatrix
0x000000001c102000 	/System/Library/Frameworks/MetalPerformanceShaders.framework/Frameworks/MPSNeuralNetwork.framework/Versions/A/MPSNeuralNetwork
0x000000001c102000 	/System/Library/Frameworks/OpenGL.framework/Versions/A/Libraries/libGLU.dylib
0x000000001c102000 	/System/Library/Frameworks/OpenGL.framework/Versions/A/Libraries/libGFXShared.dylib
0x000000001c102000 	/System/Library/Frameworks/OpenGL.framework/Versions/A/Libraries/libGL.dylib
0x000000001c102000 	/System/Library/Frameworks/OpenGL.framework/Versions/A/Libraries/libGLImage.dylib
0x000000001c102000 	/System/Library/Frameworks/OpenGL.framework/Versions/A/Libraries/libCVMSPluginSupport.dylib
0x000000001c102000 	/System/Library/Frameworks/OpenGL.framework/Versions/A/Libraries/libCoreVMClient.dylib
0x000000001c102000 	/usr/lib/libcups.2.dylib
0x000000001c102000 	/System/Library/Frameworks/Kerberos.framework/Versions/A/Kerberos
0x000000001c102000 	/System/Library/Frameworks/GSS.framework/Versions/A/GSS
0x000000001c102000 	/usr/lib/libresolv.9.dylib
0x000000001c102000 	/usr/lib/libiconv.2.dylib
0x000000001c102000 	/System/Library/PrivateFrameworks/Heimdal.framework/Versions/A/Heimdal
0x000000001c102000 	/usr/lib/libheimdal-asn1.dylib
0x000000001c102000 	/System/Library/Frameworks/OpenDirectory.framework/Versions/A/OpenDirectory
0x000000001c102000 	/System/Library/PrivateFrameworks/CommonAuth.framework/Versions/A/CommonAuth
0x000000001c102000 	/System/Library/Frameworks/OpenDirectory.framework/Versions/A/Frameworks/CFOpenDirectory.framework/Versions/A/CFOpenDirectory
0x000000001c102000 	/System/Library/Frameworks/SecurityFoundation.framework/Versions/A/SecurityFoundation
0x000000001c102000 	/System/Library/PrivateFrameworks/APFS.framework/Versions/A/APFS
0x000000001c102000 	/usr/lib/libutil.dylib
0x000000001c102000 	/System/Library/PrivateFrameworks/AppleSauce.framework/Versions/A/AppleSauce
0x000000001c102000 	/System/Library/PrivateFrameworks/LinguisticData.framework/Versions/A/LinguisticData
0x000000001c102000 	/usr/lib/libmarisa.dylib
0x000000001c102000 	/System/Library/PrivateFrameworks/Lexicon.framework/Versions/A/Lexicon
0x000000001c102000 	/usr/lib/libChineseTokenizer.dylib
0x000000001c102000 	/usr/lib/libcmph.dylib
0x000000001c102000 	/System/Library/PrivateFrameworks/LanguageModeling.framework/Versions/A/LanguageModeling
0x000000001c102000 	/System/Library/PrivateFrameworks/CoreEmoji.framework/Versions/A/CoreEmoji
0x000000001c102000 	/System/Library/Frameworks/ServiceManagement.framework/Versions/A/ServiceManagement
0x000000001c102000 	/System/Library/PrivateFrameworks/BackgroundTaskManagement.framework/Versions/A/BackgroundTaskManagement
0x000000001c102000 	/usr/lib/libxslt.1.dylib
0x000000001c102000 	/System/Library/Frameworks/Carbon.framework/Versions/A/Frameworks/Ink.framework/Versions/A/Ink
0x000000001c102000 	/System/Library/PrivateFrameworks/TextureIO.framework/Versions/A/TextureIO
0x000000001c102000 	/usr/lib/libate.dylib
0x000000001c102000 	/System/Library/PrivateFrameworks/CrashReporterSupport.framework/Versions/A/CrashReporterSupport
0x000000001c102000 	/System/Library/PrivateFrameworks/Sharing.framework/Versions/A/Sharing
0x000000001c102000 	/System/Library/PrivateFrameworks/IconServices.framework/Versions/A/IconServices
0x000000001c102000 	/System/Library/PrivateFrameworks/ProtocolBuffer.framework/Versions/A/ProtocolBuffer
0x000000001c102000 	/System/Library/PrivateFrameworks/Apple80211.framework/Versions/A/Apple80211
0x000000001c102000 	/System/Library/Frameworks/CoreWLAN.framework/Versions/A/CoreWLAN
0x000000001c102000 	/System/Library/PrivateFrameworks/CoreUtils.framework/Versions/A/CoreUtils
0x000000001c102000 	/System/Library/Frameworks/IOBluetooth.framework/Versions/A/IOBluetooth
0x000000001c102000 	/System/Library/PrivateFrameworks/CoreWiFi.framework/Versions/A/CoreWiFi
0x000000001c102000 	/System/Library/Frameworks/CoreBluetooth.framework/Versions/A/CoreBluetooth
0x000000001c102000 	/System/Library/PrivateFrameworks/SignpostNotification.framework/Versions/A/SignpostNotification
0x000000001c102000 	/System/Library/PrivateFrameworks/DebugSymbols.framework/Versions/A/DebugSymbols
0x000000001c102000 	/System/Library/PrivateFrameworks/CoreSymbolication.framework/Versions/A/CoreSymbolication
0x000000001c102000 	/System/Library/PrivateFrameworks/Symbolication.framework/Versions/A/Symbolication
0x000000001c102000 	/System/Library/PrivateFrameworks/AppleFSCompression.framework/Versions/A/AppleFSCompression
0x000000001c102000 	/System/Library/PrivateFrameworks/SpeechRecognitionCore.framework/Versions/A/SpeechRecognitionCore
0x000000010aa00000 	/Library/Java/JavaVirtualMachines/jdk1.8.0_161.jdk/Contents/Home/jre/lib/server/libjvm.dylib
0x000000001c102000 	/usr/lib/libstdc++.6.0.9.dylib
0x000000010994a000 	/Library/Java/JavaVirtualMachines/jdk1.8.0_161.jdk/Contents/Home/jre/lib/libverify.dylib
0x0000000109958000 	/Library/Java/JavaVirtualMachines/jdk1.8.0_161.jdk/Contents/Home/jre/lib/libjava.dylib
0x00000001099d8000 	/Library/Java/JavaVirtualMachines/jdk1.8.0_161.jdk/Contents/Home/jre/lib/libzip.dylib
0x000000011184e000 	/Library/Java/JavaVirtualMachines/jdk1.8.0_161.jdk/Contents/Home/jre/lib/libmanagement.dylib
0x000000011185e000 	/Library/Java/JavaVirtualMachines/jdk1.8.0_161.jdk/Contents/Home/jre/lib/libnet.dylib
0x0000000111ad8000 	/Library/Java/JavaVirtualMachines/jdk1.8.0_161.jdk/Contents/Home/jre/lib/libnio.dylib
0x00000001291f4000 	/Users/roberthunter/DEV/AMNE/api.amne.co/dynamodblocal-bin/DynamoDBLocal_lib/libsqlite4java-osx.dylib
0x000000001c102000 	/System/Library/Frameworks/JavaVM.framework/Versions/A/JavaVM
0x000000001c102000 	/System/Library/PrivateFrameworks/JavaLaunching.framework/Versions/A/JavaLaunching

VM Arguments:
jvm_args: -Djava.library.path=./DynamoDBLocal_lib 
java_command: DynamoDBLocal.jar -port 5102 -sharedDb -dbPath ../../db-local
java_class_path (initial): DynamoDBLocal.jar
Launcher Type: SUN_STANDARD

Environment Variables:
PATH=/usr/local/lib/node_modules/npm/node_modules/npm-lifecycle/node-gyp-bin:/Users/roberthunter/DEV/AMNE/api.amne.co/node_modules/.bin:/Library/Frameworks/Python.framework/Versions/3.7/bin:/usr/local/bin:/usr/bin:/bin:/usr/sbin:/sbin
SHELL=/bin/bash

Signal Handlers:
SIGSEGV: [libjvm.dylib+0x5b5439], sa_mask[0]=11111111011111110111111111111111, sa_flags=SA_ONSTACK|SA_RESTART|SA_SIGINFO
SIGBUS: [libjvm.dylib+0x5b5439], sa_mask[0]=11111111011111110111111111111111, sa_flags=SA_RESTART|SA_SIGINFO
SIGFPE: [libjvm.dylib+0x48ae24], sa_mask[0]=11111111011111110111111111111111, sa_flags=SA_RESTART|SA_SIGINFO
SIGPIPE: [libjvm.dylib+0x48ae24], sa_mask[0]=11111111011111110111111111111111, sa_flags=SA_RESTART|SA_SIGINFO
SIGXFSZ: [libjvm.dylib+0x48ae24], sa_mask[0]=11111111011111110111111111111111, sa_flags=SA_RESTART|SA_SIGINFO
SIGILL: [libjvm.dylib+0x48ae24], sa_mask[0]=11111111011111110111111111111111, sa_flags=SA_RESTART|SA_SIGINFO
SIGUSR1: SIG_DFL, sa_mask[0]=00000000000000000000000000000000, sa_flags=SA_RESTART
SIGUSR2: [libjvm.dylib+0x48a942], sa_mask[0]=00000000000000000000000000000000, sa_flags=SA_RESTART|SA_SIGINFO
SIGHUP: [libjvm.dylib+0x488f0d], sa_mask[0]=11111111011111110111111111111111, sa_flags=SA_RESTART|SA_SIGINFO
SIGINT: [libjvm.dylib+0x488f0d], sa_mask[0]=11111111011111110111111111111111, sa_flags=SA_RESTART|SA_SIGINFO
SIGTERM: [libjvm.dylib+0x488f0d], sa_mask[0]=11111111011111110111111111111111, sa_flags=SA_RESTART|SA_SIGINFO
SIGQUIT: [libjvm.dylib+0x488f0d], sa_mask[0]=11111111011111110111111111111111, sa_flags=SA_RESTART|SA_SIGINFO


---------------  S Y S T E M  ---------------

OS:Bsduname:Darwin 17.4.0 Darwin Kernel Version 17.4.0: Sun Dec 17 09:19:54 PST 2017; root:xnu-4570.41.2~1/RELEASE_X86_64 x86_64
rlimit: STACK 8192k, CORE 0k, NPROC 1418, NOFILE 10240, AS infinity
load average:2.34 2.52 2.50

CPU:total 8 (initial active 8) (4 cores per cpu, 2 threads per core) family 6 model 94 stepping 3, cmov, cx8, fxsr, mmx, sse, sse2, sse3, ssse3, sse4.1, sse4.2, popcnt, avx, avx2, aes, clmul, erms, rtm, 3dnowpref, lzcnt, ht, tsc, tscinvbit, bmi1, bmi2, adx

Memory: 4k page, physical 16777216k(866236k free)

/proc/meminfo:


vm_info: Java HotSpot(TM) 64-Bit Server VM (25.161-b12) for bsd-amd64 JRE (1.8.0_161-b12), built on Dec 19 2017 16:22:20 by "java_re" with gcc 4.2.1 (Based on Apple Inc. build 5658) (LLVM build 2336.11.00)

time: Tue Apr 24 14:24:35 2018
elapsed time: 42093 seconds (0d 11h 41m 33s)

