#
# A fatal error has been detected by the Java Runtime Environment:
#
#  SIGSEGV (0xb) at pc=0x000000010e48a970, pid=21494, tid=0x0000000000000307
#
# JRE version: Java(TM) SE Runtime Environment (8.0_161-b12) (build 1.8.0_161-b12)
# Java VM: Java HotSpot(TM) 64-Bit Server VM (25.161-b12 mixed mode bsd-amd64 compressed oops)
# Problematic frame:
# V  [libjvm.dylib+0x48a970]  SR_handler(int, __siginfo*, __darwin_ucontext*)+0x2e
#
# Failed to write core dump. Core dumps have been disabled. To enable core dumping, try "ulimit -c unlimited" before starting Java again
#
# If you would like to submit a bug report, please visit:
#   http://bugreport.java.com/bugreport/crash.jsp
#

---------------  T H R E A D  ---------------

Current thread is native thread

siginfo: si_signo: 11 (SIGSEGV), si_code: 1 (SEGV_MAPERR), si_addr: 0x0000000000000128

Registers:
RAX=0x0000000000000000, RBX=0x00007ffee2dec950, RCX=0x00007fff95f1e388, RDX=0x00007ffee2dec950
RSP=0x00007ffee2dec480, RBP=0x00007ffee2dec4b0, RSI=0x00007ffee2dec8e8, RDI=0x0000000000000109
R8 =0x00007ffee2dec950, R9 =0x00000000ffffffff, R10=0x0000000000000c00, R11=0x0000000000000206
R12=0x0000000000000c00, R13=0x0000000007000806, R14=0x00007ffee2dec8e8, R15=0x0000000000000002
RIP=0x000000010e48a970, EFLAGS=0x0000000000010206, ERR=0x0000000000000004
  TRAPNO=0x000000000000000e

Top of Stack: (sp=0x00007ffee2dec480)
0x00007ffee2dec480:   000000005a61a038 00007ffee2dec950
0x00007ffee2dec490:   0000000000000c00 0000000007000806
0x00007ffee2dec4a0:   00007ffee2decbc0 00000000ffffffff
0x00007ffee2dec4b0:   00007ffee2dec4c0 00007fff5d146f5a
0x00007ffee2dec4c0:   00007ffee2deca60 0000000000000000
0x00007ffee2dec4d0:   0000000000000000 0000000000000000
0x00007ffee2dec4e0:   0100001f00000085 00007fd1d901631e
0x00007ffee2dec4f0:   0000000010004005 0000000007000806
0x00007ffee2dec500:   00007ffee2deca08 0000000000000000
0x00007ffee2dec510:   00007ffee2decbc0 0000000007000806
0x00007ffee2dec520:   00007ffee2deca60 00007ffee2deca08
0x00007ffee2dec530:   0000000000001203 00000000ffffffff
0x00007ffee2dec540:   0000000000000c00 0000000000000206
0x00007ffee2dec550:   0000000000000c00 0000000007000806
0x00007ffee2dec560:   00007ffee2decbc0 00000000ffffffff
0x00007ffee2dec570:   00007fff5d00b7c2 0000000000000206
0x00007ffee2dec580:   0000000000000007 0000000000000000
0x00007ffee2dec590:   0000000000000000 0000000000000000
0x00007ffee2dec5a0:   000000000000037f 0000000000000000
0x00007ffee2dec5b0:   0000000000000000 0000ffff00001fa1
0x00007ffee2dec5c0:   000000000002cd37 000000000000ffff
0x00007ffee2dec5d0:   0001ffffed351bef 000000000000ffff
0x00007ffee2dec5e0:   000000000001ffff 000000000000ffff
0x00007ffee2dec5f0:   0000000000000000 0000000000000000
0x00007ffee2dec600:   0000000000000000 0000000000000000
0x00007ffee2dec610:   00000000ff73ff94 000000000000ffff
0x00007ffee2dec620:   000000001386d4e8 000000000000ffff
0x00007ffee2dec630:   00000000ff700000 000000000000ffff
0x00007ffee2dec640:   41c036c19fac15db 0000000000000000
0x00007ffee2dec650:   3fd60aed99cbee80 0000000000000000
0x00007ffee2dec660:   4415af1d78b58c40 0000000000000000
0x00007ffee2dec670:   c3e0000000000000 0000000000000000 

Instructions: (pc=0x000000010e48a970)
0x000000010e48a950:   83 ec 08 48 89 d3 49 89 f6 e8 bc 46 14 00 44 8b
0x000000010e48a960:   38 48 8d 05 a8 18 3b 00 48 63 38 e8 8c 49 14 00
0x000000010e48a970:   4c 8b a0 28 01 00 00 41 83 7c 24 34 01 0f 85 e2
0x000000010e48a980:   00 00 00 49 89 5c 24 40 4d 89 74 24 38 49 8d 5c 

Register to memory mapping:

RAX=0x0000000000000000 is an unknown value
RBX=0x00007ffee2dec950 is an unknown value
RCX=0x00007fff95f1e388: _thread+0x48 in /usr/lib/system/libsystem_pthread.dylib at 0x00007fff5d14d000
RDX=0x00007ffee2dec950 is an unknown value
RSP=0x00007ffee2dec480 is an unknown value
RBP=0x00007ffee2dec4b0 is an unknown value
RSI=0x00007ffee2dec8e8 is an unknown value
RDI=0x0000000000000109 is an unknown value
R8 =0x00007ffee2dec950 is an unknown value
R9 =0x00000000ffffffff is an unknown value
R10=0x0000000000000c00 is an unknown value
R11=0x0000000000000206 is an unknown value
R12=0x0000000000000c00 is an unknown value
R13=0x0000000007000806 is an unknown value
R14=0x00007ffee2dec8e8 is an unknown value
R15=0x0000000000000002 is an unknown value


Stack: [0x00007ffee25f2000,0x00007ffee2df2000],  sp=0x00007ffee2dec480,  free space=8169k
Native frames: (J=compiled Java code, j=interpreted, Vv=VM code, C=native code)
V  [libjvm.dylib+0x48a970]  SR_handler(int, __siginfo*, __darwin_ucontext*)+0x2e
C  [libsystem_platform.dylib+0x1f5a]  _sigtramp+0x1a
C  0x0000000000000000
C  [CoreFoundation+0x86575]  __CFRunLoopServiceMachPort+0x155
C  [CoreFoundation+0x858c7]  __CFRunLoopRun+0x6f7
C  [CoreFoundation+0x84f43]  CFRunLoopRunSpecific+0x1e3
C  [java+0x647a]  CreateExecutionEnvironment+0x367
C  [java+0x212c]  JLI_Launch+0x7a0
C  [java+0x84d7]  main+0x65
C  [java+0x1984]  start+0x34


---------------  P R O C E S S  ---------------

VM state:not at safepoint (normal execution)

VM Mutex/Monitor currently owned by a thread: None

Heap:
 PSYoungGen      total 31744K, used 17105K [0x000000076ab00000, 0x000000076cb00000, 0x00000007c0000000)
  eden space 31232K, 53% used [0x000000076ab00000,0x000000076bb746a8,0x000000076c980000)
  from space 512K, 50% used [0x000000076ca80000,0x000000076cac0000,0x000000076cb00000)
  to   space 512K, 0% used [0x000000076ca00000,0x000000076ca00000,0x000000076ca80000)
 ParOldGen       total 175104K, used 6665K [0x00000006c0000000, 0x00000006cab00000, 0x000000076ab00000)
  object space 175104K, 3% used [0x00000006c0000000,0x00000006c0682710,0x00000006cab00000)
 Metaspace       used 19392K, capacity 19636K, committed 19712K, reserved 1067008K
  class space    used 2187K, capacity 2281K, committed 2304K, reserved 1048576K

Card table byte_map: [0x000000011e81e000,0x000000011f01f000] byte_map_base: 0x000000011b21e000

Marking Bits: (ParMarkBitMap*) 0x000000010e8f76c0
 Begin Bits: [0x000000011f575000, 0x0000000123575000)
 End Bits:   [0x0000000123575000, 0x0000000127575000)

Polling page: 0x000000010cec5000

CodeCache: size=245760Kb used=6348Kb max_used=6579Kb free=239412Kb
 bounds [0x000000010f81e000, 0x000000010fece000, 0x000000011e81e000]
 total_blobs=2301 nmethods=1870 adapters=344
 compilation: enabled

Compilation events (10 events):
Event: 79652.950 Thread 0x00007f9b6d038800 nmethod 2267 0x000000010fbffb10 code [0x000000010fbffca0, 0x000000010fc00028]
Event: 79652.954 Thread 0x00007f9b6b059800 nmethod 2266 0x000000010fb26a90 code [0x000000010fb26ca0, 0x000000010fb27ae8]
Event: 83252.942 Thread 0x00007f9b6b058800 2268       4       com.amazonaws.services.dynamodbv2.local.shared.access.LocalDBUtils::findAttributeDefinition (56 bytes)
Event: 83252.959 Thread 0x00007f9b6b058800 nmethod 2268 0x000000010fa77210 code [0x000000010fa773a0, 0x000000010fa77ab8]
Event: 85052.947 Thread 0x00007f9b6b05a000 2269       3       java.lang.Long::stringSize (38 bytes)
Event: 85052.947 Thread 0x00007f9b6b05a000 nmethod 2269 0x000000010fb26610 code [0x000000010fb26780, 0x000000010fb269d0]
Event: 85052.947 Thread 0x00007f9b6b05a000 2270       3       java.lang.Long::getChars (221 bytes)
Event: 85052.954 Thread 0x00007f9b6b05a000 nmethod 2270 0x000000010fc8f010 code [0x000000010fc8f1e0, 0x000000010fc8f830]
Event: 92253.001 Thread 0x00007f9b6b05a000 2271       3       org.apache.logging.log4j.spi.AbstractLogger::logIfEnabled (25 bytes)
Event: 92253.010 Thread 0x00007f9b6b05a000 nmethod 2271 0x000000010f9fbdd0 code [0x000000010f9fbf80, 0x000000010f9fc558]

GC Heap History (10 events):
Event: 21937.138 GC heap before
{Heap before GC invocations=208 (full 0):
 PSYoungGen      total 31744K, used 31424K [0x000000076ab00000, 0x000000076cb00000, 0x00000007c0000000)
  eden space 31232K, 100% used [0x000000076ab00000,0x000000076c980000,0x000000076c980000)
  from space 512K, 37% used [0x000000076ca00000,0x000000076ca30000,0x000000076ca80000)
  to   space 512K, 0% used [0x000000076ca80000,0x000000076ca80000,0x000000076cb00000)
 ParOldGen       total 175104K, used 6593K [0x00000006c0000000, 0x00000006cab00000, 0x000000076ab00000)
  object space 175104K, 3% used [0x00000006c0000000,0x00000006c0670700,0x00000006cab00000)
 Metaspace       used 19329K, capacity 19572K, committed 19712K, reserved 1067008K
  class space    used 2178K, capacity 2281K, committed 2304K, reserved 1048576K
Event: 21937.139 GC heap after
Heap after GC invocations=208 (full 0):
 PSYoungGen      total 31744K, used 256K [0x000000076ab00000, 0x000000076cb00000, 0x00000007c0000000)
  eden space 31232K, 0% used [0x000000076ab00000,0x000000076ab00000,0x000000076c980000)
  from space 512K, 50% used [0x000000076ca80000,0x000000076cac0000,0x000000076cb00000)
  to   space 512K, 0% used [0x000000076ca00000,0x000000076ca00000,0x000000076ca80000)
 ParOldGen       total 175104K, used 6593K [0x00000006c0000000, 0x00000006cab00000, 0x000000076ab00000)
  object space 175104K, 3% used [0x00000006c0000000,0x00000006c0670700,0x00000006cab00000)
 Metaspace       used 19329K, capacity 19572K, committed 19712K, reserved 1067008K
  class space    used 2178K, capacity 2281K, committed 2304K, reserved 1048576K
}
Event: 22034.406 GC heap before
{Heap before GC invocations=209 (full 0):
 PSYoungGen      total 31744K, used 31488K [0x000000076ab00000, 0x000000076cb00000, 0x00000007c0000000)
  eden space 31232K, 100% used [0x000000076ab00000,0x000000076c980000,0x000000076c980000)
  from space 512K, 50% used [0x000000076ca80000,0x000000076cac0000,0x000000076cb00000)
  to   space 512K, 0% used [0x000000076ca00000,0x000000076ca00000,0x000000076ca80000)
 ParOldGen       total 175104K, used 6593K [0x00000006c0000000, 0x00000006cab00000, 0x000000076ab00000)
  object space 175104K, 3% used [0x00000006c0000000,0x00000006c0670700,0x00000006cab00000)
 Metaspace       used 19329K, capacity 19572K, committed 19712K, reserved 1067008K
  class space    used 2178K, capacity 2281K, committed 2304K, reserved 1048576K
Event: 22034.407 GC heap after
Heap after GC invocations=209 (full 0):
 PSYoungGen      total 31744K, used 224K [0x000000076ab00000, 0x000000076cb00000, 0x00000007c0000000)
  eden space 31232K, 0% used [0x000000076ab00000,0x000000076ab00000,0x000000076c980000)
  from space 512K, 43% used [0x000000076ca00000,0x000000076ca38000,0x000000076ca80000)
  to   space 512K, 0% used [0x000000076ca80000,0x000000076ca80000,0x000000076cb00000)
 ParOldGen       total 175104K, used 6593K [0x00000006c0000000, 0x00000006cab00000, 0x000000076ab00000)
  object space 175104K, 3% used [0x00000006c0000000,0x00000006c0670700,0x00000006cab00000)
 Metaspace       used 19329K, capacity 19572K, committed 19712K, reserved 1067008K
  class space    used 2178K, capacity 2281K, committed 2304K, reserved 1048576K
}
Event: 22130.737 GC heap before
{Heap before GC invocations=210 (full 0):
 PSYoungGen      total 31744K, used 31456K [0x000000076ab00000, 0x000000076cb00000, 0x00000007c0000000)
  eden space 31232K, 100% used [0x000000076ab00000,0x000000076c980000,0x000000076c980000)
  from space 512K, 43% used [0x000000076ca00000,0x000000076ca38000,0x000000076ca80000)
  to   space 512K, 0% used [0x000000076ca80000,0x000000076ca80000,0x000000076cb00000)
 ParOldGen       total 175104K, used 6593K [0x00000006c0000000, 0x00000006cab00000, 0x000000076ab00000)
  object space 175104K, 3% used [0x00000006c0000000,0x00000006c0670700,0x00000006cab00000)
 Metaspace       used 19329K, capacity 19572K, committed 19712K, reserved 1067008K
  class space    used 2178K, capacity 2281K, committed 2304K, reserved 1048576K
Event: 22130.738 GC heap after
Heap after GC invocations=210 (full 0):
 PSYoungGen      total 31744K, used 224K [0x000000076ab00000, 0x000000076cb00000, 0x00000007c0000000)
  eden space 31232K, 0% used [0x000000076ab00000,0x000000076ab00000,0x000000076c980000)
  from space 512K, 43% used [0x000000076ca80000,0x000000076cab8000,0x000000076cb00000)
  to   space 512K, 0% used [0x000000076ca00000,0x000000076ca00000,0x000000076ca80000)
 ParOldGen       total 175104K, used 6609K [0x00000006c0000000, 0x00000006cab00000, 0x000000076ab00000)
  object space 175104K, 3% used [0x00000006c0000000,0x00000006c0674700,0x00000006cab00000)
 Metaspace       used 19329K, capacity 19572K, committed 19712K, reserved 1067008K
  class space    used 2178K, capacity 2281K, committed 2304K, reserved 1048576K
}
Event: 34651.632 GC heap before
{Heap before GC invocations=211 (full 0):
 PSYoungGen      total 31744K, used 31456K [0x000000076ab00000, 0x000000076cb00000, 0x00000007c0000000)
  eden space 31232K, 100% used [0x000000076ab00000,0x000000076c980000,0x000000076c980000)
  from space 512K, 43% used [0x000000076ca80000,0x000000076cab8000,0x000000076cb00000)
  to   space 512K, 0% used [0x000000076ca00000,0x000000076ca00000,0x000000076ca80000)
 ParOldGen       total 175104K, used 6609K [0x00000006c0000000, 0x00000006cab00000, 0x000000076ab00000)
  object space 175104K, 3% used [0x00000006c0000000,0x00000006c0674700,0x00000006cab00000)
 Metaspace       used 19386K, capacity 19636K, committed 19712K, reserved 1067008K
  class space    used 2187K, capacity 2281K, committed 2304K, reserved 1048576K
Event: 34651.633 GC heap after
Heap after GC invocations=211 (full 0):
 PSYoungGen      total 31744K, used 224K [0x000000076ab00000, 0x000000076cb00000, 0x00000007c0000000)
  eden space 31232K, 0% used [0x000000076ab00000,0x000000076ab00000,0x000000076c980000)
  from space 512K, 43% used [0x000000076ca00000,0x000000076ca38000,0x000000076ca80000)
  to   space 512K, 0% used [0x000000076ca80000,0x000000076ca80000,0x000000076cb00000)
 ParOldGen       total 175104K, used 6609K [0x00000006c0000000, 0x00000006cab00000, 0x000000076ab00000)
  object space 175104K, 3% used [0x00000006c0000000,0x00000006c0674700,0x00000006cab00000)
 Metaspace       used 19386K, capacity 19636K, committed 19712K, reserved 1067008K
  class space    used 2187K, capacity 2281K, committed 2304K, reserved 1048576K
}
Event: 74252.892 GC heap before
{Heap before GC invocations=212 (full 0):
 PSYoungGen      total 31744K, used 31456K [0x000000076ab00000, 0x000000076cb00000, 0x00000007c0000000)
  eden space 31232K, 100% used [0x000000076ab00000,0x000000076c980000,0x000000076c980000)
  from space 512K, 43% used [0x000000076ca00000,0x000000076ca38000,0x000000076ca80000)
  to   space 512K, 0% used [0x000000076ca80000,0x000000076ca80000,0x000000076cb00000)
 ParOldGen       total 175104K, used 6609K [0x00000006c0000000, 0x00000006cab00000, 0x000000076ab00000)
  object space 175104K, 3% used [0x00000006c0000000,0x00000006c0674700,0x00000006cab00000)
 Metaspace       used 19390K, capacity 19636K, committed 19712K, reserved 1067008K
  class space    used 2187K, capacity 2281K, committed 2304K, reserved 1048576K
Event: 74252.907 GC heap after
Heap after GC invocations=212 (full 0):
 PSYoungGen      total 31744K, used 256K [0x000000076ab00000, 0x000000076cb00000, 0x00000007c0000000)
  eden space 31232K, 0% used [0x000000076ab00000,0x000000076ab00000,0x000000076c980000)
  from space 512K, 50% used [0x000000076ca80000,0x000000076cac0000,0x000000076cb00000)
  to   space 512K, 0% used [0x000000076ca00000,0x000000076ca00000,0x000000076ca80000)
 ParOldGen       total 175104K, used 6665K [0x00000006c0000000, 0x00000006cab00000, 0x000000076ab00000)
  object space 175104K, 3% used [0x00000006c0000000,0x00000006c0682710,0x00000006cab00000)
 Metaspace       used 19390K, capacity 19636K, committed 19712K, reserved 1067008K
  class space    used 2187K, capacity 2281K, committed 2304K, reserved 1048576K
}

Deoptimization events (10 events):
Event: 22195.025 Thread 0x00007f9b6d2f0800 Uncommon trap: reason=unstable_if action=reinterpret pc=0x000000010f9d0be0 method=com.almworks.sqlite4java.SQLiteConnection.throwResult(ILjava/lang/String;Ljava/lang/Object;)V @ 1
Event: 22195.026 Thread 0x00007f9b6d342800 Uncommon trap: reason=unstable_if action=reinterpret pc=0x000000010fe5dfe8 method=com.almworks.sqlite4java.SQLiteJob.isDone()Z @ 28
Event: 22195.026 Thread 0x00007f9b6d342800 Uncommon trap: reason=unloaded action=reinterpret pc=0x000000010faf1ff0 method=com.amazonaws.services.dynamodbv2.local.shared.access.sqlite.AmazonDynamoDBOfflineSQLiteJob.get()Ljava/lang/Object; @ 20
Event: 22195.029 Thread 0x00007f9b6d342800 Uncommon trap: reason=unstable_if action=reinterpret pc=0x000000010fe32fa4 method=java.util.regex.Pattern$BmpCharProperty.match(Ljava/util/regex/Matcher;ILjava/lang/CharSequence;)Z @ 34
Event: 22195.426 Thread 0x00007f9b6d2f0800 Uncommon trap: reason=unstable_if action=reinterpret pc=0x000000010f9f113c method=javolution.util.stripped.FastMap.getEntry(Ljava/lang/Object;I)Ljavolution/util/stripped/FastMap$Entry; @ 39
Event: 22195.426 Thread 0x00007f9b6d2f0800 Uncommon trap: reason=unstable_if action=reinterpret pc=0x000000010fe187bc method=com.almworks.sqlite4java.SQLiteConnection.throwResult(ILjava/lang/String;Ljava/lang/Object;)V @ 1
Event: 30253.907 Thread 0x00007f9b6d302800 Uncommon trap: reason=unstable_if action=reinterpret pc=0x000000010fd864c0 method=org.eclipse.jetty.util.BlockingArrayQueue.poll(JLjava/util/concurrent/TimeUnit;)Ljava/lang/Object; @ 31
Event: 40460.637 Thread 0x00007f9b6d32e800 Uncommon trap: reason=unstable_if action=reinterpret pc=0x000000010fde27ec method=java.util.concurrent.locks.AbstractQueuedSynchronizer$ConditionObject.awaitNanos(J)J @ 131
Event: 59894.485 Thread 0x00007f9b6da1d800 Uncommon trap: reason=unstable_if action=reinterpret pc=0x000000010fe1d28c method=java.util.concurrent.locks.LockSupport.unpark(Ljava/lang/Thread;)V @ 1
Event: 95853.036 Thread 0x00007f9b6d2f0800 Uncommon trap: reason=unstable_if action=reinterpret pc=0x000000010fe76928 method=com.fasterxml.jackson.core.sym.ByteQuadsCanonicalizer.maybeDirty()Z @ 4

Classes redefined (0 events):
No events

Internal exceptions (10 events):
Event: 0.336 Thread 0x00007f9b6b001800 Exception <a 'java/security/PrivilegedActionException'> (0x000000076b4939a0) thrown at [/Users/java_re/workspace/8-2-build-macosx-x86_64/jdk8u161/10277/hotspot/src/share/vm/prims/jvm.cpp, line 1390]
Event: 0.336 Thread 0x00007f9b6b001800 Exception <a 'java/security/PrivilegedActionException'> (0x000000076b493bb0) thrown at [/Users/java_re/workspace/8-2-build-macosx-x86_64/jdk8u161/10277/hotspot/src/share/vm/prims/jvm.cpp, line 1390]
Event: 0.663 Thread 0x00007f9b6b001800 Exception <a 'java/lang/ArrayIndexOutOfBoundsException': 18> (0x000000076c704f40) thrown at [/Users/java_re/workspace/8-2-build-macosx-x86_64/jdk8u161/10277/hotspot/src/share/vm/interpreter/interpreterRuntime.cpp, line 366]
Event: 0.663 Thread 0x00007f9b6b001800 Exception <a 'java/lang/ArrayIndexOutOfBoundsException': 110> (0x000000076c706498) thrown at [/Users/java_re/workspace/8-2-build-macosx-x86_64/jdk8u161/10277/hotspot/src/share/vm/interpreter/interpreterRuntime.cpp, line 366]
Event: 0.752 Thread 0x00007f9b6b001800 Implicit null exception at 0x000000010fa32faa to 0x000000010fa339e7
Event: 0.752 Thread 0x00007f9b6b001800 Exception <a 'java/lang/NullPointerException'> (0x000000076cb3f008) thrown at [/Users/java_re/workspace/8-2-build-macosx-x86_64/jdk8u161/10277/hotspot/src/share/vm/runtime/sharedRuntime.cpp, line 605]
Event: 1.150 Thread 0x00007f9b6da0b000 Exception <a 'java/lang/NoSuchFieldError': method resolution failed> (0x000000076e1daf08) thrown at [/Users/java_re/workspace/8-2-build-macosx-x86_64/jdk8u161/10277/hotspot/src/share/vm/prims/methodHandles.cpp, line 1167]
Event: 1.152 Thread 0x00007f9b6da0b000 Exception <a 'java/lang/NoSuchFieldError': method resolution failed> (0x000000076e1e85c8) thrown at [/Users/java_re/workspace/8-2-build-macosx-x86_64/jdk8u161/10277/hotspot/src/share/vm/prims/methodHandles.cpp, line 1167]
Event: 1.372 Thread 0x00007f9b6d2f0800 Exception <a 'java/lang/UnsatisfiedLinkError': com.almworks.sqlite4java._SQLiteSwiggedJNI.sqlite3_libversion()Ljava/lang/String;> (0x000000076e6fb900) thrown at [/Users/java_re/workspace/8-2-build-macosx-x86_64/jdk8u161/10277/hotspot/src/share/vm/prims/na
Event: 1.393 Thread 0x00007f9b6da1d800 Implicit null exception at 0x000000010fb04818 to 0x000000010fb048a6

Events (10 events):
Event: 40460.637 Thread 0x00007f9b6d32e800 DEOPT PACKING pc=0x000000010fde27ec sp=0x0000700007e357b0
Event: 40460.637 Thread 0x00007f9b6d32e800 DEOPT UNPACKING pc=0x000000010f86373a sp=0x0000700007e35778 mode 2
Event: 59894.485 Thread 0x00007f9b6da1d800 Uncommon trap: trap_request=0xffffff65 fr.pc=0x000000010fe1d28c
Event: 59894.485 Thread 0x00007f9b6da1d800 DEOPT PACKING pc=0x000000010fe1d28c sp=0x000070000761d7b0
Event: 59894.485 Thread 0x00007f9b6da1d800 DEOPT UNPACKING pc=0x000000010f86373a sp=0x000070000761d5c0 mode 2
Event: 74252.875 Executing VM operation: ParallelGCFailedAllocation
Event: 74252.907 Executing VM operation: ParallelGCFailedAllocation done
Event: 95853.035 Thread 0x00007f9b6d2f0800 Uncommon trap: trap_request=0xffffff65 fr.pc=0x000000010fe76928
Event: 95853.037 Thread 0x00007f9b6d2f0800 DEOPT PACKING pc=0x000000010fe76928 sp=0x0000700007926370
Event: 95853.038 Thread 0x00007f9b6d2f0800 DEOPT UNPACKING pc=0x000000010f86373a sp=0x00007000079261b8 mode 2


Dynamic libraries:
0x000000000db85000 	/System/Library/Frameworks/Cocoa.framework/Versions/A/Cocoa
0x000000000db85000 	/System/Library/Frameworks/Security.framework/Versions/A/Security
0x000000000db85000 	/System/Library/Frameworks/ApplicationServices.framework/Versions/A/ApplicationServices
0x000000000db85000 	/usr/lib/libz.1.dylib
0x000000000db85000 	/usr/lib/libSystem.B.dylib
0x000000000db85000 	/usr/lib/libobjc.A.dylib
0x000000000db85000 	/System/Library/Frameworks/CoreFoundation.framework/Versions/A/CoreFoundation
0x000000000db85000 	/System/Library/Frameworks/Foundation.framework/Versions/C/Foundation
0x000000000db85000 	/System/Library/Frameworks/AppKit.framework/Versions/C/AppKit
0x000000000db85000 	/System/Library/Frameworks/CoreData.framework/Versions/A/CoreData
0x000000000db85000 	/System/Library/PrivateFrameworks/RemoteViewServices.framework/Versions/A/RemoteViewServices
0x000000000db85000 	/System/Library/PrivateFrameworks/UIFoundation.framework/Versions/A/UIFoundation
0x000000000db85000 	/System/Library/PrivateFrameworks/DFRFoundation.framework/Versions/A/DFRFoundation
0x000000000db85000 	/System/Library/Frameworks/Metal.framework/Versions/A/Metal
0x000000000db85000 	/System/Library/PrivateFrameworks/DesktopServicesPriv.framework/Versions/A/DesktopServicesPriv
0x000000000db85000 	/usr/lib/libenergytrace.dylib
0x000000000db85000 	/System/Library/PrivateFrameworks/SkyLight.framework/Versions/A/SkyLight
0x000000000db85000 	/System/Library/Frameworks/CoreGraphics.framework/Versions/A/CoreGraphics
0x000000000db85000 	/usr/lib/libScreenReader.dylib
0x000000000db85000 	/System/Library/Frameworks/Accelerate.framework/Versions/A/Accelerate
0x000000000db85000 	/System/Library/Frameworks/IOSurface.framework/Versions/A/IOSurface
0x000000000db85000 	/System/Library/Frameworks/AudioToolbox.framework/Versions/A/AudioToolbox
0x000000000db85000 	/System/Library/Frameworks/AudioUnit.framework/Versions/A/AudioUnit
0x000000000db85000 	/System/Library/PrivateFrameworks/DataDetectorsCore.framework/Versions/A/DataDetectorsCore
0x000000000db85000 	/System/Library/Frameworks/Carbon.framework/Versions/A/Frameworks/HIToolbox.framework/Versions/A/HIToolbox
0x000000000db85000 	/usr/lib/libicucore.A.dylib
0x000000000db85000 	/System/Library/Frameworks/QuartzCore.framework/Versions/A/QuartzCore
0x000000000db85000 	/System/Library/Frameworks/Carbon.framework/Versions/A/Frameworks/SpeechRecognition.framework/Versions/A/SpeechRecognition
0x000000000db85000 	/usr/lib/libauto.dylib
0x000000000db85000 	/usr/lib/libxml2.2.dylib
0x000000000db85000 	/System/Library/PrivateFrameworks/CoreUI.framework/Versions/A/CoreUI
0x000000000db85000 	/System/Library/Frameworks/CoreAudio.framework/Versions/A/CoreAudio
0x000000000db85000 	/System/Library/Frameworks/DiskArbitration.framework/Versions/A/DiskArbitration
0x000000000db85000 	/usr/lib/liblangid.dylib
0x000000000db85000 	/System/Library/PrivateFrameworks/MultitouchSupport.framework/Versions/A/MultitouchSupport
0x000000000db85000 	/System/Library/Frameworks/IOKit.framework/Versions/A/IOKit
0x000000000db85000 	/usr/lib/libDiagnosticMessagesClient.dylib
0x000000000db85000 	/System/Library/Frameworks/CoreServices.framework/Versions/A/CoreServices
0x000000000db85000 	/System/Library/PrivateFrameworks/PerformanceAnalysis.framework/Versions/A/PerformanceAnalysis
0x000000000db85000 	/System/Library/Frameworks/OpenGL.framework/Versions/A/OpenGL
0x000000000db85000 	/System/Library/Frameworks/ColorSync.framework/Versions/A/ColorSync
0x000000000db85000 	/System/Library/Frameworks/CoreImage.framework/Versions/A/CoreImage
0x000000000db85000 	/System/Library/Frameworks/CoreText.framework/Versions/A/CoreText
0x000000000db85000 	/System/Library/Frameworks/ImageIO.framework/Versions/A/ImageIO
0x000000000db85000 	/System/Library/PrivateFrameworks/Backup.framework/Versions/A/Backup
0x000000000db85000 	/usr/lib/libarchive.2.dylib
0x000000000db85000 	/System/Library/Frameworks/CFNetwork.framework/Versions/A/CFNetwork
0x000000000db85000 	/System/Library/Frameworks/SystemConfiguration.framework/Versions/A/SystemConfiguration
0x000000000db85000 	/usr/lib/libCRFSuite.dylib
0x000000000db85000 	/usr/lib/libc++.1.dylib
0x000000000db85000 	/usr/lib/libc++abi.dylib
0x000000000db85000 	/usr/lib/system/libcache.dylib
0x000000000db85000 	/usr/lib/system/libcommonCrypto.dylib
0x000000000db85000 	/usr/lib/system/libcompiler_rt.dylib
0x000000000db85000 	/usr/lib/system/libcopyfile.dylib
0x000000000db85000 	/usr/lib/system/libcorecrypto.dylib
0x000000000db85000 	/usr/lib/system/libdispatch.dylib
0x000000000db85000 	/usr/lib/system/libdyld.dylib
0x000000000db85000 	/usr/lib/system/libkeymgr.dylib
0x000000000db85000 	/usr/lib/system/liblaunch.dylib
0x000000000db85000 	/usr/lib/system/libmacho.dylib
0x000000000db85000 	/usr/lib/system/libquarantine.dylib
0x000000000db85000 	/usr/lib/system/libremovefile.dylib
0x000000000db85000 	/usr/lib/system/libsystem_asl.dylib
0x000000000db85000 	/usr/lib/system/libsystem_blocks.dylib
0x000000000db85000 	/usr/lib/system/libsystem_c.dylib
0x000000000db85000 	/usr/lib/system/libsystem_configuration.dylib
0x000000000db85000 	/usr/lib/system/libsystem_coreservices.dylib
0x000000000db85000 	/usr/lib/system/libsystem_darwin.dylib
0x000000000db85000 	/usr/lib/system/libsystem_dnssd.dylib
0x000000000db85000 	/usr/lib/system/libsystem_info.dylib
0x000000000db85000 	/usr/lib/system/libsystem_m.dylib
0x000000000db85000 	/usr/lib/system/libsystem_malloc.dylib
0x000000000db85000 	/usr/lib/system/libsystem_network.dylib
0x000000000db85000 	/usr/lib/system/libsystem_networkextension.dylib
0x000000000db85000 	/usr/lib/system/libsystem_notify.dylib
0x000000000db85000 	/usr/lib/system/libsystem_sandbox.dylib
0x000000000db85000 	/usr/lib/system/libsystem_secinit.dylib
0x000000000db85000 	/usr/lib/system/libsystem_kernel.dylib
0x000000000db85000 	/usr/lib/system/libsystem_platform.dylib
0x000000000db85000 	/usr/lib/system/libsystem_pthread.dylib
0x000000000db85000 	/usr/lib/system/libsystem_symptoms.dylib
0x000000000db85000 	/usr/lib/system/libsystem_trace.dylib
0x000000000db85000 	/usr/lib/system/libunwind.dylib
0x000000000db85000 	/usr/lib/system/libxpc.dylib
0x000000000db85000 	/usr/lib/closure/libclosured.dylib
0x000000000db85000 	/usr/lib/libbsm.0.dylib
0x000000000db85000 	/usr/lib/system/libkxld.dylib
0x000000000db85000 	/usr/lib/libOpenScriptingUtil.dylib
0x000000000db85000 	/usr/lib/libcoretls.dylib
0x000000000db85000 	/usr/lib/libcoretls_cfhelpers.dylib
0x000000000db85000 	/usr/lib/libpam.2.dylib
0x000000000db85000 	/usr/lib/libsqlite3.dylib
0x000000000db85000 	/usr/lib/libxar.1.dylib
0x000000000db85000 	/usr/lib/libbz2.1.0.dylib
0x000000000db85000 	/usr/lib/liblzma.5.dylib
0x000000000db85000 	/usr/lib/libnetwork.dylib
0x000000000db85000 	/usr/lib/libapple_nghttp2.dylib
0x000000000db85000 	/usr/lib/libpcap.A.dylib
0x000000000db85000 	/usr/lib/libboringssl.dylib
0x000000000db85000 	/usr/lib/libusrtcp.dylib
0x000000000db85000 	/usr/lib/libapple_crypto.dylib
0x000000000db85000 	/System/Library/Frameworks/CoreServices.framework/Versions/A/Frameworks/FSEvents.framework/Versions/A/FSEvents
0x000000000db85000 	/System/Library/Frameworks/CoreServices.framework/Versions/A/Frameworks/CarbonCore.framework/Versions/A/CarbonCore
0x000000000db85000 	/System/Library/Frameworks/CoreServices.framework/Versions/A/Frameworks/Metadata.framework/Versions/A/Metadata
0x000000000db85000 	/System/Library/Frameworks/CoreServices.framework/Versions/A/Frameworks/OSServices.framework/Versions/A/OSServices
0x000000000db85000 	/System/Library/Frameworks/CoreServices.framework/Versions/A/Frameworks/SearchKit.framework/Versions/A/SearchKit
0x000000000db85000 	/System/Library/Frameworks/CoreServices.framework/Versions/A/Frameworks/AE.framework/Versions/A/AE
0x000000000db85000 	/System/Library/Frameworks/CoreServices.framework/Versions/A/Frameworks/LaunchServices.framework/Versions/A/LaunchServices
0x000000000db85000 	/System/Library/Frameworks/CoreServices.framework/Versions/A/Frameworks/DictionaryServices.framework/Versions/A/DictionaryServices
0x000000000db85000 	/System/Library/Frameworks/CoreServices.framework/Versions/A/Frameworks/SharedFileList.framework/Versions/A/SharedFileList
0x000000000db85000 	/System/Library/Frameworks/NetFS.framework/Versions/A/NetFS
0x000000000db85000 	/System/Library/PrivateFrameworks/NetAuth.framework/Versions/A/NetAuth
0x000000000db85000 	/System/Library/PrivateFrameworks/login.framework/Versions/A/Frameworks/loginsupport.framework/Versions/A/loginsupport
0x000000000db85000 	/System/Library/PrivateFrameworks/TCC.framework/Versions/A/TCC
0x000000000db85000 	/usr/lib/libmecabra.dylib
0x000000000db85000 	/System/Library/Frameworks/ApplicationServices.framework/Versions/A/Frameworks/ATS.framework/Versions/A/ATS
0x000000000db85000 	/System/Library/Frameworks/ApplicationServices.framework/Versions/A/Frameworks/ColorSyncLegacy.framework/Versions/A/ColorSyncLegacy
0x000000000db85000 	/System/Library/Frameworks/ApplicationServices.framework/Versions/A/Frameworks/HIServices.framework/Versions/A/HIServices
0x000000000db85000 	/System/Library/Frameworks/ApplicationServices.framework/Versions/A/Frameworks/LangAnalysis.framework/Versions/A/LangAnalysis
0x000000000db85000 	/System/Library/Frameworks/ApplicationServices.framework/Versions/A/Frameworks/PrintCore.framework/Versions/A/PrintCore
0x000000000db85000 	/System/Library/Frameworks/ApplicationServices.framework/Versions/A/Frameworks/QD.framework/Versions/A/QD
0x000000000db85000 	/System/Library/Frameworks/ApplicationServices.framework/Versions/A/Frameworks/SpeechSynthesis.framework/Versions/A/SpeechSynthesis
0x000000000db85000 	/System/Library/Frameworks/CoreDisplay.framework/Versions/A/CoreDisplay
0x000000000db85000 	/System/Library/Frameworks/Accelerate.framework/Versions/A/Frameworks/vImage.framework/Versions/A/vImage
0x000000000db85000 	/System/Library/Frameworks/Accelerate.framework/Versions/A/Frameworks/vecLib.framework/Versions/A/vecLib
0x000000000db85000 	/System/Library/Frameworks/Accelerate.framework/Versions/A/Frameworks/vecLib.framework/Versions/A/libvDSP.dylib
0x000000000db85000 	/System/Library/Frameworks/Accelerate.framework/Versions/A/Frameworks/vecLib.framework/Versions/A/libBNNS.dylib
0x000000000db85000 	/System/Library/Frameworks/Accelerate.framework/Versions/A/Frameworks/vecLib.framework/Versions/A/libQuadrature.dylib
0x000000000db85000 	/System/Library/Frameworks/Accelerate.framework/Versions/A/Frameworks/vecLib.framework/Versions/A/libvMisc.dylib
0x000000000db85000 	/System/Library/Frameworks/Accelerate.framework/Versions/A/Frameworks/vecLib.framework/Versions/A/libLAPACK.dylib
0x000000000db85000 	/System/Library/Frameworks/Accelerate.framework/Versions/A/Frameworks/vecLib.framework/Versions/A/libBLAS.dylib
0x000000000db85000 	/System/Library/Frameworks/Accelerate.framework/Versions/A/Frameworks/vecLib.framework/Versions/A/libLinearAlgebra.dylib
0x000000000db85000 	/System/Library/Frameworks/Accelerate.framework/Versions/A/Frameworks/vecLib.framework/Versions/A/libSparse.dylib
0x000000000db85000 	/System/Library/Frameworks/Accelerate.framework/Versions/A/Frameworks/vecLib.framework/Versions/A/libSparseBLAS.dylib
0x000000000db85000 	/System/Library/PrivateFrameworks/IOAccelerator.framework/Versions/A/IOAccelerator
0x000000000db85000 	/System/Library/PrivateFrameworks/IOPresentment.framework/Versions/A/IOPresentment
0x000000000db85000 	/System/Library/PrivateFrameworks/DSExternalDisplay.framework/Versions/A/DSExternalDisplay
0x000000000db85000 	/System/Library/Frameworks/OpenGL.framework/Versions/A/Libraries/libCoreFSCache.dylib
0x000000000db85000 	/System/Library/Frameworks/CoreVideo.framework/Versions/A/CoreVideo
0x000000000db85000 	/System/Library/PrivateFrameworks/GraphVisualizer.framework/Versions/A/GraphVisualizer
0x000000000db85000 	/System/Library/Frameworks/MetalPerformanceShaders.framework/Versions/A/MetalPerformanceShaders
0x000000000db85000 	/usr/lib/libFosl_dynamic.dylib
0x000000000db85000 	/System/Library/PrivateFrameworks/FaceCore.framework/Versions/A/FaceCore
0x000000000db85000 	/System/Library/Frameworks/OpenCL.framework/Versions/A/OpenCL
0x000000000db85000 	/usr/lib/libcompression.dylib
0x000000000db85000 	/System/Library/Frameworks/ApplicationServices.framework/Versions/A/Frameworks/ATS.framework/Versions/A/Resources/libFontParser.dylib
0x000000000db85000 	/System/Library/Frameworks/ApplicationServices.framework/Versions/A/Frameworks/ATS.framework/Versions/A/Resources/libFontRegistry.dylib
0x000000000db85000 	/System/Library/Frameworks/ImageIO.framework/Versions/A/Resources/libJPEG.dylib
0x000000000db85000 	/System/Library/Frameworks/ImageIO.framework/Versions/A/Resources/libTIFF.dylib
0x000000000db85000 	/System/Library/Frameworks/ImageIO.framework/Versions/A/Resources/libPng.dylib
0x000000000db85000 	/System/Library/Frameworks/ImageIO.framework/Versions/A/Resources/libGIF.dylib
0x000000000db85000 	/System/Library/Frameworks/ImageIO.framework/Versions/A/Resources/libJP2.dylib
0x000000000db85000 	/System/Library/Frameworks/ImageIO.framework/Versions/A/Resources/libRadiance.dylib
0x000000000db85000 	/System/Library/PrivateFrameworks/AppleJPEG.framework/Versions/A/AppleJPEG
0x000000000db85000 	/System/Library/PrivateFrameworks/MetalTools.framework/Versions/A/MetalTools
0x000000000db85000 	/System/Library/Frameworks/MetalPerformanceShaders.framework/Frameworks/MPSCore.framework/Versions/A/MPSCore
0x000000000db85000 	/System/Library/Frameworks/MetalPerformanceShaders.framework/Frameworks/MPSImage.framework/Versions/A/MPSImage
0x000000000db85000 	/System/Library/Frameworks/MetalPerformanceShaders.framework/Frameworks/MPSMatrix.framework/Versions/A/MPSMatrix
0x000000000db85000 	/System/Library/Frameworks/MetalPerformanceShaders.framework/Frameworks/MPSNeuralNetwork.framework/Versions/A/MPSNeuralNetwork
0x000000000db85000 	/System/Library/Frameworks/OpenGL.framework/Versions/A/Libraries/libGLU.dylib
0x000000000db85000 	/System/Library/Frameworks/OpenGL.framework/Versions/A/Libraries/libGFXShared.dylib
0x000000000db85000 	/System/Library/Frameworks/OpenGL.framework/Versions/A/Libraries/libGL.dylib
0x000000000db85000 	/System/Library/Frameworks/OpenGL.framework/Versions/A/Libraries/libGLImage.dylib
0x000000000db85000 	/System/Library/Frameworks/OpenGL.framework/Versions/A/Libraries/libCVMSPluginSupport.dylib
0x000000000db85000 	/System/Library/Frameworks/OpenGL.framework/Versions/A/Libraries/libCoreVMClient.dylib
0x000000000db85000 	/usr/lib/libcups.2.dylib
0x000000000db85000 	/System/Library/Frameworks/Kerberos.framework/Versions/A/Kerberos
0x000000000db85000 	/System/Library/Frameworks/GSS.framework/Versions/A/GSS
0x000000000db85000 	/usr/lib/libresolv.9.dylib
0x000000000db85000 	/usr/lib/libiconv.2.dylib
0x000000000db85000 	/System/Library/PrivateFrameworks/Heimdal.framework/Versions/A/Heimdal
0x000000000db85000 	/usr/lib/libheimdal-asn1.dylib
0x000000000db85000 	/System/Library/Frameworks/OpenDirectory.framework/Versions/A/OpenDirectory
0x000000000db85000 	/System/Library/PrivateFrameworks/CommonAuth.framework/Versions/A/CommonAuth
0x000000000db85000 	/System/Library/Frameworks/OpenDirectory.framework/Versions/A/Frameworks/CFOpenDirectory.framework/Versions/A/CFOpenDirectory
0x000000000db85000 	/System/Library/Frameworks/SecurityFoundation.framework/Versions/A/SecurityFoundation
0x000000000db85000 	/System/Library/PrivateFrameworks/APFS.framework/Versions/A/APFS
0x000000000db85000 	/usr/lib/libutil.dylib
0x000000000db85000 	/System/Library/PrivateFrameworks/AppleSauce.framework/Versions/A/AppleSauce
0x000000000db85000 	/System/Library/PrivateFrameworks/LinguisticData.framework/Versions/A/LinguisticData
0x000000000db85000 	/usr/lib/libmarisa.dylib
0x000000000db85000 	/System/Library/PrivateFrameworks/Lexicon.framework/Versions/A/Lexicon
0x000000000db85000 	/usr/lib/libChineseTokenizer.dylib
0x000000000db85000 	/usr/lib/libcmph.dylib
0x000000000db85000 	/System/Library/PrivateFrameworks/LanguageModeling.framework/Versions/A/LanguageModeling
0x000000000db85000 	/System/Library/PrivateFrameworks/CoreEmoji.framework/Versions/A/CoreEmoji
0x000000000db85000 	/System/Library/Frameworks/ServiceManagement.framework/Versions/A/ServiceManagement
0x000000000db85000 	/System/Library/PrivateFrameworks/BackgroundTaskManagement.framework/Versions/A/BackgroundTaskManagement
0x000000000db85000 	/usr/lib/libxslt.1.dylib
0x000000000db85000 	/System/Library/Frameworks/Carbon.framework/Versions/A/Frameworks/Ink.framework/Versions/A/Ink
0x000000000db85000 	/System/Library/PrivateFrameworks/TextureIO.framework/Versions/A/TextureIO
0x000000000db85000 	/usr/lib/libate.dylib
0x000000000db85000 	/System/Library/PrivateFrameworks/CrashReporterSupport.framework/Versions/A/CrashReporterSupport
0x000000000db85000 	/System/Library/PrivateFrameworks/Sharing.framework/Versions/A/Sharing
0x000000000db85000 	/System/Library/PrivateFrameworks/IconServices.framework/Versions/A/IconServices
0x000000000db85000 	/System/Library/PrivateFrameworks/ProtocolBuffer.framework/Versions/A/ProtocolBuffer
0x000000000db85000 	/System/Library/PrivateFrameworks/Apple80211.framework/Versions/A/Apple80211
0x000000000db85000 	/System/Library/Frameworks/CoreWLAN.framework/Versions/A/CoreWLAN
0x000000000db85000 	/System/Library/PrivateFrameworks/CoreUtils.framework/Versions/A/CoreUtils
0x000000000db85000 	/System/Library/Frameworks/IOBluetooth.framework/Versions/A/IOBluetooth
0x000000000db85000 	/System/Library/PrivateFrameworks/CoreWiFi.framework/Versions/A/CoreWiFi
0x000000000db85000 	/System/Library/Frameworks/CoreBluetooth.framework/Versions/A/CoreBluetooth
0x000000000db85000 	/System/Library/PrivateFrameworks/SignpostNotification.framework/Versions/A/SignpostNotification
0x000000000db85000 	/System/Library/PrivateFrameworks/DebugSymbols.framework/Versions/A/DebugSymbols
0x000000000db85000 	/System/Library/PrivateFrameworks/CoreSymbolication.framework/Versions/A/CoreSymbolication
0x000000000db85000 	/System/Library/PrivateFrameworks/Symbolication.framework/Versions/A/Symbolication
0x000000000db85000 	/System/Library/PrivateFrameworks/AppleFSCompression.framework/Versions/A/AppleFSCompression
0x000000000db85000 	/System/Library/PrivateFrameworks/SpeechRecognitionCore.framework/Versions/A/SpeechRecognitionCore
0x000000010e000000 	/Library/Java/JavaVirtualMachines/jdk1.8.0_161.jdk/Contents/Home/jre/lib/server/libjvm.dylib
0x000000000db85000 	/usr/lib/libstdc++.6.0.9.dylib
0x000000010ce81000 	/Library/Java/JavaVirtualMachines/jdk1.8.0_161.jdk/Contents/Home/jre/lib/libverify.dylib
0x000000010ce8f000 	/Library/Java/JavaVirtualMachines/jdk1.8.0_161.jdk/Contents/Home/jre/lib/libjava.dylib
0x000000010cf0f000 	/Library/Java/JavaVirtualMachines/jdk1.8.0_161.jdk/Contents/Home/jre/lib/libzip.dylib
0x000000012be4f000 	/Library/Java/JavaVirtualMachines/jdk1.8.0_161.jdk/Contents/Home/jre/lib/libmanagement.dylib
0x000000012be5d000 	/Library/Java/JavaVirtualMachines/jdk1.8.0_161.jdk/Contents/Home/jre/lib/libnet.dylib
0x000000012c0d7000 	/Library/Java/JavaVirtualMachines/jdk1.8.0_161.jdk/Contents/Home/jre/lib/libnio.dylib
0x000000012c6e7000 	/Users/roberthunter/DEV/AMNE/api.amne.co/dynamodblocal-bin/DynamoDBLocal_lib/libsqlite4java-osx.dylib
0x000000000db85000 	/System/Library/Frameworks/JavaVM.framework/Versions/A/JavaVM
0x000000000db85000 	/System/Library/PrivateFrameworks/JavaLaunching.framework/Versions/A/JavaLaunching

VM Arguments:
jvm_args: -Djava.library.path=./DynamoDBLocal_lib 
java_command: DynamoDBLocal.jar -port 5102 -sharedDb -dbPath ../../db-local
java_class_path (initial): DynamoDBLocal.jar
Launcher Type: SUN_STANDARD

Environment Variables:
PATH=/usr/local/lib/node_modules/npm/node_modules/npm-lifecycle/node-gyp-bin:/Users/roberthunter/DEV/AMNE/api.amne.co/node_modules/.bin:/usr/local/bin:/usr/bin:/bin:/usr/sbin:/sbin
SHELL=/bin/bash

Signal Handlers:
SIGSEGV: [libjvm.dylib+0x5b5439], sa_mask[0]=11111111011111110111111111111111, sa_flags=SA_ONSTACK|SA_RESTART|SA_SIGINFO
SIGBUS: [libjvm.dylib+0x5b5439], sa_mask[0]=11111111011111110111111111111111, sa_flags=SA_RESTART|SA_SIGINFO
SIGFPE: [libjvm.dylib+0x48ae24], sa_mask[0]=11111111011111110111111111111111, sa_flags=SA_RESTART|SA_SIGINFO
SIGPIPE: [libjvm.dylib+0x48ae24], sa_mask[0]=11111111011111110111111111111111, sa_flags=SA_RESTART|SA_SIGINFO
SIGXFSZ: [libjvm.dylib+0x48ae24], sa_mask[0]=11111111011111110111111111111111, sa_flags=SA_RESTART|SA_SIGINFO
SIGILL: [libjvm.dylib+0x48ae24], sa_mask[0]=11111111011111110111111111111111, sa_flags=SA_RESTART|SA_SIGINFO
SIGUSR1: SIG_DFL, sa_mask[0]=00000000000000000000000000000000, sa_flags=SA_RESTART
SIGUSR2: [libjvm.dylib+0x48a942], sa_mask[0]=00000000000000000000000000000000, sa_flags=SA_RESTART|SA_SIGINFO
SIGHUP: [libjvm.dylib+0x488f0d], sa_mask[0]=11111111011111110111111111111111, sa_flags=SA_RESTART|SA_SIGINFO
SIGINT: [libjvm.dylib+0x488f0d], sa_mask[0]=11111111011111110111111111111111, sa_flags=SA_RESTART|SA_SIGINFO
SIGTERM: [libjvm.dylib+0x488f0d], sa_mask[0]=11111111011111110111111111111111, sa_flags=SA_RESTART|SA_SIGINFO
SIGQUIT: [libjvm.dylib+0x488f0d], sa_mask[0]=11111111011111110111111111111111, sa_flags=SA_RESTART|SA_SIGINFO


---------------  S Y S T E M  ---------------

OS:Bsduname:Darwin 17.4.0 Darwin Kernel Version 17.4.0: Sun Dec 17 09:19:54 PST 2017; root:xnu-4570.41.2~1/RELEASE_X86_64 x86_64
rlimit: STACK 8192k, CORE 0k, NPROC 1418, NOFILE 10240, AS infinity
load average:2.31 2.24 2.24

CPU:total 8 (initial active 8) (4 cores per cpu, 2 threads per core) family 6 model 94 stepping 3, cmov, cx8, fxsr, mmx, sse, sse2, sse3, ssse3, sse4.1, sse4.2, popcnt, avx, avx2, aes, clmul, erms, rtm, 3dnowpref, lzcnt, ht, tsc, tscinvbit, bmi1, bmi2, adx

Memory: 4k page, physical 16777216k(333088k free)

/proc/meminfo:


vm_info: Java HotSpot(TM) 64-Bit Server VM (25.161-b12) for bsd-amd64 JRE (1.8.0_161-b12), built on Dec 19 2017 16:22:20 by "java_re" with gcc 4.2.1 (Based on Apple Inc. build 5658) (LLVM build 2336.11.00)

time: Thu Mar 29 16:01:00 2018
elapsed time: 96109 seconds (1d 2h 41m 49s)

