#
# A fatal error has been detected by the Java Runtime Environment:
#
#  SIGSEGV (0xb) at pc=0x000000010548a970, pid=1045, tid=0x0000000000000307
#
# JRE version: Java(TM) SE Runtime Environment (8.0_161-b12) (build 1.8.0_161-b12)
# Java VM: Java HotSpot(TM) 64-Bit Server VM (25.161-b12 mixed mode bsd-amd64 compressed oops)
# Problematic frame:
# V  [libjvm.dylib+0x48a970]
#
# Failed to write core dump. Core dumps have been disabled. To enable core dumping, try "ulimit -c unlimited" before starting Java again
#
# If you would like to submit a bug report, please visit:
#   http://bugreport.java.com/bugreport/crash.jsp
#

---------------  T H R E A D  ---------------

Current thread is native thread

siginfo: si_signo: 11 (SIGSEGV), si_code: 1 (SEGV_MAPERR), si_addr: 0x0000000000000128

Registers:
RAX=0x0000000000000000, RBX=0x00007ffeebdbd840, RCX=0x00007fffade55388, RDX=0x00007ffeebdbd840
RSP=0x00007ffeebdbd370, RBP=0x00007ffeebdbd3a0, RSI=0x00007ffeebdbd7d8, RDI=0x0000000000000109
R8 =0x00007ffeebdbd840, R9 =0x00000000ffffffff, R10=0x0000000000000c00, R11=0x0000000000000206
R12=0x0000000000000c00, R13=0x0000000007000806, R14=0x00007ffeebdbd7d8, R15=0x0000000000000002
RIP=0x000000010548a970, EFLAGS=0x0000000000010206, ERR=0x0000000000000004
  TRAPNO=0x000000000000000e

Top of Stack: (sp=0x00007ffeebdbd370)
0x00007ffeebdbd370:   000000005a61a038 00007ffeebdbd840
0x00007ffeebdbd380:   0000000000000c00 0000000007000806
0x00007ffeebdbd390:   00007ffeebdbdab0 00000000ffffffff
0x00007ffeebdbd3a0:   00007ffeebdbd3b0 00007fff7507df5a
0x00007ffeebdbd3b0:   00007ffeebdbd950 0000000000000000
0x00007ffeebdbd3c0:   0000000000000000 0000000000000000
0x00007ffeebdbd3d0:   0100001f00000085 00007fffacbdf070
0x00007ffeebdbd3e0:   0000000010004005 0000000007000806
0x00007ffeebdbd3f0:   00007ffeebdbd8f8 0000000000000000
0x00007ffeebdbd400:   00007ffeebdbdab0 0000000007000806
0x00007ffeebdbd410:   00007ffeebdbd950 00007ffeebdbd8f8
0x00007ffeebdbd420:   0000000000000c03 00000000ffffffff
0x00007ffeebdbd430:   0000000000000c00 0000000000000206
0x00007ffeebdbd440:   0000000000000c00 0000000007000806
0x00007ffeebdbd450:   00007ffeebdbdab0 00000000ffffffff
0x00007ffeebdbd460:   00007fff74f427c2 0000000000000206
0x00007ffeebdbd470:   0000000000000007 0000000000000000
0x00007ffeebdbd480:   0000000000000000 0000000000000000
0x00007ffeebdbd490:   000000000000037f 0000000000000000
0x00007ffeebdbd4a0:   0000000000000000 0000ffff00001fa1
0x00007ffeebdbd4b0:   000000000002cd37 000000000000ffff
0x00007ffeebdbd4c0:   0001ffffed351bef 000000000000ffff
0x00007ffeebdbd4d0:   000000000001ffff 000000000000ffff
0x00007ffeebdbd4e0:   0000000000000000 0000000000000000
0x00007ffeebdbd4f0:   0000000000000000 0000000000000000
0x00007ffeebdbd500:   00000000ff73ff94 000000000000ffff
0x00007ffeebdbd510:   000000001245e3d6 000000000000ffff
0x00007ffeebdbd520:   00000000ff700000 000000000000ffff
0x00007ffeebdbd530:   41c03e9399f50aa2 0000000000000000
0x00007ffeebdbd540:   3fed42a8869c66d3 0000000000000000
0x00007ffeebdbd550:   4415af1d78b58c40 0000000000000000
0x00007ffeebdbd560:   c3e0000000000000 0000000000000000 

Instructions: (pc=0x000000010548a970)
0x000000010548a950:   83 ec 08 48 89 d3 49 89 f6 e8 bc 46 14 00 44 8b
0x000000010548a960:   38 48 8d 05 a8 18 3b 00 48 63 38 e8 8c 49 14 00
0x000000010548a970:   4c 8b a0 28 01 00 00 41 83 7c 24 34 01 0f 85 e2
0x000000010548a980:   00 00 00 49 89 5c 24 40 4d 89 74 24 38 49 8d 5c 

Register to memory mapping:

RAX=0x0000000000000000 is an unknown value
RBX=0x00007ffeebdbd840 is an unknown value
RCX=0x00007fffade55388: _thread+0x48 in /usr/lib/system/libsystem_pthread.dylib at 0x00007fff75084000
RDX=0x00007ffeebdbd840 is an unknown value
RSP=0x00007ffeebdbd370 is an unknown value
RBP=0x00007ffeebdbd3a0 is an unknown value
RSI=0x00007ffeebdbd7d8 is an unknown value
RDI=0x0000000000000109 is an unknown value
R8 =0x00007ffeebdbd840 is an unknown value
R9 =0x00000000ffffffff is an unknown value
R10=0x0000000000000c00 is an unknown value
R11=0x0000000000000206 is an unknown value
R12=0x0000000000000c00 is an unknown value
R13=0x0000000007000806 is an unknown value
R14=0x00007ffeebdbd7d8 is an unknown value
R15=0x0000000000000002 is an unknown value


Stack: [0x00007ffeeb5c3000,0x00007ffeebdc3000],  sp=0x00007ffeebdbd370,  free space=8168k
Native frames: (J=compiled Java code, j=interpreted, Vv=VM code, C=native code)
V  [libjvm.dylib+0x48a970]
C  [libsystem_platform.dylib+0x1f5a]  _sigtramp+0x1a
C  0x0000000000000000
C  [CoreFoundation+0x86575]  __CFRunLoopServiceMachPort+0x155
C  [CoreFoundation+0x858c7]  __CFRunLoopRun+0x6f7
C  [CoreFoundation+0x84f43]  CFRunLoopRunSpecific+0x1e3
C  [java+0x647a]  CreateExecutionEnvironment+0x367
C  [java+0x212c]  JLI_Launch+0x7a0
C  [java+0x84d7]  main+0x65
C  [java+0x1984]  start+0x34


---------------  P R O C E S S  ---------------

VM state:not at safepoint (normal execution)

VM Mutex/Monitor currently owned by a thread: None

Heap:
 PSYoungGen      total 100352K, used 36348K [0x000000076ab00000, 0x0000000771f80000, 0x00000007c0000000)
  eden space 99840K, 36% used [0x000000076ab00000,0x000000076ce472a8,0x0000000770c80000)
  from space 512K, 43% used [0x0000000770f80000,0x0000000770fb8000,0x0000000771000000)
  to   space 9728K, 0% used [0x0000000771600000,0x0000000771600000,0x0000000771f80000)
 ParOldGen       total 175104K, used 5700K [0x00000006c0000000, 0x00000006cab00000, 0x000000076ab00000)
  object space 175104K, 3% used [0x00000006c0000000,0x00000006c0591070,0x00000006cab00000)
 Metaspace       used 20745K, capacity 21044K, committed 21248K, reserved 1069056K
  class space    used 2426K, capacity 2521K, committed 2560K, reserved 1048576K

Card table byte_map: [0x000000010636e000,0x0000000106b6f000] byte_map_base: 0x0000000102d6e000

Marking Bits: (ParMarkBitMap*) 0x00000001058f76c0
 Begin Bits: [0x000000011c085000, 0x0000000120085000)
 End Bits:   [0x0000000120085000, 0x0000000124085000)

Polling page: 0x0000000103ef4000

CodeCache: size=245760Kb used=6869Kb max_used=6888Kb free=238890Kb
 bounds [0x000000010d085000, 0x000000010d755000, 0x000000011c085000]
 total_blobs=2525 nmethods=2086 adapters=352
 compilation: enabled

Compilation events (10 events):
Event: 2699.761 Thread 0x00007fd2d101e800 2312       4       com.amazonaws.services.dynamodbv2.local.shared.access.sqlite.SQLiteDBAccess::getGSIsByStatusFromAllTables (42 bytes)
Event: 2699.772 Thread 0x00007fd2d101e800 nmethod 2312 0x000000010d28b5d0 code [0x000000010d28b7c0, 0x000000010d28c238]
Event: 2701.387 Thread 0x00007fd2d1845800 2313       4       com.almworks.sqlite4java.SQLiteStatement::handle (22 bytes)
Event: 2701.388 Thread 0x00007fd2d1845800 nmethod 2313 0x000000010d4b1390 code [0x000000010d4b14e0, 0x000000010d4b1558]
Event: 2811.891 Thread 0x00007fd2d280c000 2314   !   3       java.util.concurrent.locks.AbstractQueuedSynchronizer::acquireQueued (93 bytes)
Event: 2811.893 Thread 0x00007fd2d280c000 nmethod 2314 0x000000010d29ea50 code [0x000000010d29ec80, 0x000000010d29f798]
Event: 2916.181 Thread 0x00007fd2d1845800 2315   !   4       org.eclipse.jetty.io.nio.SelectorManager$SelectSet::doSelect (1368 bytes)
Event: 2916.229 Thread 0x00007fd2d1845800 nmethod 2315 0x000000010d7451d0 code [0x000000010d745800, 0x000000010d748280]
Event: 2979.445 Thread 0x00007fd2d1020000 2316       4       org.eclipse.jetty.util.thread.QueuedThreadPool::runJob (7 bytes)
Event: 2979.452 Thread 0x00007fd2d1020000 nmethod 2316 0x000000010d742690 code [0x000000010d742860, 0x000000010d742d08]

GC Heap History (10 events):
Event: 1881.833 GC heap before
{Heap before GC invocations=9 (full 0):
 PSYoungGen      total 123392K, used 115936K [0x000000076ab00000, 0x0000000773100000, 0x00000007c0000000)
  eden space 115712K, 100% used [0x000000076ab00000,0x0000000771c00000,0x0000000771c00000)
  from space 7680K, 2% used [0x0000000772980000,0x00000007729b8000,0x0000000773100000)
  to   space 10752K, 0% used [0x0000000771c00000,0x0000000771c00000,0x0000000772680000)
 ParOldGen       total 175104K, used 4496K [0x00000006c0000000, 0x00000006cab00000, 0x000000076ab00000)
  object space 175104K, 2% used [0x00000006c0000000,0x00000006c04643c8,0x00000006cab00000)
 Metaspace       used 19513K, capacity 19732K, committed 20096K, reserved 1067008K
  class space    used 2217K, capacity 2313K, committed 2432K, reserved 1048576K
Event: 1881.835 GC heap after
Heap after GC invocations=9 (full 0):
 PSYoungGen      total 113152K, used 784K [0x000000076ab00000, 0x0000000772d80000, 0x00000007c0000000)
  eden space 112128K, 0% used [0x000000076ab00000,0x000000076ab00000,0x0000000771880000)
  from space 1024K, 76% used [0x0000000771c00000,0x0000000771cc4228,0x0000000771d00000)
  to   space 10752K, 0% used [0x0000000772300000,0x0000000772300000,0x0000000772d80000)
 ParOldGen       total 175104K, used 4544K [0x00000006c0000000, 0x00000006cab00000, 0x000000076ab00000)
  object space 175104K, 2% used [0x00000006c0000000,0x00000006c04703c8,0x00000006cab00000)
 Metaspace       used 19513K, capacity 19732K, committed 20096K, reserved 1067008K
  class space    used 2217K, capacity 2313K, committed 2432K, reserved 1048576K
}
Event: 1989.030 GC heap before
{Heap before GC invocations=10 (full 0):
 PSYoungGen      total 113152K, used 112912K [0x000000076ab00000, 0x0000000772d80000, 0x00000007c0000000)
  eden space 112128K, 100% used [0x000000076ab00000,0x0000000771880000,0x0000000771880000)
  from space 1024K, 76% used [0x0000000771c00000,0x0000000771cc4228,0x0000000771d00000)
  to   space 10752K, 0% used [0x0000000772300000,0x0000000772300000,0x0000000772d80000)
 ParOldGen       total 175104K, used 4544K [0x00000006c0000000, 0x00000006cab00000, 0x000000076ab00000)
  object space 175104K, 2% used [0x00000006c0000000,0x00000006c04703c8,0x00000006cab00000)
 Metaspace       used 20737K, capacity 21044K, committed 21248K, reserved 1069056K
  class space    used 2426K, capacity 2521K, committed 2560K, reserved 1048576K
Event: 1989.033 GC heap after
Heap after GC invocations=10 (full 0):
 PSYoungGen      total 115712K, used 2058K [0x000000076ab00000, 0x0000000772980000, 0x00000007c0000000)
  eden space 109056K, 0% used [0x000000076ab00000,0x000000076ab00000,0x0000000771580000)
  from space 6656K, 30% used [0x0000000772300000,0x0000000772502958,0x0000000772980000)
  to   space 10240K, 0% used [0x0000000771580000,0x0000000771580000,0x0000000771f80000)
 ParOldGen       total 175104K, used 4584K [0x00000006c0000000, 0x00000006cab00000, 0x000000076ab00000)
  object space 175104K, 2% used [0x00000006c0000000,0x00000006c047a3c8,0x00000006cab00000)
 Metaspace       used 20737K, capacity 21044K, committed 21248K, reserved 1069056K
  class space    used 2426K, capacity 2521K, committed 2560K, reserved 1048576K
}
Event: 2321.248 GC heap before
{Heap before GC invocations=11 (full 0):
 PSYoungGen      total 115712K, used 111114K [0x000000076ab00000, 0x0000000772980000, 0x00000007c0000000)
  eden space 109056K, 100% used [0x000000076ab00000,0x0000000771580000,0x0000000771580000)
  from space 6656K, 30% used [0x0000000772300000,0x0000000772502958,0x0000000772980000)
  to   space 10240K, 0% used [0x0000000771580000,0x0000000771580000,0x0000000771f80000)
 ParOldGen       total 175104K, used 4584K [0x00000006c0000000, 0x00000006cab00000, 0x000000076ab00000)
  object space 175104K, 2% used [0x00000006c0000000,0x00000006c047a3c8,0x00000006cab00000)
 Metaspace       used 20739K, capacity 21044K, committed 21248K, reserved 1069056K
  class space    used 2426K, capacity 2521K, committed 2560K, reserved 1048576K
Event: 2321.249 GC heap after
Heap after GC invocations=11 (full 0):
 PSYoungGen      total 106496K, used 96K [0x000000076ab00000, 0x0000000772680000, 0x00000007c0000000)
  eden space 105984K, 0% used [0x000000076ab00000,0x000000076ab00000,0x0000000771280000)
  from space 512K, 18% used [0x0000000771580000,0x0000000771598000,0x0000000771600000)
  to   space 10240K, 0% used [0x0000000771c80000,0x0000000771c80000,0x0000000772680000)
 ParOldGen       total 175104K, used 5612K [0x00000006c0000000, 0x00000006cab00000, 0x000000076ab00000)
  object space 175104K, 3% used [0x00000006c0000000,0x00000006c057b070,0x00000006cab00000)
 Metaspace       used 20739K, capacity 21044K, committed 21248K, reserved 1069056K
  class space    used 2426K, capacity 2521K, committed 2560K, reserved 1048576K
}
Event: 2648.281 GC heap before
{Heap before GC invocations=12 (full 0):
 PSYoungGen      total 106496K, used 106080K [0x000000076ab00000, 0x0000000772680000, 0x00000007c0000000)
  eden space 105984K, 100% used [0x000000076ab00000,0x0000000771280000,0x0000000771280000)
  from space 512K, 18% used [0x0000000771580000,0x0000000771598000,0x0000000771600000)
  to   space 10240K, 0% used [0x0000000771c80000,0x0000000771c80000,0x0000000772680000)
 ParOldGen       total 175104K, used 5612K [0x00000006c0000000, 0x00000006cab00000, 0x000000076ab00000)
  object space 175104K, 3% used [0x00000006c0000000,0x00000006c057b070,0x00000006cab00000)
 Metaspace       used 20745K, capacity 21044K, committed 21248K, reserved 1069056K
  class space    used 2426K, capacity 2521K, committed 2560K, reserved 1048576K
Event: 2648.282 GC heap after
Heap after GC invocations=12 (full 0):
 PSYoungGen      total 110080K, used 256K [0x000000076ab00000, 0x0000000772380000, 0x00000007c0000000)
  eden space 102912K, 0% used [0x000000076ab00000,0x000000076ab00000,0x0000000770f80000)
  from space 7168K, 3% used [0x0000000771c80000,0x0000000771cc0000,0x0000000772380000)
  to   space 10240K, 0% used [0x0000000770f80000,0x0000000770f80000,0x0000000771980000)
 ParOldGen       total 175104K, used 5652K [0x00000006c0000000, 0x00000006cab00000, 0x000000076ab00000)
  object space 175104K, 3% used [0x00000006c0000000,0x00000006c0585070,0x00000006cab00000)
 Metaspace       used 20745K, capacity 21044K, committed 21248K, reserved 1069056K
  class space    used 2426K, capacity 2521K, committed 2560K, reserved 1048576K
}
Event: 2963.602 GC heap before
{Heap before GC invocations=13 (full 0):
 PSYoungGen      total 110080K, used 103168K [0x000000076ab00000, 0x0000000772380000, 0x00000007c0000000)
  eden space 102912K, 100% used [0x000000076ab00000,0x0000000770f80000,0x0000000770f80000)
  from space 7168K, 3% used [0x0000000771c80000,0x0000000771cc0000,0x0000000772380000)
  to   space 10240K, 0% used [0x0000000770f80000,0x0000000770f80000,0x0000000771980000)
 ParOldGen       total 175104K, used 5652K [0x00000006c0000000, 0x00000006cab00000, 0x000000076ab00000)
  object space 175104K, 3% used [0x00000006c0000000,0x00000006c0585070,0x00000006cab00000)
 Metaspace       used 20745K, capacity 21044K, committed 21248K, reserved 1069056K
  class space    used 2426K, capacity 2521K, committed 2560K, reserved 1048576K
Event: 2963.603 GC heap after
Heap after GC invocations=13 (full 0):
 PSYoungGen      total 100352K, used 224K [0x000000076ab00000, 0x0000000771f80000, 0x00000007c0000000)
  eden space 99840K, 0% used [0x000000076ab00000,0x000000076ab00000,0x0000000770c80000)
  from space 512K, 43% used [0x0000000770f80000,0x0000000770fb8000,0x0000000771000000)
  to   space 9728K, 0% used [0x0000000771600000,0x0000000771600000,0x0000000771f80000)
 ParOldGen       total 175104K, used 5700K [0x00000006c0000000, 0x00000006cab00000, 0x000000076ab00000)
  object space 175104K, 3% used [0x00000006c0000000,0x00000006c0591070,0x00000006cab00000)
 Metaspace       used 20745K, capacity 21044K, committed 21248K, reserved 1069056K
  class space    used 2426K, capacity 2521K, committed 2560K, reserved 1048576K
}

Deoptimization events (10 events):
Event: 1881.969 Thread 0x00007fd2d221b000 Uncommon trap: reason=class_check action=maybe_recompile pc=0x000000010d1ba72c method=org.eclipse.jetty.util.thread.QueuedThreadPool.idleJobPoll()Ljava/lang/Runnable; @ 17
Event: 1881.969 Thread 0x00007fd2d12a2800 Uncommon trap: reason=unstable_if action=reinterpret pc=0x000000010d6ccac8 method=java.util.concurrent.ConcurrentLinkedQueue.first()Ljava/util/concurrent/ConcurrentLinkedQueue$Node; @ 32
Event: 1881.987 Thread 0x00007fd2d12b5800 Uncommon trap: reason=class_check action=maybe_recompile pc=0x000000010d1ba72c method=org.eclipse.jetty.util.thread.QueuedThreadPool.idleJobPoll()Ljava/lang/Runnable; @ 17
Event: 1881.987 Thread 0x00007fd2d1289000 Uncommon trap: reason=class_check action=maybe_recompile pc=0x000000010d1ba72c method=org.eclipse.jetty.util.thread.QueuedThreadPool.idleJobPoll()Ljava/lang/Runnable; @ 17
Event: 1881.988 Thread 0x00007fd2d4349000 Uncommon trap: reason=class_check action=maybe_recompile pc=0x000000010d1ba72c method=org.eclipse.jetty.util.thread.QueuedThreadPool.idleJobPoll()Ljava/lang/Runnable; @ 17
Event: 1881.988 Thread 0x00007fd2d12a2800 Uncommon trap: reason=unstable_if action=reinterpret pc=0x000000010d2a27b0 method=java.util.concurrent.locks.AbstractQueuedSynchronizer$ConditionObject.doSignal(Ljava/util/concurrent/locks/AbstractQueuedSynchronizer$Node;)V @ 9
Event: 1881.988 Thread 0x00007fd2d221b000 Uncommon trap: reason=class_check action=maybe_recompile pc=0x000000010d1ba72c method=org.eclipse.jetty.util.thread.QueuedThreadPool.idleJobPoll()Ljava/lang/Runnable; @ 17
Event: 1881.994 Thread 0x00007fd2d221b000 Uncommon trap: reason=unstable_if action=reinterpret pc=0x000000010d47bcc4 method=java.util.concurrent.ConcurrentHashMap.putVal(Ljava/lang/Object;Ljava/lang/Object;Z)Ljava/lang/Object; @ 206
Event: 1882.004 Thread 0x00007fd2d12b5800 Uncommon trap: reason=unstable_if action=reinterpret pc=0x000000010d1c0a94 method=java.util.concurrent.locks.AbstractQueuedSynchronizer$ConditionObject.addConditionWaiter()Ljava/util/concurrent/locks/AbstractQueuedSynchronizer$Node; @ 6
Event: 2481.647 Thread 0x00007fd2d12b5800 Uncommon trap: reason=unstable_if action=reinterpret pc=0x000000010d1bf15c method=java.util.concurrent.locks.AbstractQueuedSynchronizer.acquireQueued(Ljava/util/concurrent/locks/AbstractQueuedSynchronizer$Node;I)Z @ 17

Classes redefined (0 events):
No events

Internal exceptions (10 events):
Event: 0.675 Thread 0x00007fd2d1804000 Exception <a 'java/lang/ArrayIndexOutOfBoundsException': 18> (0x000000076c706518) thrown at [/Users/java_re/workspace/8-2-build-macosx-x86_64/jdk8u161/10277/hotspot/src/share/vm/interpreter/interpreterRuntime.cpp, line 366]
Event: 0.675 Thread 0x00007fd2d1804000 Exception <a 'java/lang/ArrayIndexOutOfBoundsException': 110> (0x000000076c707a70) thrown at [/Users/java_re/workspace/8-2-build-macosx-x86_64/jdk8u161/10277/hotspot/src/share/vm/interpreter/interpreterRuntime.cpp, line 366]
Event: 0.771 Thread 0x00007fd2d1804000 Implicit null exception at 0x000000010d29782a to 0x000000010d298267
Event: 0.771 Thread 0x00007fd2d1804000 Exception <a 'java/lang/NullPointerException'> (0x000000076cb406e8) thrown at [/Users/java_re/workspace/8-2-build-macosx-x86_64/jdk8u161/10277/hotspot/src/share/vm/runtime/sharedRuntime.cpp, line 605]
Event: 1.128 Thread 0x00007fd2d12a3800 Exception <a 'java/lang/NoSuchFieldError': method resolution failed> (0x000000076e1dc4a0) thrown at [/Users/java_re/workspace/8-2-build-macosx-x86_64/jdk8u161/10277/hotspot/src/share/vm/prims/methodHandles.cpp, line 1167]
Event: 1.130 Thread 0x00007fd2d12a3800 Exception <a 'java/lang/NoSuchFieldError': method resolution failed> (0x000000076e1e9b60) thrown at [/Users/java_re/workspace/8-2-build-macosx-x86_64/jdk8u161/10277/hotspot/src/share/vm/prims/methodHandles.cpp, line 1167]
Event: 1.339 Thread 0x00007fd2d12cb800 Exception <a 'java/lang/UnsatisfiedLinkError': com.almworks.sqlite4java._SQLiteSwiggedJNI.sqlite3_libversion()Ljava/lang/String;> (0x000000076c32c720) thrown at [/Users/java_re/workspace/8-2-build-macosx-x86_64/jdk8u161/10277/hotspot/src/share/vm/prims/na
Event: 1.362 Thread 0x00007fd2d4349000 Implicit null exception at 0x000000010d3714d8 to 0x000000010d371566
Event: 1881.789 Thread 0x00007fd2d1289000 Implicit null exception at 0x000000010d6ba57a to 0x000000010d6ba8f5
Event: 1882.004 Thread 0x00007fd2d12b5800 Implicit null exception at 0x000000010d1c0005 to 0x000000010d1c0a7d

Events (10 events):
Event: 2481.647 Thread 0x00007fd2d12b5800 DEOPT PACKING pc=0x000000010d1bf15c sp=0x000070000e12a7c0
Event: 2481.647 Thread 0x00007fd2d12b5800 DEOPT UNPACKING pc=0x000000010d0ca73a sp=0x000070000e12a770 mode 2
Event: 2591.926 loading class com/almworks/sqlite4java/SQLiteProfiler
Event: 2591.926 loading class com/almworks/sqlite4java/SQLiteProfiler done
Event: 2648.281 Executing VM operation: ParallelGCFailedAllocation
Event: 2648.282 Executing VM operation: ParallelGCFailedAllocation done
Event: 2701.386 Thread 0x00007fd2d4100000 Thread added: 0x00007fd2d4100000
Event: 2963.602 Executing VM operation: ParallelGCFailedAllocation
Event: 2963.603 Executing VM operation: ParallelGCFailedAllocation done
Event: 2979.452 Thread 0x00007fd2d1020000 flushing nmethod 0x000000010d1b1950


Dynamic libraries:
0x0000000025abc000 	/System/Library/Frameworks/Cocoa.framework/Versions/A/Cocoa
0x0000000025abc000 	/System/Library/Frameworks/Security.framework/Versions/A/Security
0x0000000025abc000 	/System/Library/Frameworks/ApplicationServices.framework/Versions/A/ApplicationServices
0x0000000025abc000 	/usr/lib/libz.1.dylib
0x0000000025abc000 	/usr/lib/libSystem.B.dylib
0x0000000025abc000 	/usr/lib/libobjc.A.dylib
0x0000000025abc000 	/System/Library/Frameworks/CoreFoundation.framework/Versions/A/CoreFoundation
0x0000000025abc000 	/System/Library/Frameworks/Foundation.framework/Versions/C/Foundation
0x0000000025abc000 	/System/Library/Frameworks/AppKit.framework/Versions/C/AppKit
0x0000000025abc000 	/System/Library/Frameworks/CoreData.framework/Versions/A/CoreData
0x0000000025abc000 	/System/Library/PrivateFrameworks/RemoteViewServices.framework/Versions/A/RemoteViewServices
0x0000000025abc000 	/System/Library/PrivateFrameworks/UIFoundation.framework/Versions/A/UIFoundation
0x0000000025abc000 	/System/Library/PrivateFrameworks/DFRFoundation.framework/Versions/A/DFRFoundation
0x0000000025abc000 	/System/Library/Frameworks/Metal.framework/Versions/A/Metal
0x0000000025abc000 	/System/Library/PrivateFrameworks/DesktopServicesPriv.framework/Versions/A/DesktopServicesPriv
0x0000000025abc000 	/usr/lib/libenergytrace.dylib
0x0000000025abc000 	/System/Library/PrivateFrameworks/SkyLight.framework/Versions/A/SkyLight
0x0000000025abc000 	/System/Library/Frameworks/CoreGraphics.framework/Versions/A/CoreGraphics
0x0000000025abc000 	/usr/lib/libScreenReader.dylib
0x0000000025abc000 	/System/Library/Frameworks/Accelerate.framework/Versions/A/Accelerate
0x0000000025abc000 	/System/Library/Frameworks/IOSurface.framework/Versions/A/IOSurface
0x0000000025abc000 	/System/Library/Frameworks/AudioToolbox.framework/Versions/A/AudioToolbox
0x0000000025abc000 	/System/Library/Frameworks/AudioUnit.framework/Versions/A/AudioUnit
0x0000000025abc000 	/System/Library/PrivateFrameworks/DataDetectorsCore.framework/Versions/A/DataDetectorsCore
0x0000000025abc000 	/System/Library/Frameworks/Carbon.framework/Versions/A/Frameworks/HIToolbox.framework/Versions/A/HIToolbox
0x0000000025abc000 	/usr/lib/libicucore.A.dylib
0x0000000025abc000 	/System/Library/Frameworks/QuartzCore.framework/Versions/A/QuartzCore
0x0000000025abc000 	/System/Library/Frameworks/Carbon.framework/Versions/A/Frameworks/SpeechRecognition.framework/Versions/A/SpeechRecognition
0x0000000025abc000 	/usr/lib/libauto.dylib
0x0000000025abc000 	/usr/lib/libxml2.2.dylib
0x0000000025abc000 	/System/Library/PrivateFrameworks/CoreUI.framework/Versions/A/CoreUI
0x0000000025abc000 	/System/Library/Frameworks/CoreAudio.framework/Versions/A/CoreAudio
0x0000000025abc000 	/System/Library/Frameworks/DiskArbitration.framework/Versions/A/DiskArbitration
0x0000000025abc000 	/usr/lib/liblangid.dylib
0x0000000025abc000 	/System/Library/PrivateFrameworks/MultitouchSupport.framework/Versions/A/MultitouchSupport
0x0000000025abc000 	/System/Library/Frameworks/IOKit.framework/Versions/A/IOKit
0x0000000025abc000 	/usr/lib/libDiagnosticMessagesClient.dylib
0x0000000025abc000 	/System/Library/Frameworks/CoreServices.framework/Versions/A/CoreServices
0x0000000025abc000 	/System/Library/PrivateFrameworks/PerformanceAnalysis.framework/Versions/A/PerformanceAnalysis
0x0000000025abc000 	/System/Library/Frameworks/OpenGL.framework/Versions/A/OpenGL
0x0000000025abc000 	/System/Library/Frameworks/ColorSync.framework/Versions/A/ColorSync
0x0000000025abc000 	/System/Library/Frameworks/CoreImage.framework/Versions/A/CoreImage
0x0000000025abc000 	/System/Library/Frameworks/CoreText.framework/Versions/A/CoreText
0x0000000025abc000 	/System/Library/Frameworks/ImageIO.framework/Versions/A/ImageIO
0x0000000025abc000 	/System/Library/PrivateFrameworks/Backup.framework/Versions/A/Backup
0x0000000025abc000 	/usr/lib/libarchive.2.dylib
0x0000000025abc000 	/System/Library/Frameworks/CFNetwork.framework/Versions/A/CFNetwork
0x0000000025abc000 	/System/Library/Frameworks/SystemConfiguration.framework/Versions/A/SystemConfiguration
0x0000000025abc000 	/usr/lib/libCRFSuite.dylib
0x0000000025abc000 	/usr/lib/libc++.1.dylib
0x0000000025abc000 	/usr/lib/libc++abi.dylib
0x0000000025abc000 	/usr/lib/system/libcache.dylib
0x0000000025abc000 	/usr/lib/system/libcommonCrypto.dylib
0x0000000025abc000 	/usr/lib/system/libcompiler_rt.dylib
0x0000000025abc000 	/usr/lib/system/libcopyfile.dylib
0x0000000025abc000 	/usr/lib/system/libcorecrypto.dylib
0x0000000025abc000 	/usr/lib/system/libdispatch.dylib
0x0000000025abc000 	/usr/lib/system/libdyld.dylib
0x0000000025abc000 	/usr/lib/system/libkeymgr.dylib
0x0000000025abc000 	/usr/lib/system/liblaunch.dylib
0x0000000025abc000 	/usr/lib/system/libmacho.dylib
0x0000000025abc000 	/usr/lib/system/libquarantine.dylib
0x0000000025abc000 	/usr/lib/system/libremovefile.dylib
0x0000000025abc000 	/usr/lib/system/libsystem_asl.dylib
0x0000000025abc000 	/usr/lib/system/libsystem_blocks.dylib
0x0000000025abc000 	/usr/lib/system/libsystem_c.dylib
0x0000000025abc000 	/usr/lib/system/libsystem_configuration.dylib
0x0000000025abc000 	/usr/lib/system/libsystem_coreservices.dylib
0x0000000025abc000 	/usr/lib/system/libsystem_darwin.dylib
0x0000000025abc000 	/usr/lib/system/libsystem_dnssd.dylib
0x0000000025abc000 	/usr/lib/system/libsystem_info.dylib
0x0000000025abc000 	/usr/lib/system/libsystem_m.dylib
0x0000000025abc000 	/usr/lib/system/libsystem_malloc.dylib
0x0000000025abc000 	/usr/lib/system/libsystem_network.dylib
0x0000000025abc000 	/usr/lib/system/libsystem_networkextension.dylib
0x0000000025abc000 	/usr/lib/system/libsystem_notify.dylib
0x0000000025abc000 	/usr/lib/system/libsystem_sandbox.dylib
0x0000000025abc000 	/usr/lib/system/libsystem_secinit.dylib
0x0000000025abc000 	/usr/lib/system/libsystem_kernel.dylib
0x0000000025abc000 	/usr/lib/system/libsystem_platform.dylib
0x0000000025abc000 	/usr/lib/system/libsystem_pthread.dylib
0x0000000025abc000 	/usr/lib/system/libsystem_symptoms.dylib
0x0000000025abc000 	/usr/lib/system/libsystem_trace.dylib
0x0000000025abc000 	/usr/lib/system/libunwind.dylib
0x0000000025abc000 	/usr/lib/system/libxpc.dylib
0x0000000025abc000 	/usr/lib/closure/libclosured.dylib
0x0000000025abc000 	/usr/lib/libbsm.0.dylib
0x0000000025abc000 	/usr/lib/system/libkxld.dylib
0x0000000025abc000 	/usr/lib/libOpenScriptingUtil.dylib
0x0000000025abc000 	/usr/lib/libcoretls.dylib
0x0000000025abc000 	/usr/lib/libcoretls_cfhelpers.dylib
0x0000000025abc000 	/usr/lib/libpam.2.dylib
0x0000000025abc000 	/usr/lib/libsqlite3.dylib
0x0000000025abc000 	/usr/lib/libxar.1.dylib
0x0000000025abc000 	/usr/lib/libbz2.1.0.dylib
0x0000000025abc000 	/usr/lib/liblzma.5.dylib
0x0000000025abc000 	/usr/lib/libnetwork.dylib
0x0000000025abc000 	/usr/lib/libapple_nghttp2.dylib
0x0000000025abc000 	/usr/lib/libpcap.A.dylib
0x0000000025abc000 	/usr/lib/libboringssl.dylib
0x0000000025abc000 	/usr/lib/libusrtcp.dylib
0x0000000025abc000 	/usr/lib/libapple_crypto.dylib
0x0000000025abc000 	/System/Library/Frameworks/CoreServices.framework/Versions/A/Frameworks/FSEvents.framework/Versions/A/FSEvents
0x0000000025abc000 	/System/Library/Frameworks/CoreServices.framework/Versions/A/Frameworks/CarbonCore.framework/Versions/A/CarbonCore
0x0000000025abc000 	/System/Library/Frameworks/CoreServices.framework/Versions/A/Frameworks/Metadata.framework/Versions/A/Metadata
0x0000000025abc000 	/System/Library/Frameworks/CoreServices.framework/Versions/A/Frameworks/OSServices.framework/Versions/A/OSServices
0x0000000025abc000 	/System/Library/Frameworks/CoreServices.framework/Versions/A/Frameworks/SearchKit.framework/Versions/A/SearchKit
0x0000000025abc000 	/System/Library/Frameworks/CoreServices.framework/Versions/A/Frameworks/AE.framework/Versions/A/AE
0x0000000025abc000 	/System/Library/Frameworks/CoreServices.framework/Versions/A/Frameworks/LaunchServices.framework/Versions/A/LaunchServices
0x0000000025abc000 	/System/Library/Frameworks/CoreServices.framework/Versions/A/Frameworks/DictionaryServices.framework/Versions/A/DictionaryServices
0x0000000025abc000 	/System/Library/Frameworks/CoreServices.framework/Versions/A/Frameworks/SharedFileList.framework/Versions/A/SharedFileList
0x0000000025abc000 	/System/Library/Frameworks/NetFS.framework/Versions/A/NetFS
0x0000000025abc000 	/System/Library/PrivateFrameworks/NetAuth.framework/Versions/A/NetAuth
0x0000000025abc000 	/System/Library/PrivateFrameworks/login.framework/Versions/A/Frameworks/loginsupport.framework/Versions/A/loginsupport
0x0000000025abc000 	/System/Library/PrivateFrameworks/TCC.framework/Versions/A/TCC
0x0000000025abc000 	/usr/lib/libmecabra.dylib
0x0000000025abc000 	/System/Library/Frameworks/ApplicationServices.framework/Versions/A/Frameworks/ATS.framework/Versions/A/ATS
0x0000000025abc000 	/System/Library/Frameworks/ApplicationServices.framework/Versions/A/Frameworks/ColorSyncLegacy.framework/Versions/A/ColorSyncLegacy
0x0000000025abc000 	/System/Library/Frameworks/ApplicationServices.framework/Versions/A/Frameworks/HIServices.framework/Versions/A/HIServices
0x0000000025abc000 	/System/Library/Frameworks/ApplicationServices.framework/Versions/A/Frameworks/LangAnalysis.framework/Versions/A/LangAnalysis
0x0000000025abc000 	/System/Library/Frameworks/ApplicationServices.framework/Versions/A/Frameworks/PrintCore.framework/Versions/A/PrintCore
0x0000000025abc000 	/System/Library/Frameworks/ApplicationServices.framework/Versions/A/Frameworks/QD.framework/Versions/A/QD
0x0000000025abc000 	/System/Library/Frameworks/ApplicationServices.framework/Versions/A/Frameworks/SpeechSynthesis.framework/Versions/A/SpeechSynthesis
0x0000000025abc000 	/System/Library/Frameworks/CoreDisplay.framework/Versions/A/CoreDisplay
0x0000000025abc000 	/System/Library/Frameworks/Accelerate.framework/Versions/A/Frameworks/vImage.framework/Versions/A/vImage
0x0000000025abc000 	/System/Library/Frameworks/Accelerate.framework/Versions/A/Frameworks/vecLib.framework/Versions/A/vecLib
0x0000000025abc000 	/System/Library/Frameworks/Accelerate.framework/Versions/A/Frameworks/vecLib.framework/Versions/A/libvDSP.dylib
0x0000000025abc000 	/System/Library/Frameworks/Accelerate.framework/Versions/A/Frameworks/vecLib.framework/Versions/A/libBNNS.dylib
0x0000000025abc000 	/System/Library/Frameworks/Accelerate.framework/Versions/A/Frameworks/vecLib.framework/Versions/A/libQuadrature.dylib
0x0000000025abc000 	/System/Library/Frameworks/Accelerate.framework/Versions/A/Frameworks/vecLib.framework/Versions/A/libvMisc.dylib
0x0000000025abc000 	/System/Library/Frameworks/Accelerate.framework/Versions/A/Frameworks/vecLib.framework/Versions/A/libLAPACK.dylib
0x0000000025abc000 	/System/Library/Frameworks/Accelerate.framework/Versions/A/Frameworks/vecLib.framework/Versions/A/libBLAS.dylib
0x0000000025abc000 	/System/Library/Frameworks/Accelerate.framework/Versions/A/Frameworks/vecLib.framework/Versions/A/libLinearAlgebra.dylib
0x0000000025abc000 	/System/Library/Frameworks/Accelerate.framework/Versions/A/Frameworks/vecLib.framework/Versions/A/libSparse.dylib
0x0000000025abc000 	/System/Library/Frameworks/Accelerate.framework/Versions/A/Frameworks/vecLib.framework/Versions/A/libSparseBLAS.dylib
0x0000000025abc000 	/System/Library/PrivateFrameworks/IOAccelerator.framework/Versions/A/IOAccelerator
0x0000000025abc000 	/System/Library/PrivateFrameworks/IOPresentment.framework/Versions/A/IOPresentment
0x0000000025abc000 	/System/Library/PrivateFrameworks/DSExternalDisplay.framework/Versions/A/DSExternalDisplay
0x0000000025abc000 	/System/Library/Frameworks/OpenGL.framework/Versions/A/Libraries/libCoreFSCache.dylib
0x0000000025abc000 	/System/Library/Frameworks/CoreVideo.framework/Versions/A/CoreVideo
0x0000000025abc000 	/System/Library/PrivateFrameworks/GraphVisualizer.framework/Versions/A/GraphVisualizer
0x0000000025abc000 	/System/Library/Frameworks/MetalPerformanceShaders.framework/Versions/A/MetalPerformanceShaders
0x0000000025abc000 	/usr/lib/libFosl_dynamic.dylib
0x0000000025abc000 	/System/Library/PrivateFrameworks/FaceCore.framework/Versions/A/FaceCore
0x0000000025abc000 	/System/Library/Frameworks/OpenCL.framework/Versions/A/OpenCL
0x0000000025abc000 	/usr/lib/libcompression.dylib
0x0000000025abc000 	/System/Library/Frameworks/ApplicationServices.framework/Versions/A/Frameworks/ATS.framework/Versions/A/Resources/libFontParser.dylib
0x0000000025abc000 	/System/Library/Frameworks/ApplicationServices.framework/Versions/A/Frameworks/ATS.framework/Versions/A/Resources/libFontRegistry.dylib
0x0000000025abc000 	/System/Library/Frameworks/ImageIO.framework/Versions/A/Resources/libJPEG.dylib
0x0000000025abc000 	/System/Library/Frameworks/ImageIO.framework/Versions/A/Resources/libTIFF.dylib
0x0000000025abc000 	/System/Library/Frameworks/ImageIO.framework/Versions/A/Resources/libPng.dylib
0x0000000025abc000 	/System/Library/Frameworks/ImageIO.framework/Versions/A/Resources/libGIF.dylib
0x0000000025abc000 	/System/Library/Frameworks/ImageIO.framework/Versions/A/Resources/libJP2.dylib
0x0000000025abc000 	/System/Library/Frameworks/ImageIO.framework/Versions/A/Resources/libRadiance.dylib
0x0000000025abc000 	/System/Library/PrivateFrameworks/AppleJPEG.framework/Versions/A/AppleJPEG
0x0000000025abc000 	/System/Library/PrivateFrameworks/MetalTools.framework/Versions/A/MetalTools
0x0000000025abc000 	/System/Library/Frameworks/MetalPerformanceShaders.framework/Frameworks/MPSCore.framework/Versions/A/MPSCore
0x0000000025abc000 	/System/Library/Frameworks/MetalPerformanceShaders.framework/Frameworks/MPSImage.framework/Versions/A/MPSImage
0x0000000025abc000 	/System/Library/Frameworks/MetalPerformanceShaders.framework/Frameworks/MPSMatrix.framework/Versions/A/MPSMatrix
0x0000000025abc000 	/System/Library/Frameworks/MetalPerformanceShaders.framework/Frameworks/MPSNeuralNetwork.framework/Versions/A/MPSNeuralNetwork
0x0000000025abc000 	/System/Library/Frameworks/OpenGL.framework/Versions/A/Libraries/libGLU.dylib
0x0000000025abc000 	/System/Library/Frameworks/OpenGL.framework/Versions/A/Libraries/libGFXShared.dylib
0x0000000025abc000 	/System/Library/Frameworks/OpenGL.framework/Versions/A/Libraries/libGL.dylib
0x0000000025abc000 	/System/Library/Frameworks/OpenGL.framework/Versions/A/Libraries/libGLImage.dylib
0x0000000025abc000 	/System/Library/Frameworks/OpenGL.framework/Versions/A/Libraries/libCVMSPluginSupport.dylib
0x0000000025abc000 	/System/Library/Frameworks/OpenGL.framework/Versions/A/Libraries/libCoreVMClient.dylib
0x0000000025abc000 	/usr/lib/libcups.2.dylib
0x0000000025abc000 	/System/Library/Frameworks/Kerberos.framework/Versions/A/Kerberos
0x0000000025abc000 	/System/Library/Frameworks/GSS.framework/Versions/A/GSS
0x0000000025abc000 	/usr/lib/libresolv.9.dylib
0x0000000025abc000 	/usr/lib/libiconv.2.dylib
0x0000000025abc000 	/System/Library/PrivateFrameworks/Heimdal.framework/Versions/A/Heimdal
0x0000000025abc000 	/usr/lib/libheimdal-asn1.dylib
0x0000000025abc000 	/System/Library/Frameworks/OpenDirectory.framework/Versions/A/OpenDirectory
0x0000000025abc000 	/System/Library/PrivateFrameworks/CommonAuth.framework/Versions/A/CommonAuth
0x0000000025abc000 	/System/Library/Frameworks/OpenDirectory.framework/Versions/A/Frameworks/CFOpenDirectory.framework/Versions/A/CFOpenDirectory
0x0000000025abc000 	/System/Library/Frameworks/SecurityFoundation.framework/Versions/A/SecurityFoundation
0x0000000025abc000 	/System/Library/PrivateFrameworks/APFS.framework/Versions/A/APFS
0x0000000025abc000 	/usr/lib/libutil.dylib
0x0000000025abc000 	/System/Library/PrivateFrameworks/AppleSauce.framework/Versions/A/AppleSauce
0x0000000025abc000 	/System/Library/PrivateFrameworks/LinguisticData.framework/Versions/A/LinguisticData
0x0000000025abc000 	/usr/lib/libmarisa.dylib
0x0000000025abc000 	/System/Library/PrivateFrameworks/Lexicon.framework/Versions/A/Lexicon
0x0000000025abc000 	/usr/lib/libChineseTokenizer.dylib
0x0000000025abc000 	/usr/lib/libcmph.dylib
0x0000000025abc000 	/System/Library/PrivateFrameworks/LanguageModeling.framework/Versions/A/LanguageModeling
0x0000000025abc000 	/System/Library/PrivateFrameworks/CoreEmoji.framework/Versions/A/CoreEmoji
0x0000000025abc000 	/System/Library/Frameworks/ServiceManagement.framework/Versions/A/ServiceManagement
0x0000000025abc000 	/System/Library/PrivateFrameworks/BackgroundTaskManagement.framework/Versions/A/BackgroundTaskManagement
0x0000000025abc000 	/usr/lib/libxslt.1.dylib
0x0000000025abc000 	/System/Library/Frameworks/Carbon.framework/Versions/A/Frameworks/Ink.framework/Versions/A/Ink
0x0000000025abc000 	/System/Library/PrivateFrameworks/TextureIO.framework/Versions/A/TextureIO
0x0000000025abc000 	/usr/lib/libate.dylib
0x0000000025abc000 	/System/Library/PrivateFrameworks/CrashReporterSupport.framework/Versions/A/CrashReporterSupport
0x0000000025abc000 	/System/Library/PrivateFrameworks/Sharing.framework/Versions/A/Sharing
0x0000000025abc000 	/System/Library/PrivateFrameworks/IconServices.framework/Versions/A/IconServices
0x0000000025abc000 	/System/Library/PrivateFrameworks/ProtocolBuffer.framework/Versions/A/ProtocolBuffer
0x0000000025abc000 	/System/Library/PrivateFrameworks/Apple80211.framework/Versions/A/Apple80211
0x0000000025abc000 	/System/Library/Frameworks/CoreWLAN.framework/Versions/A/CoreWLAN
0x0000000025abc000 	/System/Library/PrivateFrameworks/CoreUtils.framework/Versions/A/CoreUtils
0x0000000025abc000 	/System/Library/Frameworks/IOBluetooth.framework/Versions/A/IOBluetooth
0x0000000025abc000 	/System/Library/PrivateFrameworks/CoreWiFi.framework/Versions/A/CoreWiFi
0x0000000025abc000 	/System/Library/Frameworks/CoreBluetooth.framework/Versions/A/CoreBluetooth
0x0000000025abc000 	/System/Library/PrivateFrameworks/SignpostNotification.framework/Versions/A/SignpostNotification
0x0000000025abc000 	/System/Library/PrivateFrameworks/DebugSymbols.framework/Versions/A/DebugSymbols
0x0000000025abc000 	/System/Library/PrivateFrameworks/CoreSymbolication.framework/Versions/A/CoreSymbolication
0x0000000025abc000 	/System/Library/PrivateFrameworks/Symbolication.framework/Versions/A/Symbolication
0x0000000025abc000 	/System/Library/PrivateFrameworks/AppleFSCompression.framework/Versions/A/AppleFSCompression
0x0000000025abc000 	/System/Library/PrivateFrameworks/SpeechRecognitionCore.framework/Versions/A/SpeechRecognitionCore
0x0000000105000000 	/Library/Java/JavaVirtualMachines/jdk1.8.0_161.jdk/Contents/Home/jre/lib/server/libjvm.dylib
0x0000000025abc000 	/usr/lib/libstdc++.6.0.9.dylib
0x0000000103eb0000 	/Library/Java/JavaVirtualMachines/jdk1.8.0_161.jdk/Contents/Home/jre/lib/libverify.dylib
0x0000000103ebe000 	/Library/Java/JavaVirtualMachines/jdk1.8.0_161.jdk/Contents/Home/jre/lib/libjava.dylib
0x0000000103f3e000 	/Library/Java/JavaVirtualMachines/jdk1.8.0_161.jdk/Contents/Home/jre/lib/libzip.dylib
0x000000010bdb6000 	/Library/Java/JavaVirtualMachines/jdk1.8.0_161.jdk/Contents/Home/jre/lib/libmanagement.dylib
0x000000010bdc4000 	/Library/Java/JavaVirtualMachines/jdk1.8.0_161.jdk/Contents/Home/jre/lib/libnet.dylib
0x000000010c03e000 	/Library/Java/JavaVirtualMachines/jdk1.8.0_161.jdk/Contents/Home/jre/lib/libnio.dylib
0x000000010c64e000 	/Users/roberthunter/DEV/AMNE/api.amne.co/dynamodblocal-bin/DynamoDBLocal_lib/libsqlite4java-osx.dylib
0x0000000025abc000 	/System/Library/Frameworks/JavaVM.framework/Versions/A/JavaVM
0x0000000025abc000 	/System/Library/PrivateFrameworks/JavaLaunching.framework/Versions/A/JavaLaunching

VM Arguments:
jvm_args: -Djava.library.path=./DynamoDBLocal_lib 
java_command: DynamoDBLocal.jar -port 5102 -sharedDb -dbPath ../../db-local
java_class_path (initial): DynamoDBLocal.jar
Launcher Type: SUN_STANDARD

Environment Variables:
PATH=/usr/local/lib/node_modules/npm/node_modules/npm-lifecycle/node-gyp-bin:/Users/roberthunter/DEV/AMNE/api.amne.co/node_modules/.bin:/Library/Frameworks/Python.framework/Versions/3.7/bin:/usr/local/bin:/usr/bin:/bin:/usr/sbin:/sbin
SHELL=/bin/bash

Signal Handlers:
SIGSEGV: [libjvm.dylib+0x5b5439], sa_mask[0]=11111111011111110111111111111111, sa_flags=SA_ONSTACK|SA_RESTART|SA_SIGINFO
SIGBUS: [libjvm.dylib+0x5b5439], sa_mask[0]=11111111011111110111111111111111, sa_flags=SA_RESTART|SA_SIGINFO
SIGFPE: [libjvm.dylib+0x48ae24], sa_mask[0]=11111111011111110111111111111111, sa_flags=SA_RESTART|SA_SIGINFO
SIGPIPE: [libjvm.dylib+0x48ae24], sa_mask[0]=11111111011111110111111111111111, sa_flags=SA_RESTART|SA_SIGINFO
SIGXFSZ: [libjvm.dylib+0x48ae24], sa_mask[0]=11111111011111110111111111111111, sa_flags=SA_RESTART|SA_SIGINFO
SIGILL: [libjvm.dylib+0x48ae24], sa_mask[0]=11111111011111110111111111111111, sa_flags=SA_RESTART|SA_SIGINFO
SIGUSR1: SIG_DFL, sa_mask[0]=00000000000000000000000000000000, sa_flags=SA_RESTART
SIGUSR2: [libjvm.dylib+0x48a942], sa_mask[0]=00000000000000000000000000000000, sa_flags=SA_RESTART|SA_SIGINFO
SIGHUP: [libjvm.dylib+0x488f0d], sa_mask[0]=11111111011111110111111111111111, sa_flags=SA_RESTART|SA_SIGINFO
SIGINT: [libjvm.dylib+0x488f0d], sa_mask[0]=11111111011111110111111111111111, sa_flags=SA_RESTART|SA_SIGINFO
SIGTERM: [libjvm.dylib+0x488f0d], sa_mask[0]=11111111011111110111111111111111, sa_flags=SA_RESTART|SA_SIGINFO
SIGQUIT: [libjvm.dylib+0x488f0d], sa_mask[0]=11111111011111110111111111111111, sa_flags=SA_RESTART|SA_SIGINFO


---------------  S Y S T E M  ---------------

OS:Bsduname:Darwin 17.4.0 Darwin Kernel Version 17.4.0: Sun Dec 17 09:19:54 PST 2017; root:xnu-4570.41.2~1/RELEASE_X86_64 x86_64
rlimit: STACK 8192k, CORE 0k, NPROC 1418, NOFILE 10240, AS infinity
load average:2.58 2.10 2.12

CPU:total 8 (initial active 8) (4 cores per cpu, 2 threads per core) family 6 model 94 stepping 3, cmov, cx8, fxsr, mmx, sse, sse2, sse3, ssse3, sse4.1, sse4.2, popcnt, avx, avx2, aes, clmul, erms, rtm, 3dnowpref, lzcnt, ht, tsc, tscinvbit, bmi1, bmi2, adx

Memory: 4k page, physical 16777216k(284840k free)

/proc/meminfo:


vm_info: Java HotSpot(TM) 64-Bit Server VM (25.161-b12) for bsd-amd64 JRE (1.8.0_161-b12), built on Dec 19 2017 16:22:20 by "java_re" with gcc 4.2.1 (Based on Apple Inc. build 5658) (LLVM build 2336.11.00)

time: Tue Apr 10 12:12:19 2018
elapsed time: 3073 seconds (0d 0h 51m 13s)

