#
# A fatal error has been detected by the Java Runtime Environment:
#
#  SIGSEGV (0xb) at pc=0x000000010228a970, pid=2556, tid=0x0000000000000307
#
# JRE version: Java(TM) SE Runtime Environment (8.0_161-b12) (build 1.8.0_161-b12)
# Java VM: Java HotSpot(TM) 64-Bit Server VM (25.161-b12 mixed mode bsd-amd64 compressed oops)
# Problematic frame:
# V  [libjvm.dylib+0x48a970]
#
# Failed to write core dump. Core dumps have been disabled. To enable core dumping, try "ulimit -c unlimited" before starting Java again
#
# If you would like to submit a bug report, please visit:
#   http://bugreport.java.com/bugreport/crash.jsp
#

---------------  T H R E A D  ---------------

Current thread is native thread

siginfo: si_signo: 11 (SIGSEGV), si_code: 1 (SEGV_MAPERR), si_addr: 0x0000000000000128

Registers:
RAX=0x0000000000000000, RBX=0x00007ffeeef9f7e0, RCX=0x00007fffb138b3c8, RDX=0x00007ffeeef9f7e0
RSP=0x00007ffeeef9f310, RBP=0x00007ffeeef9f340, RSI=0x00007ffeeef9f778, RDI=0x0000000000000109
R8 =0x00007ffeeef9f7e0, R9 =0x00000000ffffffff, R10=0x0000000000000c00, R11=0x0000000000000206
R12=0x0000000000000c00, R13=0x0000000007000806, R14=0x00007ffeeef9f778, R15=0x0000000000000002
RIP=0x000000010228a970, EFLAGS=0x0000000000010202, ERR=0x0000000000000004
  TRAPNO=0x000000000000000e

Top of Stack: (sp=0x00007ffeeef9f310)
0x00007ffeeef9f310:   000000005a61a03c 00007ffeeef9f7e0
0x00007ffeeef9f320:   0000000000000c00 0000000007000806
0x00007ffeeef9f330:   00007ffeeef9fa50 00000000ffffffff
0x00007ffeeef9f340:   00007ffeeef9f350 00007fff79069f5a
0x00007ffeeef9f350:   00007ffeeef9f8f0 0000000000000000
0x00007ffeeef9f360:   0000000000000000 0000000000000000
0x00007ffeeef9f370:   0100001f00000085 00007f9a720e58b0
0x00007ffeeef9f380:   0000000010004005 0000000007000806
0x00007ffeeef9f390:   00007ffeeef9f898 0000000000000000
0x00007ffeeef9f3a0:   00007ffeeef9fa50 0000000007000806
0x00007ffeeef9f3b0:   00007ffeeef9f8f0 00007ffeeef9f898
0x00007ffeeef9f3c0:   0000000000001303 00000000ffffffff
0x00007ffeeef9f3d0:   0000000000000c00 0000000000000206
0x00007ffeeef9f3e0:   0000000000000c00 0000000007000806
0x00007ffeeef9f3f0:   00007ffeeef9fa50 00000000ffffffff
0x00007ffeeef9f400:   00007fff78ea220a 0000000000000206
0x00007ffeeef9f410:   0000000000000007 0000000000000000
0x00007ffeeef9f420:   0000000000000000 0000000000000000
0x00007ffeeef9f430:   000000000000037f 0000000000000000
0x00007ffeeef9f440:   0000000000000000 0000ffff00001fa1
0x00007ffeeef9f450:   000000000002cd37 000000000000ffff
0x00007ffeeef9f460:   0001ffffed351bef 000000000000ffff
0x00007ffeeef9f470:   000000000001ffff 000000000000ffff
0x00007ffeeef9f480:   0000000000000000 0000000000000000
0x00007ffeeef9f490:   0000000000000000 0000000000000000
0x00007ffeeef9f4a0:   00000000ff73ff94 000000000000ffff
0x00007ffeeef9f4b0:   00000000127b6724 000000000000ffff
0x00007ffeeef9f4c0:   00000000ff700000 000000000000ffff
0x00007ffeeef9f4d0:   41c0504d3333e500 0000000000000000
0x00007ffeeef9f4e0:   3fd9f27fe4bcad9b 0000000000000000
0x00007ffeeef9f4f0:   4415af1d78b58c40 0000000000000000
0x00007ffeeef9f500:   c3e0000000000000 0000000000000000 

Instructions: (pc=0x000000010228a970)
0x000000010228a950:   83 ec 08 48 89 d3 49 89 f6 e8 bc 46 14 00 44 8b
0x000000010228a960:   38 48 8d 05 a8 18 3b 00 48 63 38 e8 8c 49 14 00
0x000000010228a970:   4c 8b a0 28 01 00 00 41 83 7c 24 34 01 0f 85 e2
0x000000010228a980:   00 00 00 49 89 5c 24 40 4d 89 74 24 38 49 8d 5c 

Register to memory mapping:

RAX=0x0000000000000000 is an unknown value
RBX=0x00007ffeeef9f7e0 is an unknown value
RCX=0x00007fffb138b3c8: _thread+0x48 in /usr/lib/system/libsystem_pthread.dylib at 0x00007fff79070000
RDX=0x00007ffeeef9f7e0 is an unknown value
RSP=0x00007ffeeef9f310 is an unknown value
RBP=0x00007ffeeef9f340 is an unknown value
RSI=0x00007ffeeef9f778 is an unknown value
RDI=0x0000000000000109 is an unknown value
R8 =0x00007ffeeef9f7e0 is an unknown value
R9 =0x00000000ffffffff is an unknown value
R10=0x0000000000000c00 is an unknown value
R11=0x0000000000000206 is an unknown value
R12=0x0000000000000c00 is an unknown value
R13=0x0000000007000806 is an unknown value
R14=0x00007ffeeef9f778 is an unknown value
R15=0x0000000000000002 is an unknown value


Stack: [0x00007ffeee7a5000,0x00007ffeeefa5000],  sp=0x00007ffeeef9f310,  free space=8168k
Native frames: (J=compiled Java code, j=interpreted, Vv=VM code, C=native code)
V  [libjvm.dylib+0x48a970]
C  [libsystem_platform.dylib+0x1f5a]  _sigtramp+0x1a
C  0x0000000000000000
C  [CoreFoundation+0x867d5]  __CFRunLoopServiceMachPort+0x155
C  [CoreFoundation+0x85b27]  __CFRunLoopRun+0x6f7
C  [CoreFoundation+0x851a3]  CFRunLoopRunSpecific+0x1e3
C  [java+0x647a]  CreateExecutionEnvironment+0x367
C  [java+0x212c]  JLI_Launch+0x7a0
C  [java+0x84d7]  main+0x65
C  [java+0x1984]  start+0x34


---------------  P R O C E S S  ---------------

VM state:not at safepoint (normal execution)

VM Mutex/Monitor currently owned by a thread: None

Heap:
 PSYoungGen      total 31744K, used 28326K [0x000000076ab00000, 0x000000076cb80000, 0x00000007c0000000)
  eden space 31232K, 90% used [0x000000076ab00000,0x000000076c679818,0x000000076c980000)
  from space 512K, 37% used [0x000000076cb00000,0x000000076cb30000,0x000000076cb80000)
  to   space 512K, 0% used [0x000000076ca80000,0x000000076ca80000,0x000000076cb00000)
 ParOldGen       total 175104K, used 6796K [0x00000006c0000000, 0x00000006cab00000, 0x000000076ab00000)
  object space 175104K, 3% used [0x00000006c0000000,0x00000006c06a33f8,0x00000006cab00000)
 Metaspace       used 19219K, capacity 19492K, committed 19712K, reserved 1067008K
  class space    used 2169K, capacity 2249K, committed 2304K, reserved 1048576K

Card table byte_map: [0x000000010316e000,0x000000010396f000] byte_map_base: 0x00000000ffb6e000

Marking Bits: (ParMarkBitMap*) 0x00000001026f76c0
 Begin Bits: [0x0000000115b61000, 0x0000000119b61000)
 End Bits:   [0x0000000119b61000, 0x000000011db61000)

Polling page: 0x0000000100d12000

CodeCache: size=245760Kb used=6073Kb max_used=6376Kb free=239686Kb
 bounds [0x0000000106b61000, 0x00000001071e1000, 0x0000000115b61000]
 total_blobs=2206 nmethods=1776 adapters=343
 compilation: enabled

Compilation events (10 events):
Event: 27001.341 Thread 0x00007ff5f8808000 nmethod 2174 0x0000000106f8c710 code [0x0000000106f8c8c0, 0x0000000106f8ced8]
Event: 27001.342 Thread 0x00007ff5f6819000 nmethod 2173 0x000000010713b890 code [0x000000010713bde0, 0x000000010713c580]
Event: 27353.321 Thread 0x00007ff5f902c000 2175       3       java.util.concurrent.locks.AbstractQueuedSynchronizer::parkAndCheckInterrupt (8 bytes)
Event: 27353.323 Thread 0x00007ff5f902c000 nmethod 2175 0x000000010713b090 code [0x000000010713b240, 0x000000010713b6b8]
Event: 28351.353 Thread 0x00007ff5f902c000 2176       1       com.amazonaws.services.dynamodbv2.local.shared.jobs.ShardRolloverJob::name (3 bytes)
Event: 28351.353 Thread 0x00007ff5f902c000 nmethod 2176 0x0000000106fca890 code [0x0000000106fca9e0, 0x0000000106fcaaf0]
Event: 29701.354 Thread 0x00007ff5f6819000 2177       4       com.almworks.sqlite4java.SQLiteStatement::columnLong (99 bytes)
Event: 29701.358 Thread 0x00007ff5f6819000 nmethod 2177 0x0000000106d14d90 code [0x0000000106d14f20, 0x0000000106d15258]
Event: 30601.368 Thread 0x00007ff5f9025800 2178       4       java.util.ArrayList::<init> (61 bytes)
Event: 30601.370 Thread 0x00007ff5f9025800 nmethod 2178 0x0000000106dced50 code [0x0000000106dceea0, 0x0000000106dceff8]

GC Heap History (10 events):
Event: 31374.317 GC heap before
{Heap before GC invocations=312 (full 0):
 PSYoungGen      total 31744K, used 31456K [0x000000076ab00000, 0x000000076cb80000, 0x00000007c0000000)
  eden space 31232K, 100% used [0x000000076ab00000,0x000000076c980000,0x000000076c980000)
  from space 512K, 43% used [0x000000076ca80000,0x000000076cab8000,0x000000076cb00000)
  to   space 512K, 0% used [0x000000076cb00000,0x000000076cb00000,0x000000076cb80000)
 ParOldGen       total 175104K, used 6780K [0x00000006c0000000, 0x00000006cab00000, 0x000000076ab00000)
  object space 175104K, 3% used [0x00000006c0000000,0x00000006c069f3f8,0x00000006cab00000)
 Metaspace       used 19219K, capacity 19492K, committed 19712K, reserved 1067008K
  class space    used 2169K, capacity 2249K, committed 2304K, reserved 1048576K
Event: 31374.318 GC heap after
Heap after GC invocations=312 (full 0):
 PSYoungGen      total 31744K, used 192K [0x000000076ab00000, 0x000000076cb80000, 0x00000007c0000000)
  eden space 31232K, 0% used [0x000000076ab00000,0x000000076ab00000,0x000000076c980000)
  from space 512K, 37% used [0x000000076cb00000,0x000000076cb30000,0x000000076cb80000)
  to   space 512K, 0% used [0x000000076ca80000,0x000000076ca80000,0x000000076cb00000)
 ParOldGen       total 175104K, used 6780K [0x00000006c0000000, 0x00000006cab00000, 0x000000076ab00000)
  object space 175104K, 3% used [0x00000006c0000000,0x00000006c069f3f8,0x00000006cab00000)
 Metaspace       used 19219K, capacity 19492K, committed 19712K, reserved 1067008K
  class space    used 2169K, capacity 2249K, committed 2304K, reserved 1048576K
}
Event: 31468.614 GC heap before
{Heap before GC invocations=313 (full 0):
 PSYoungGen      total 31744K, used 31424K [0x000000076ab00000, 0x000000076cb80000, 0x00000007c0000000)
  eden space 31232K, 100% used [0x000000076ab00000,0x000000076c980000,0x000000076c980000)
  from space 512K, 37% used [0x000000076cb00000,0x000000076cb30000,0x000000076cb80000)
  to   space 512K, 0% used [0x000000076ca80000,0x000000076ca80000,0x000000076cb00000)
 ParOldGen       total 175104K, used 6780K [0x00000006c0000000, 0x00000006cab00000, 0x000000076ab00000)
  object space 175104K, 3% used [0x00000006c0000000,0x00000006c069f3f8,0x00000006cab00000)
 Metaspace       used 19219K, capacity 19492K, committed 19712K, reserved 1067008K
  class space    used 2169K, capacity 2249K, committed 2304K, reserved 1048576K
Event: 31468.616 GC heap after
Heap after GC invocations=313 (full 0):
 PSYoungGen      total 31744K, used 192K [0x000000076ab00000, 0x000000076cb80000, 0x00000007c0000000)
  eden space 31232K, 0% used [0x000000076ab00000,0x000000076ab00000,0x000000076c980000)
  from space 512K, 37% used [0x000000076ca80000,0x000000076cab0000,0x000000076cb00000)
  to   space 512K, 0% used [0x000000076cb00000,0x000000076cb00000,0x000000076cb80000)
 ParOldGen       total 175104K, used 6780K [0x00000006c0000000, 0x00000006cab00000, 0x000000076ab00000)
  object space 175104K, 3% used [0x00000006c0000000,0x00000006c069f3f8,0x00000006cab00000)
 Metaspace       used 19219K, capacity 19492K, committed 19712K, reserved 1067008K
  class space    used 2169K, capacity 2249K, committed 2304K, reserved 1048576K
}
Event: 31562.140 GC heap before
{Heap before GC invocations=314 (full 0):
 PSYoungGen      total 31744K, used 31424K [0x000000076ab00000, 0x000000076cb80000, 0x00000007c0000000)
  eden space 31232K, 100% used [0x000000076ab00000,0x000000076c980000,0x000000076c980000)
  from space 512K, 37% used [0x000000076ca80000,0x000000076cab0000,0x000000076cb00000)
  to   space 512K, 0% used [0x000000076cb00000,0x000000076cb00000,0x000000076cb80000)
 ParOldGen       total 175104K, used 6780K [0x00000006c0000000, 0x00000006cab00000, 0x000000076ab00000)
  object space 175104K, 3% used [0x00000006c0000000,0x00000006c069f3f8,0x00000006cab00000)
 Metaspace       used 19219K, capacity 19492K, committed 19712K, reserved 1067008K
  class space    used 2169K, capacity 2249K, committed 2304K, reserved 1048576K
Event: 31562.141 GC heap after
Heap after GC invocations=314 (full 0):
 PSYoungGen      total 31744K, used 192K [0x000000076ab00000, 0x000000076cb80000, 0x00000007c0000000)
  eden space 31232K, 0% used [0x000000076ab00000,0x000000076ab00000,0x000000076c980000)
  from space 512K, 37% used [0x000000076cb00000,0x000000076cb30000,0x000000076cb80000)
  to   space 512K, 0% used [0x000000076ca80000,0x000000076ca80000,0x000000076cb00000)
 ParOldGen       total 175104K, used 6780K [0x00000006c0000000, 0x00000006cab00000, 0x000000076ab00000)
  object space 175104K, 3% used [0x00000006c0000000,0x00000006c069f3f8,0x00000006cab00000)
 Metaspace       used 19219K, capacity 19492K, committed 19712K, reserved 1067008K
  class space    used 2169K, capacity 2249K, committed 2304K, reserved 1048576K
}
Event: 31656.761 GC heap before
{Heap before GC invocations=315 (full 0):
 PSYoungGen      total 31744K, used 31424K [0x000000076ab00000, 0x000000076cb80000, 0x00000007c0000000)
  eden space 31232K, 100% used [0x000000076ab00000,0x000000076c980000,0x000000076c980000)
  from space 512K, 37% used [0x000000076cb00000,0x000000076cb30000,0x000000076cb80000)
  to   space 512K, 0% used [0x000000076ca80000,0x000000076ca80000,0x000000076cb00000)
 ParOldGen       total 175104K, used 6780K [0x00000006c0000000, 0x00000006cab00000, 0x000000076ab00000)
  object space 175104K, 3% used [0x00000006c0000000,0x00000006c069f3f8,0x00000006cab00000)
 Metaspace       used 19219K, capacity 19492K, committed 19712K, reserved 1067008K
  class space    used 2169K, capacity 2249K, committed 2304K, reserved 1048576K
Event: 31656.762 GC heap after
Heap after GC invocations=315 (full 0):
 PSYoungGen      total 31744K, used 256K [0x000000076ab00000, 0x000000076cb80000, 0x00000007c0000000)
  eden space 31232K, 0% used [0x000000076ab00000,0x000000076ab00000,0x000000076c980000)
  from space 512K, 50% used [0x000000076ca80000,0x000000076cac0000,0x000000076cb00000)
  to   space 512K, 0% used [0x000000076cb00000,0x000000076cb00000,0x000000076cb80000)
 ParOldGen       total 175104K, used 6796K [0x00000006c0000000, 0x00000006cab00000, 0x000000076ab00000)
  object space 175104K, 3% used [0x00000006c0000000,0x00000006c06a33f8,0x00000006cab00000)
 Metaspace       used 19219K, capacity 19492K, committed 19712K, reserved 1067008K
  class space    used 2169K, capacity 2249K, committed 2304K, reserved 1048576K
}
Event: 31751.051 GC heap before
{Heap before GC invocations=316 (full 0):
 PSYoungGen      total 31744K, used 31488K [0x000000076ab00000, 0x000000076cb80000, 0x00000007c0000000)
  eden space 31232K, 100% used [0x000000076ab00000,0x000000076c980000,0x000000076c980000)
  from space 512K, 50% used [0x000000076ca80000,0x000000076cac0000,0x000000076cb00000)
  to   space 512K, 0% used [0x000000076cb00000,0x000000076cb00000,0x000000076cb80000)
 ParOldGen       total 175104K, used 6796K [0x00000006c0000000, 0x00000006cab00000, 0x000000076ab00000)
  object space 175104K, 3% used [0x00000006c0000000,0x00000006c06a33f8,0x00000006cab00000)
 Metaspace       used 19219K, capacity 19492K, committed 19712K, reserved 1067008K
  class space    used 2169K, capacity 2249K, committed 2304K, reserved 1048576K
Event: 31751.052 GC heap after
Heap after GC invocations=316 (full 0):
 PSYoungGen      total 31744K, used 192K [0x000000076ab00000, 0x000000076cb80000, 0x00000007c0000000)
  eden space 31232K, 0% used [0x000000076ab00000,0x000000076ab00000,0x000000076c980000)
  from space 512K, 37% used [0x000000076cb00000,0x000000076cb30000,0x000000076cb80000)
  to   space 512K, 0% used [0x000000076ca80000,0x000000076ca80000,0x000000076cb00000)
 ParOldGen       total 175104K, used 6796K [0x00000006c0000000, 0x00000006cab00000, 0x000000076ab00000)
  object space 175104K, 3% used [0x00000006c0000000,0x00000006c06a33f8,0x00000006cab00000)
 Metaspace       used 19219K, capacity 19492K, committed 19712K, reserved 1067008K
  class space    used 2169K, capacity 2249K, committed 2304K, reserved 1048576K
}

Deoptimization events (10 events):
Event: 1533.682 Thread 0x00007ff5f8a32800 Uncommon trap: reason=unstable_if action=reinterpret pc=0x0000000106d70a74 method=java.util.concurrent.locks.ReentrantLock$Sync.nonfairTryAcquire(I)Z @ 19
Event: 5822.762 Thread 0x00007ff5f9069000 Uncommon trap: reason=unstable_if action=reinterpret pc=0x0000000106dd44a8 method=java.util.concurrent.locks.AbstractQueuedSynchronizer$ConditionObject.awaitNanos(J)J @ 53
Event: 5822.762 Thread 0x00007ff5f9069000 Uncommon trap: reason=unstable_if action=reinterpret pc=0x0000000106d3f7f4 method=org.eclipse.jetty.util.BlockingArrayQueue.poll(JLjava/util/concurrent/TimeUnit;)Ljava/lang/Object; @ 31
Event: 5822.762 Thread 0x00007ff5f9069000 Uncommon trap: reason=null_check action=make_not_entrant pc=0x0000000106cbc6b8 method=org.eclipse.jetty.util.thread.QueuedThreadPool.idleJobPoll()Ljava/lang/Runnable; @ 17
Event: 5822.762 Thread 0x00007ff5f9069000 Uncommon trap: reason=unstable_if action=reinterpret pc=0x0000000106c9480c method=java.util.concurrent.locks.AbstractQueuedSynchronizer$ConditionObject.addConditionWaiter()Ljava/util/concurrent/locks/AbstractQueuedSynchronizer$Node; @ 15
Event: 10218.514 Thread 0x00007ff5f8a32000 Uncommon trap: reason=unstable_if action=reinterpret pc=0x0000000106fe1660 method=java.util.concurrent.locks.AbstractQueuedSynchronizer$ConditionObject.awaitNanos(J)J @ 131
Event: 12606.248 Thread 0x00007ff5f8a32800 Uncommon trap: reason=unstable_if action=reinterpret pc=0x00000001071bce64 method=java.util.concurrent.locks.LockSupport.unpark(Ljava/lang/Thread;)V @ 1
Event: 13695.445 Thread 0x00007ff5f91a0000 Uncommon trap: reason=unstable_if action=reinterpret pc=0x0000000106c82ef0 method=org.eclipse.jetty.io.nio.SelectorManager$SelectSet.doSelect()V @ 556
Event: 13695.445 Thread 0x00007ff5f8a31000 Uncommon trap: reason=unstable_if action=reinterpret pc=0x0000000106c82ef0 method=org.eclipse.jetty.io.nio.SelectorManager$SelectSet.doSelect()V @ 556
Event: 17598.603 Thread 0x00007ff5f8a32000 Uncommon trap: reason=unstable_if action=reinterpret pc=0x0000000107110810 method=java.util.concurrent.locks.AbstractQueuedSynchronizer.unparkSuccessor(Ljava/util/concurrent/locks/AbstractQueuedSynchronizer$Node;)V @ 22

Classes redefined (0 events):
No events

Internal exceptions (10 events):
Event: 0.567 Thread 0x00007ff5f7806000 Exception <a 'java/lang/ArrayIndexOutOfBoundsException': 18> (0x000000076c704e68) thrown at [/Users/java_re/workspace/8-2-build-macosx-x86_64/jdk8u161/10277/hotspot/src/share/vm/interpreter/interpreterRuntime.cpp, line 366]
Event: 0.568 Thread 0x00007ff5f7806000 Exception <a 'java/lang/ArrayIndexOutOfBoundsException': 110> (0x000000076c7063c0) thrown at [/Users/java_re/workspace/8-2-build-macosx-x86_64/jdk8u161/10277/hotspot/src/share/vm/interpreter/interpreterRuntime.cpp, line 366]
Event: 0.656 Thread 0x00007ff5f7806000 Implicit null exception at 0x0000000106dae02a to 0x0000000106daea67
Event: 0.656 Thread 0x00007ff5f7806000 Exception <a 'java/lang/NullPointerException'> (0x000000076cb3ef90) thrown at [/Users/java_re/workspace/8-2-build-macosx-x86_64/jdk8u161/10277/hotspot/src/share/vm/runtime/sharedRuntime.cpp, line 605]
Event: 0.941 Thread 0x00007ff5f9175000 Exception <a 'java/lang/NoSuchFieldError': method resolution failed> (0x000000076e1dee08) thrown at [/Users/java_re/workspace/8-2-build-macosx-x86_64/jdk8u161/10277/hotspot/src/share/vm/prims/methodHandles.cpp, line 1167]
Event: 0.943 Thread 0x00007ff5f9175000 Exception <a 'java/lang/NoSuchFieldError': method resolution failed> (0x000000076e1ec4c8) thrown at [/Users/java_re/workspace/8-2-build-macosx-x86_64/jdk8u161/10277/hotspot/src/share/vm/prims/methodHandles.cpp, line 1167]
Event: 1.130 Thread 0x00007ff5f91c9800 Exception <a 'java/lang/UnsatisfiedLinkError': com.almworks.sqlite4java._SQLiteSwiggedJNI.sqlite3_libversion()Ljava/lang/String;> (0x000000076c32c7d0) thrown at [/Users/java_re/workspace/8-2-build-macosx-x86_64/jdk8u161/10277/hotspot/src/share/vm/prims/na
Event: 1.152 Thread 0x00007ff5f9069000 Implicit null exception at 0x0000000106e19e1b to 0x0000000106e1a501
Event: 5822.762 Thread 0x00007ff5f9069000 Implicit null exception at 0x0000000106cbc638 to 0x0000000106cbc6ad
Event: 17598.603 Thread 0x00007ff5f8a32000 Implicit null exception at 0x000000010710feec to 0x00000001071107e1

Events (10 events):
Event: 31374.317 Executing VM operation: ParallelGCFailedAllocation
Event: 31374.318 Executing VM operation: ParallelGCFailedAllocation done
Event: 31468.614 Executing VM operation: ParallelGCFailedAllocation
Event: 31468.616 Executing VM operation: ParallelGCFailedAllocation done
Event: 31562.140 Executing VM operation: ParallelGCFailedAllocation
Event: 31562.141 Executing VM operation: ParallelGCFailedAllocation done
Event: 31656.761 Executing VM operation: ParallelGCFailedAllocation
Event: 31656.762 Executing VM operation: ParallelGCFailedAllocation done
Event: 31751.051 Executing VM operation: ParallelGCFailedAllocation
Event: 31751.052 Executing VM operation: ParallelGCFailedAllocation done


Dynamic libraries:
0x0000000028ea8000 	/System/Library/Frameworks/Cocoa.framework/Versions/A/Cocoa
0x0000000028ea8000 	/System/Library/Frameworks/Security.framework/Versions/A/Security
0x0000000028ea8000 	/System/Library/Frameworks/ApplicationServices.framework/Versions/A/ApplicationServices
0x0000000028ea8000 	/usr/lib/libz.1.dylib
0x0000000028ea8000 	/usr/lib/libSystem.B.dylib
0x0000000028ea8000 	/usr/lib/libobjc.A.dylib
0x0000000028ea8000 	/System/Library/Frameworks/CoreFoundation.framework/Versions/A/CoreFoundation
0x0000000028ea8000 	/System/Library/Frameworks/Foundation.framework/Versions/C/Foundation
0x0000000028ea8000 	/System/Library/Frameworks/AppKit.framework/Versions/C/AppKit
0x0000000028ea8000 	/System/Library/Frameworks/CoreData.framework/Versions/A/CoreData
0x0000000028ea8000 	/System/Library/PrivateFrameworks/RemoteViewServices.framework/Versions/A/RemoteViewServices
0x0000000028ea8000 	/System/Library/PrivateFrameworks/UIFoundation.framework/Versions/A/UIFoundation
0x0000000028ea8000 	/System/Library/PrivateFrameworks/DFRFoundation.framework/Versions/A/DFRFoundation
0x0000000028ea8000 	/System/Library/Frameworks/Metal.framework/Versions/A/Metal
0x0000000028ea8000 	/System/Library/PrivateFrameworks/DesktopServicesPriv.framework/Versions/A/DesktopServicesPriv
0x0000000028ea8000 	/usr/lib/libenergytrace.dylib
0x0000000028ea8000 	/System/Library/PrivateFrameworks/SkyLight.framework/Versions/A/SkyLight
0x0000000028ea8000 	/System/Library/Frameworks/CoreGraphics.framework/Versions/A/CoreGraphics
0x0000000028ea8000 	/usr/lib/libScreenReader.dylib
0x0000000028ea8000 	/System/Library/Frameworks/Accelerate.framework/Versions/A/Accelerate
0x0000000028ea8000 	/System/Library/Frameworks/IOSurface.framework/Versions/A/IOSurface
0x0000000028ea8000 	/System/Library/Frameworks/AudioToolbox.framework/Versions/A/AudioToolbox
0x0000000028ea8000 	/System/Library/Frameworks/AudioUnit.framework/Versions/A/AudioUnit
0x0000000028ea8000 	/System/Library/PrivateFrameworks/DataDetectorsCore.framework/Versions/A/DataDetectorsCore
0x0000000028ea8000 	/System/Library/Frameworks/Carbon.framework/Versions/A/Frameworks/HIToolbox.framework/Versions/A/HIToolbox
0x0000000028ea8000 	/usr/lib/libicucore.A.dylib
0x0000000028ea8000 	/System/Library/Frameworks/QuartzCore.framework/Versions/A/QuartzCore
0x0000000028ea8000 	/System/Library/PrivateFrameworks/SignpostNotification.framework/Versions/A/SignpostNotification
0x0000000028ea8000 	/System/Library/Frameworks/Carbon.framework/Versions/A/Frameworks/SpeechRecognition.framework/Versions/A/SpeechRecognition
0x0000000028ea8000 	/usr/lib/libauto.dylib
0x0000000028ea8000 	/usr/lib/libxml2.2.dylib
0x0000000028ea8000 	/System/Library/PrivateFrameworks/CoreUI.framework/Versions/A/CoreUI
0x0000000028ea8000 	/System/Library/Frameworks/CoreAudio.framework/Versions/A/CoreAudio
0x0000000028ea8000 	/System/Library/Frameworks/DiskArbitration.framework/Versions/A/DiskArbitration
0x0000000028ea8000 	/usr/lib/liblangid.dylib
0x0000000028ea8000 	/System/Library/PrivateFrameworks/MultitouchSupport.framework/Versions/A/MultitouchSupport
0x0000000028ea8000 	/System/Library/Frameworks/IOKit.framework/Versions/A/IOKit
0x0000000028ea8000 	/usr/lib/libDiagnosticMessagesClient.dylib
0x0000000028ea8000 	/System/Library/Frameworks/CoreServices.framework/Versions/A/CoreServices
0x0000000028ea8000 	/System/Library/PrivateFrameworks/PerformanceAnalysis.framework/Versions/A/PerformanceAnalysis
0x0000000028ea8000 	/System/Library/Frameworks/OpenGL.framework/Versions/A/OpenGL
0x0000000028ea8000 	/System/Library/Frameworks/ColorSync.framework/Versions/A/ColorSync
0x0000000028ea8000 	/System/Library/Frameworks/CoreImage.framework/Versions/A/CoreImage
0x0000000028ea8000 	/System/Library/Frameworks/CoreText.framework/Versions/A/CoreText
0x0000000028ea8000 	/System/Library/Frameworks/ImageIO.framework/Versions/A/ImageIO
0x0000000028ea8000 	/System/Library/PrivateFrameworks/Backup.framework/Versions/A/Backup
0x0000000028ea8000 	/usr/lib/libarchive.2.dylib
0x0000000028ea8000 	/System/Library/Frameworks/CFNetwork.framework/Versions/A/CFNetwork
0x0000000028ea8000 	/System/Library/Frameworks/SystemConfiguration.framework/Versions/A/SystemConfiguration
0x0000000028ea8000 	/usr/lib/libCRFSuite.dylib
0x0000000028ea8000 	/usr/lib/libc++.1.dylib
0x0000000028ea8000 	/usr/lib/libc++abi.dylib
0x0000000028ea8000 	/usr/lib/system/libcache.dylib
0x0000000028ea8000 	/usr/lib/system/libcommonCrypto.dylib
0x0000000028ea8000 	/usr/lib/system/libcompiler_rt.dylib
0x0000000028ea8000 	/usr/lib/system/libcopyfile.dylib
0x0000000028ea8000 	/usr/lib/system/libcorecrypto.dylib
0x0000000028ea8000 	/usr/lib/system/libdispatch.dylib
0x0000000028ea8000 	/usr/lib/system/libdyld.dylib
0x0000000028ea8000 	/usr/lib/system/libkeymgr.dylib
0x0000000028ea8000 	/usr/lib/system/liblaunch.dylib
0x0000000028ea8000 	/usr/lib/system/libmacho.dylib
0x0000000028ea8000 	/usr/lib/system/libquarantine.dylib
0x0000000028ea8000 	/usr/lib/system/libremovefile.dylib
0x0000000028ea8000 	/usr/lib/system/libsystem_asl.dylib
0x0000000028ea8000 	/usr/lib/system/libsystem_blocks.dylib
0x0000000028ea8000 	/usr/lib/system/libsystem_c.dylib
0x0000000028ea8000 	/usr/lib/system/libsystem_configuration.dylib
0x0000000028ea8000 	/usr/lib/system/libsystem_coreservices.dylib
0x0000000028ea8000 	/usr/lib/system/libsystem_darwin.dylib
0x0000000028ea8000 	/usr/lib/system/libsystem_dnssd.dylib
0x0000000028ea8000 	/usr/lib/system/libsystem_info.dylib
0x0000000028ea8000 	/usr/lib/system/libsystem_m.dylib
0x0000000028ea8000 	/usr/lib/system/libsystem_malloc.dylib
0x0000000028ea8000 	/usr/lib/system/libsystem_network.dylib
0x0000000028ea8000 	/usr/lib/system/libsystem_networkextension.dylib
0x0000000028ea8000 	/usr/lib/system/libsystem_notify.dylib
0x0000000028ea8000 	/usr/lib/system/libsystem_sandbox.dylib
0x0000000028ea8000 	/usr/lib/system/libsystem_secinit.dylib
0x0000000028ea8000 	/usr/lib/system/libsystem_kernel.dylib
0x0000000028ea8000 	/usr/lib/system/libsystem_platform.dylib
0x0000000028ea8000 	/usr/lib/system/libsystem_pthread.dylib
0x0000000028ea8000 	/usr/lib/system/libsystem_symptoms.dylib
0x0000000028ea8000 	/usr/lib/system/libsystem_trace.dylib
0x0000000028ea8000 	/usr/lib/system/libunwind.dylib
0x0000000028ea8000 	/usr/lib/system/libxpc.dylib
0x0000000028ea8000 	/usr/lib/closure/libclosured.dylib
0x0000000028ea8000 	/usr/lib/libbsm.0.dylib
0x0000000028ea8000 	/usr/lib/system/libkxld.dylib
0x0000000028ea8000 	/usr/lib/libOpenScriptingUtil.dylib
0x0000000028ea8000 	/usr/lib/libcoretls.dylib
0x0000000028ea8000 	/usr/lib/libcoretls_cfhelpers.dylib
0x0000000028ea8000 	/usr/lib/libpam.2.dylib
0x0000000028ea8000 	/usr/lib/libsqlite3.dylib
0x0000000028ea8000 	/usr/lib/libxar.1.dylib
0x0000000028ea8000 	/usr/lib/libbz2.1.0.dylib
0x0000000028ea8000 	/usr/lib/liblzma.5.dylib
0x0000000028ea8000 	/usr/lib/libnetwork.dylib
0x0000000028ea8000 	/usr/lib/libapple_nghttp2.dylib
0x0000000028ea8000 	/usr/lib/libpcap.A.dylib
0x0000000028ea8000 	/usr/lib/libboringssl.dylib
0x0000000028ea8000 	/usr/lib/libusrtcp.dylib
0x0000000028ea8000 	/usr/lib/libapple_crypto.dylib
0x0000000028ea8000 	/System/Library/Frameworks/CoreServices.framework/Versions/A/Frameworks/FSEvents.framework/Versions/A/FSEvents
0x0000000028ea8000 	/System/Library/Frameworks/CoreServices.framework/Versions/A/Frameworks/CarbonCore.framework/Versions/A/CarbonCore
0x0000000028ea8000 	/System/Library/Frameworks/CoreServices.framework/Versions/A/Frameworks/Metadata.framework/Versions/A/Metadata
0x0000000028ea8000 	/System/Library/Frameworks/CoreServices.framework/Versions/A/Frameworks/OSServices.framework/Versions/A/OSServices
0x0000000028ea8000 	/System/Library/Frameworks/CoreServices.framework/Versions/A/Frameworks/SearchKit.framework/Versions/A/SearchKit
0x0000000028ea8000 	/System/Library/Frameworks/CoreServices.framework/Versions/A/Frameworks/AE.framework/Versions/A/AE
0x0000000028ea8000 	/System/Library/Frameworks/CoreServices.framework/Versions/A/Frameworks/LaunchServices.framework/Versions/A/LaunchServices
0x0000000028ea8000 	/System/Library/Frameworks/CoreServices.framework/Versions/A/Frameworks/DictionaryServices.framework/Versions/A/DictionaryServices
0x0000000028ea8000 	/System/Library/Frameworks/CoreServices.framework/Versions/A/Frameworks/SharedFileList.framework/Versions/A/SharedFileList
0x0000000028ea8000 	/System/Library/Frameworks/NetFS.framework/Versions/A/NetFS
0x0000000028ea8000 	/System/Library/PrivateFrameworks/NetAuth.framework/Versions/A/NetAuth
0x0000000028ea8000 	/System/Library/PrivateFrameworks/login.framework/Versions/A/Frameworks/loginsupport.framework/Versions/A/loginsupport
0x0000000028ea8000 	/System/Library/PrivateFrameworks/TCC.framework/Versions/A/TCC
0x0000000028ea8000 	/usr/lib/libmecabra.dylib
0x0000000028ea8000 	/System/Library/Frameworks/ApplicationServices.framework/Versions/A/Frameworks/ATS.framework/Versions/A/ATS
0x0000000028ea8000 	/System/Library/Frameworks/ApplicationServices.framework/Versions/A/Frameworks/ColorSyncLegacy.framework/Versions/A/ColorSyncLegacy
0x0000000028ea8000 	/System/Library/Frameworks/ApplicationServices.framework/Versions/A/Frameworks/HIServices.framework/Versions/A/HIServices
0x0000000028ea8000 	/System/Library/Frameworks/ApplicationServices.framework/Versions/A/Frameworks/LangAnalysis.framework/Versions/A/LangAnalysis
0x0000000028ea8000 	/System/Library/Frameworks/ApplicationServices.framework/Versions/A/Frameworks/PrintCore.framework/Versions/A/PrintCore
0x0000000028ea8000 	/System/Library/Frameworks/ApplicationServices.framework/Versions/A/Frameworks/QD.framework/Versions/A/QD
0x0000000028ea8000 	/System/Library/Frameworks/ApplicationServices.framework/Versions/A/Frameworks/SpeechSynthesis.framework/Versions/A/SpeechSynthesis
0x0000000028ea8000 	/System/Library/Frameworks/CoreDisplay.framework/Versions/A/CoreDisplay
0x0000000028ea8000 	/System/Library/Frameworks/Accelerate.framework/Versions/A/Frameworks/vImage.framework/Versions/A/vImage
0x0000000028ea8000 	/System/Library/Frameworks/Accelerate.framework/Versions/A/Frameworks/vecLib.framework/Versions/A/vecLib
0x0000000028ea8000 	/System/Library/Frameworks/Accelerate.framework/Versions/A/Frameworks/vecLib.framework/Versions/A/libvDSP.dylib
0x0000000028ea8000 	/System/Library/Frameworks/Accelerate.framework/Versions/A/Frameworks/vecLib.framework/Versions/A/libBNNS.dylib
0x0000000028ea8000 	/System/Library/Frameworks/Accelerate.framework/Versions/A/Frameworks/vecLib.framework/Versions/A/libQuadrature.dylib
0x0000000028ea8000 	/System/Library/Frameworks/Accelerate.framework/Versions/A/Frameworks/vecLib.framework/Versions/A/libvMisc.dylib
0x0000000028ea8000 	/System/Library/Frameworks/Accelerate.framework/Versions/A/Frameworks/vecLib.framework/Versions/A/libLAPACK.dylib
0x0000000028ea8000 	/System/Library/Frameworks/Accelerate.framework/Versions/A/Frameworks/vecLib.framework/Versions/A/libBLAS.dylib
0x0000000028ea8000 	/System/Library/Frameworks/Accelerate.framework/Versions/A/Frameworks/vecLib.framework/Versions/A/libLinearAlgebra.dylib
0x0000000028ea8000 	/System/Library/Frameworks/Accelerate.framework/Versions/A/Frameworks/vecLib.framework/Versions/A/libSparse.dylib
0x0000000028ea8000 	/System/Library/Frameworks/Accelerate.framework/Versions/A/Frameworks/vecLib.framework/Versions/A/libSparseBLAS.dylib
0x0000000028ea8000 	/System/Library/PrivateFrameworks/GPUWrangler.framework/Versions/A/GPUWrangler
0x0000000028ea8000 	/System/Library/PrivateFrameworks/IOAccelerator.framework/Versions/A/IOAccelerator
0x0000000028ea8000 	/System/Library/PrivateFrameworks/IOPresentment.framework/Versions/A/IOPresentment
0x0000000028ea8000 	/System/Library/PrivateFrameworks/DSExternalDisplay.framework/Versions/A/DSExternalDisplay
0x0000000028ea8000 	/System/Library/Frameworks/OpenGL.framework/Versions/A/Libraries/libCoreFSCache.dylib
0x0000000028ea8000 	/System/Library/Frameworks/CoreVideo.framework/Versions/A/CoreVideo
0x0000000028ea8000 	/System/Library/PrivateFrameworks/GraphVisualizer.framework/Versions/A/GraphVisualizer
0x0000000028ea8000 	/System/Library/Frameworks/MetalPerformanceShaders.framework/Versions/A/MetalPerformanceShaders
0x0000000028ea8000 	/usr/lib/libFosl_dynamic.dylib
0x0000000028ea8000 	/System/Library/PrivateFrameworks/FaceCore.framework/Versions/A/FaceCore
0x0000000028ea8000 	/System/Library/Frameworks/OpenCL.framework/Versions/A/OpenCL
0x0000000028ea8000 	/usr/lib/libcompression.dylib
0x0000000028ea8000 	/System/Library/Frameworks/ApplicationServices.framework/Versions/A/Frameworks/ATS.framework/Versions/A/Resources/libFontParser.dylib
0x0000000028ea8000 	/System/Library/Frameworks/ApplicationServices.framework/Versions/A/Frameworks/ATS.framework/Versions/A/Resources/libFontRegistry.dylib
0x0000000028ea8000 	/System/Library/Frameworks/ImageIO.framework/Versions/A/Resources/libJPEG.dylib
0x0000000028ea8000 	/System/Library/Frameworks/ImageIO.framework/Versions/A/Resources/libTIFF.dylib
0x0000000028ea8000 	/System/Library/Frameworks/ImageIO.framework/Versions/A/Resources/libPng.dylib
0x0000000028ea8000 	/System/Library/Frameworks/ImageIO.framework/Versions/A/Resources/libGIF.dylib
0x0000000028ea8000 	/System/Library/Frameworks/ImageIO.framework/Versions/A/Resources/libJP2.dylib
0x0000000028ea8000 	/System/Library/Frameworks/ImageIO.framework/Versions/A/Resources/libRadiance.dylib
0x0000000028ea8000 	/System/Library/PrivateFrameworks/AppleJPEG.framework/Versions/A/AppleJPEG
0x0000000028ea8000 	/System/Library/Frameworks/MetalPerformanceShaders.framework/Frameworks/MPSCore.framework/Versions/A/MPSCore
0x0000000028ea8000 	/System/Library/Frameworks/MetalPerformanceShaders.framework/Frameworks/MPSImage.framework/Versions/A/MPSImage
0x0000000028ea8000 	/System/Library/Frameworks/MetalPerformanceShaders.framework/Frameworks/MPSNeuralNetwork.framework/Versions/A/MPSNeuralNetwork
0x0000000028ea8000 	/System/Library/Frameworks/MetalPerformanceShaders.framework/Frameworks/MPSMatrix.framework/Versions/A/MPSMatrix
0x0000000028ea8000 	/System/Library/PrivateFrameworks/MetalTools.framework/Versions/A/MetalTools
0x0000000028ea8000 	/System/Library/Frameworks/OpenGL.framework/Versions/A/Libraries/libGLU.dylib
0x0000000028ea8000 	/System/Library/Frameworks/OpenGL.framework/Versions/A/Libraries/libGFXShared.dylib
0x0000000028ea8000 	/System/Library/Frameworks/OpenGL.framework/Versions/A/Libraries/libGL.dylib
0x0000000028ea8000 	/System/Library/Frameworks/OpenGL.framework/Versions/A/Libraries/libGLImage.dylib
0x0000000028ea8000 	/System/Library/Frameworks/OpenGL.framework/Versions/A/Libraries/libCVMSPluginSupport.dylib
0x0000000028ea8000 	/System/Library/Frameworks/OpenGL.framework/Versions/A/Libraries/libCoreVMClient.dylib
0x0000000028ea8000 	/usr/lib/libcups.2.dylib
0x0000000028ea8000 	/System/Library/Frameworks/Kerberos.framework/Versions/A/Kerberos
0x0000000028ea8000 	/System/Library/Frameworks/GSS.framework/Versions/A/GSS
0x0000000028ea8000 	/usr/lib/libresolv.9.dylib
0x0000000028ea8000 	/usr/lib/libiconv.2.dylib
0x0000000028ea8000 	/System/Library/PrivateFrameworks/Heimdal.framework/Versions/A/Heimdal
0x0000000028ea8000 	/usr/lib/libheimdal-asn1.dylib
0x0000000028ea8000 	/System/Library/Frameworks/OpenDirectory.framework/Versions/A/OpenDirectory
0x0000000028ea8000 	/System/Library/PrivateFrameworks/CommonAuth.framework/Versions/A/CommonAuth
0x0000000028ea8000 	/System/Library/Frameworks/OpenDirectory.framework/Versions/A/Frameworks/CFOpenDirectory.framework/Versions/A/CFOpenDirectory
0x0000000028ea8000 	/System/Library/Frameworks/SecurityFoundation.framework/Versions/A/SecurityFoundation
0x0000000028ea8000 	/System/Library/PrivateFrameworks/APFS.framework/Versions/A/APFS
0x0000000028ea8000 	/usr/lib/libutil.dylib
0x0000000028ea8000 	/System/Library/PrivateFrameworks/AppleSauce.framework/Versions/A/AppleSauce
0x0000000028ea8000 	/System/Library/PrivateFrameworks/LinguisticData.framework/Versions/A/LinguisticData
0x0000000028ea8000 	/usr/lib/libmarisa.dylib
0x0000000028ea8000 	/System/Library/PrivateFrameworks/Lexicon.framework/Versions/A/Lexicon
0x0000000028ea8000 	/usr/lib/libChineseTokenizer.dylib
0x0000000028ea8000 	/usr/lib/libcmph.dylib
0x0000000028ea8000 	/System/Library/PrivateFrameworks/LanguageModeling.framework/Versions/A/LanguageModeling
0x0000000028ea8000 	/System/Library/PrivateFrameworks/CoreEmoji.framework/Versions/A/CoreEmoji
0x0000000028ea8000 	/System/Library/Frameworks/ServiceManagement.framework/Versions/A/ServiceManagement
0x0000000028ea8000 	/System/Library/PrivateFrameworks/BackgroundTaskManagement.framework/Versions/A/BackgroundTaskManagement
0x0000000028ea8000 	/usr/lib/libxslt.1.dylib
0x0000000028ea8000 	/System/Library/Frameworks/Carbon.framework/Versions/A/Frameworks/Ink.framework/Versions/A/Ink
0x0000000028ea8000 	/System/Library/PrivateFrameworks/TextureIO.framework/Versions/A/TextureIO
0x0000000028ea8000 	/usr/lib/libate.dylib
0x0000000028ea8000 	/System/Library/PrivateFrameworks/CrashReporterSupport.framework/Versions/A/CrashReporterSupport
0x0000000028ea8000 	/System/Library/PrivateFrameworks/Sharing.framework/Versions/A/Sharing
0x0000000028ea8000 	/System/Library/PrivateFrameworks/IconServices.framework/Versions/A/IconServices
0x0000000028ea8000 	/System/Library/PrivateFrameworks/Apple80211.framework/Versions/A/Apple80211
0x0000000028ea8000 	/System/Library/PrivateFrameworks/CoreUtils.framework/Versions/A/CoreUtils
0x0000000028ea8000 	/System/Library/Frameworks/CoreWLAN.framework/Versions/A/CoreWLAN
0x0000000028ea8000 	/System/Library/Frameworks/IOBluetooth.framework/Versions/A/IOBluetooth
0x0000000028ea8000 	/System/Library/PrivateFrameworks/ProtocolBuffer.framework/Versions/A/ProtocolBuffer
0x0000000028ea8000 	/System/Library/PrivateFrameworks/CoreWiFi.framework/Versions/A/CoreWiFi
0x0000000028ea8000 	/System/Library/Frameworks/CoreBluetooth.framework/Versions/A/CoreBluetooth
0x0000000028ea8000 	/System/Library/PrivateFrameworks/DebugSymbols.framework/Versions/A/DebugSymbols
0x0000000028ea8000 	/System/Library/PrivateFrameworks/CoreSymbolication.framework/Versions/A/CoreSymbolication
0x0000000028ea8000 	/System/Library/PrivateFrameworks/Symbolication.framework/Versions/A/Symbolication
0x0000000028ea8000 	/System/Library/PrivateFrameworks/AppleFSCompression.framework/Versions/A/AppleFSCompression
0x0000000028ea8000 	/System/Library/PrivateFrameworks/SpeechRecognitionCore.framework/Versions/A/SpeechRecognitionCore
0x0000000101e00000 	/Library/Java/JavaVirtualMachines/jdk1.8.0_161.jdk/Contents/Home/jre/lib/server/libjvm.dylib
0x0000000028ea8000 	/usr/lib/libstdc++.6.0.9.dylib
0x0000000100cce000 	/Library/Java/JavaVirtualMachines/jdk1.8.0_161.jdk/Contents/Home/jre/lib/libverify.dylib
0x0000000100cdc000 	/Library/Java/JavaVirtualMachines/jdk1.8.0_161.jdk/Contents/Home/jre/lib/libjava.dylib
0x0000000100d5c000 	/Library/Java/JavaVirtualMachines/jdk1.8.0_161.jdk/Contents/Home/jre/lib/libzip.dylib
0x000000011fc89000 	/Library/Java/JavaVirtualMachines/jdk1.8.0_161.jdk/Contents/Home/jre/lib/libmanagement.dylib
0x000000011fc99000 	/Library/Java/JavaVirtualMachines/jdk1.8.0_161.jdk/Contents/Home/jre/lib/libnet.dylib
0x000000011ff13000 	/Library/Java/JavaVirtualMachines/jdk1.8.0_161.jdk/Contents/Home/jre/lib/libnio.dylib
0x00000001206a9000 	/Users/roberthunter/DEV/AMNE/api.amne.co/dynamodblocal-bin/DynamoDBLocal_lib/libsqlite4java-osx.dylib
0x0000000028ea8000 	/System/Library/Frameworks/JavaVM.framework/Versions/A/JavaVM
0x0000000028ea8000 	/System/Library/PrivateFrameworks/JavaLaunching.framework/Versions/A/JavaLaunching

VM Arguments:
jvm_args: -Djava.library.path=./DynamoDBLocal_lib 
java_command: DynamoDBLocal.jar -port 5102 -sharedDb -dbPath ../../db-local
java_class_path (initial): DynamoDBLocal.jar
Launcher Type: SUN_STANDARD

Environment Variables:
PATH=/usr/local/lib/node_modules/npm/node_modules/npm-lifecycle/node-gyp-bin:/Users/roberthunter/DEV/AMNE/api.amne.co/node_modules/.bin:/Library/Frameworks/Python.framework/Versions/3.7/bin:/usr/local/bin:/usr/bin:/bin:/usr/sbin:/sbin:/Library/Python/2.7/bin:/usr/local/bin:/usr/bin:/bin:/usr/sbin:/sbin
SHELL=/bin/bash

Signal Handlers:
SIGSEGV: [libjvm.dylib+0x5b5439], sa_mask[0]=11111111011111110111111111111111, sa_flags=SA_ONSTACK|SA_RESTART|SA_SIGINFO
SIGBUS: [libjvm.dylib+0x5b5439], sa_mask[0]=11111111011111110111111111111111, sa_flags=SA_RESTART|SA_SIGINFO
SIGFPE: [libjvm.dylib+0x48ae24], sa_mask[0]=11111111011111110111111111111111, sa_flags=SA_RESTART|SA_SIGINFO
SIGPIPE: [libjvm.dylib+0x48ae24], sa_mask[0]=11111111011111110111111111111111, sa_flags=SA_RESTART|SA_SIGINFO
SIGXFSZ: [libjvm.dylib+0x48ae24], sa_mask[0]=11111111011111110111111111111111, sa_flags=SA_RESTART|SA_SIGINFO
SIGILL: [libjvm.dylib+0x48ae24], sa_mask[0]=11111111011111110111111111111111, sa_flags=SA_RESTART|SA_SIGINFO
SIGUSR1: SIG_DFL, sa_mask[0]=00000000000000000000000000000000, sa_flags=SA_RESTART
SIGUSR2: [libjvm.dylib+0x48a942], sa_mask[0]=00000000000000000000000000000000, sa_flags=SA_RESTART|SA_SIGINFO
SIGHUP: [libjvm.dylib+0x488f0d], sa_mask[0]=11111111011111110111111111111111, sa_flags=SA_RESTART|SA_SIGINFO
SIGINT: [libjvm.dylib+0x488f0d], sa_mask[0]=11111111011111110111111111111111, sa_flags=SA_RESTART|SA_SIGINFO
SIGTERM: [libjvm.dylib+0x488f0d], sa_mask[0]=11111111011111110111111111111111, sa_flags=SA_RESTART|SA_SIGINFO
SIGQUIT: [libjvm.dylib+0x488f0d], sa_mask[0]=11111111011111110111111111111111, sa_flags=SA_RESTART|SA_SIGINFO


---------------  S Y S T E M  ---------------

OS:Bsduname:Darwin 17.5.0 Darwin Kernel Version 17.5.0: Mon Mar  5 22:24:32 PST 2018; root:xnu-4570.51.1~1/RELEASE_X86_64 x86_64
rlimit: STACK 8192k, CORE 0k, NPROC 1418, NOFILE 10240, AS infinity
load average:3.14 3.13 3.12

CPU:total 8 (initial active 8) (4 cores per cpu, 2 threads per core) family 6 model 94 stepping 3, cmov, cx8, fxsr, mmx, sse, sse2, sse3, ssse3, sse4.1, sse4.2, popcnt, avx, avx2, aes, clmul, erms, rtm, 3dnowpref, lzcnt, ht, tsc, tscinvbit, bmi1, bmi2, adx

Memory: 4k page, physical 16777216k(166764k free)

/proc/meminfo:


vm_info: Java HotSpot(TM) 64-Bit Server VM (25.161-b12) for bsd-amd64 JRE (1.8.0_161-b12), built on Dec 19 2017 16:22:20 by "java_re" with gcc 4.2.1 (Based on Apple Inc. build 5658) (LLVM build 2336.11.00)

time: Mon May  7 10:41:11 2018
elapsed time: 31836 seconds (0d 8h 50m 36s)

