#
# A fatal error has been detected by the Java Runtime Environment:
#
#  SIGSEGV (0xb) at pc=0x000000010988a970, pid=36216, tid=0x0000000000000307
#
# JRE version: Java(TM) SE Runtime Environment (8.0_161-b12) (build 1.8.0_161-b12)
# Java VM: Java HotSpot(TM) 64-Bit Server VM (25.161-b12 mixed mode bsd-amd64 compressed oops)
# Problematic frame:
# V  [libjvm.dylib+0x48a970]
#
# Failed to write core dump. Core dumps have been disabled. To enable core dumping, try "ulimit -c unlimited" before starting Java again
#
# If you would like to submit a bug report, please visit:
#   http://bugreport.java.com/bugreport/crash.jsp
#

---------------  T H R E A D  ---------------

Current thread is native thread

siginfo: si_signo: 11 (SIGSEGV), si_code: 1 (SEGV_MAPERR), si_addr: 0x0000000000000128

Registers:
RAX=0x0000000000000000, RBX=0x00007ffee79cc9a0, RCX=0x00007fff95f1e388, RDX=0x00007ffee79cc9a0
RSP=0x00007ffee79cc4d0, RBP=0x00007ffee79cc500, RSI=0x00007ffee79cc938, RDI=0x0000000000000109
R8 =0x00007ffee79cc9a0, R9 =0x00000000ffffffff, R10=0x0000000000000c00, R11=0x0000000000000206
R12=0x0000000000000c00, R13=0x0000000007000806, R14=0x00007ffee79cc938, R15=0x0000000000000002
RIP=0x000000010988a970, EFLAGS=0x0000000000010206, ERR=0x0000000000000004
  TRAPNO=0x000000000000000e

Top of Stack: (sp=0x00007ffee79cc4d0)
0x00007ffee79cc4d0:   000000005a61a038 00007ffee79cc9a0
0x00007ffee79cc4e0:   0000000000000c00 0000000007000806
0x00007ffee79cc4f0:   00007ffee79ccc10 00000000ffffffff
0x00007ffee79cc500:   00007ffee79cc510 00007fff5d146f5a
0x00007ffee79cc510:   00007ffee79ccab0 0000000000000000
0x00007ffee79cc520:   0000000000000000 0000000000000000
0x00007ffee79cc530:   0100001f00000085 0000000107600008
0x00007ffee79cc540:   0000000010004005 0000000007000806
0x00007ffee79cc550:   00007ffee79cca58 0000000000000000
0x00007ffee79cc560:   00007ffee79ccc10 0000000007000806
0x00007ffee79cc570:   00007ffee79ccab0 00007ffee79cca58
0x00007ffee79cc580:   0000000000000b03 00000000ffffffff
0x00007ffee79cc590:   0000000000000c00 0000000000000206
0x00007ffee79cc5a0:   0000000000000c00 0000000007000806
0x00007ffee79cc5b0:   00007ffee79ccc10 00000000ffffffff
0x00007ffee79cc5c0:   00007fff5d00b7c2 0000000000000206
0x00007ffee79cc5d0:   0000000000000007 0000000000000000
0x00007ffee79cc5e0:   0000000000000000 0000000000000000
0x00007ffee79cc5f0:   000000000000037f 0000000000000000
0x00007ffee79cc600:   0000000000000000 0000ffff00001fa1
0x00007ffee79cc610:   000000000002cd37 000000000000ffff
0x00007ffee79cc620:   0001ffffed351bef 000000000000ffff
0x00007ffee79cc630:   000000000001ffff 000000000000ffff
0x00007ffee79cc640:   0000000000000000 0000000000000000
0x00007ffee79cc650:   0000000000000000 0000000000000000
0x00007ffee79cc660:   00000000ff73ff94 000000000000ffff
0x00007ffee79cc670:   000000001386d4e8 000000000000ffff
0x00007ffee79cc680:   00000000ff700000 000000000000ffff
0x00007ffee79cc690:   41c03aaf52e3ee9a 0000000000000000
0x00007ffee79cc6a0:   3fe8fba6698bb4d4 0000000000000000
0x00007ffee79cc6b0:   4415af1d78b58c40 0000000000000000
0x00007ffee79cc6c0:   c3e0000000000000 0000000000000000 

Instructions: (pc=0x000000010988a970)
0x000000010988a950:   83 ec 08 48 89 d3 49 89 f6 e8 bc 46 14 00 44 8b
0x000000010988a960:   38 48 8d 05 a8 18 3b 00 48 63 38 e8 8c 49 14 00
0x000000010988a970:   4c 8b a0 28 01 00 00 41 83 7c 24 34 01 0f 85 e2
0x000000010988a980:   00 00 00 49 89 5c 24 40 4d 89 74 24 38 49 8d 5c 

Register to memory mapping:

RAX=0x0000000000000000 is an unknown value
RBX=0x00007ffee79cc9a0 is an unknown value
RCX=0x00007fff95f1e388: _thread+0x48 in /usr/lib/system/libsystem_pthread.dylib at 0x00007fff5d14d000
RDX=0x00007ffee79cc9a0 is an unknown value
RSP=0x00007ffee79cc4d0 is an unknown value
RBP=0x00007ffee79cc500 is an unknown value
RSI=0x00007ffee79cc938 is an unknown value
RDI=0x0000000000000109 is an unknown value
R8 =0x00007ffee79cc9a0 is an unknown value
R9 =0x00000000ffffffff is an unknown value
R10=0x0000000000000c00 is an unknown value
R11=0x0000000000000206 is an unknown value
R12=0x0000000000000c00 is an unknown value
R13=0x0000000007000806 is an unknown value
R14=0x00007ffee79cc938 is an unknown value
R15=0x0000000000000002 is an unknown value


Stack: [0x00007ffee71d2000,0x00007ffee79d2000],  sp=0x00007ffee79cc4d0,  free space=8169k
Native frames: (J=compiled Java code, j=interpreted, Vv=VM code, C=native code)
V  [libjvm.dylib+0x48a970]
C  [libsystem_platform.dylib+0x1f5a]  _sigtramp+0x1a
C  0x0000000000000000
C  [CoreFoundation+0x86575]  __CFRunLoopServiceMachPort+0x155
C  [CoreFoundation+0x858c7]  __CFRunLoopRun+0x6f7
C  [CoreFoundation+0x84f43]  CFRunLoopRunSpecific+0x1e3
C  [java+0x647a]  CreateExecutionEnvironment+0x367
C  [java+0x212c]  JLI_Launch+0x7a0
C  [java+0x84d7]  main+0x65
C  [java+0x1984]  start+0x34


---------------  P R O C E S S  ---------------

VM state:not at safepoint (normal execution)

VM Mutex/Monitor currently owned by a thread: None

Heap:
 PSYoungGen      total 31744K, used 29438K [0x000000076ab00000, 0x000000076cb00000, 0x00000007c0000000)
  eden space 31232K, 93% used [0x000000076ab00000,0x000000076c78fb30,0x000000076c980000)
  from space 512K, 37% used [0x000000076ca00000,0x000000076ca30000,0x000000076ca80000)
  to   space 512K, 0% used [0x000000076ca80000,0x000000076ca80000,0x000000076cb00000)
 ParOldGen       total 175104K, used 16840K [0x00000006c0000000, 0x00000006cab00000, 0x000000076ab00000)
  object space 175104K, 9% used [0x00000006c0000000,0x00000006c10721f8,0x00000006cab00000)
 Metaspace       used 19254K, capacity 19476K, committed 19712K, reserved 1067008K
  class space    used 2168K, capacity 2249K, committed 2304K, reserved 1048576K

Card table byte_map: [0x000000010a76e000,0x000000010af6f000] byte_map_base: 0x000000010716e000

Marking Bits: (ParMarkBitMap*) 0x0000000109cf76c0
 Begin Bits: [0x000000011c87a000, 0x000000012087a000)
 End Bits:   [0x000000012087a000, 0x000000012487a000)

Polling page: 0x00000001082e5000

CodeCache: size=245760Kb used=5770Kb max_used=6351Kb free=239989Kb
 bounds [0x000000010d87a000, 0x000000010defa000, 0x000000011c87a000]
 total_blobs=2175 nmethods=1745 adapters=343
 compilation: enabled

Compilation events (10 events):
Event: 172353.368 Thread 0x00007ff68780e000 2184       3       java.util.Formatter::locale (9 bytes)
Event: 172353.371 Thread 0x00007ff68780e000 nmethod 2184 0x000000010dcca410 code [0x000000010dcca580, 0x000000010dcca808]
Event: 172353.389 Thread 0x00007ff68780e000 2183       3       java.util.concurrent.atomic.AtomicBoolean::<init> (5 bytes)
Event: 172353.390 Thread 0x00007ff68780e000 nmethod 2183 0x000000010dd66750 code [0x000000010dd668c0, 0x000000010dd66a70]
Event: 173703.341 Thread 0x00007ff68780d000 2189       4       java.util.concurrent.locks.AbstractQueuedSynchronizer::isOnSyncQueue (33 bytes)
Event: 173703.356 Thread 0x00007ff68780d000 nmethod 2189 0x000000010da4ce90 code [0x000000010da4cfe0, 0x000000010da4d0b8]
Event: 175503.341 Thread 0x00007ff68780e000 2190       3       java.util.concurrent.atomic.AtomicInteger::getAndDecrement (12 bytes)
Event: 175503.346 Thread 0x00007ff68780e000 nmethod 2190 0x000000010dd98790 code [0x000000010dd988e0, 0x000000010dd98a30]
Event: 177303.358 Thread 0x00007ff68780c800 2191       4       com.almworks.sqlite4java._SQLiteSwigged::sqlite3_clear_bindings (8 bytes)
Event: 177303.365 Thread 0x00007ff68780c800 nmethod 2191 0x000000010dc98050 code [0x000000010dc981a0, 0x000000010dc98228]

GC Heap History (10 events):
Event: 177481.506 GC heap before
{Heap before GC invocations=1817 (full 0):
 PSYoungGen      total 31744K, used 31456K [0x000000076ab00000, 0x000000076cb00000, 0x00000007c0000000)
  eden space 31232K, 100% used [0x000000076ab00000,0x000000076c980000,0x000000076c980000)
  from space 512K, 43% used [0x000000076ca80000,0x000000076cab8000,0x000000076cb00000)
  to   space 512K, 0% used [0x000000076ca00000,0x000000076ca00000,0x000000076ca80000)
 ParOldGen       total 175104K, used 16776K [0x00000006c0000000, 0x00000006cab00000, 0x000000076ab00000)
  object space 175104K, 9% used [0x00000006c0000000,0x00000006c10621f8,0x00000006cab00000)
 Metaspace       used 19254K, capacity 19476K, committed 19712K, reserved 1067008K
  class space    used 2168K, capacity 2249K, committed 2304K, reserved 1048576K
Event: 177481.507 GC heap after
Heap after GC invocations=1817 (full 0):
 PSYoungGen      total 31744K, used 192K [0x000000076ab00000, 0x000000076cb00000, 0x00000007c0000000)
  eden space 31232K, 0% used [0x000000076ab00000,0x000000076ab00000,0x000000076c980000)
  from space 512K, 37% used [0x000000076ca00000,0x000000076ca30000,0x000000076ca80000)
  to   space 512K, 0% used [0x000000076ca80000,0x000000076ca80000,0x000000076cb00000)
 ParOldGen       total 175104K, used 16816K [0x00000006c0000000, 0x00000006cab00000, 0x000000076ab00000)
  object space 175104K, 9% used [0x00000006c0000000,0x00000006c106c1f8,0x00000006cab00000)
 Metaspace       used 19254K, capacity 19476K, committed 19712K, reserved 1067008K
  class space    used 2168K, capacity 2249K, committed 2304K, reserved 1048576K
}
Event: 177578.670 GC heap before
{Heap before GC invocations=1818 (full 0):
 PSYoungGen      total 31744K, used 31424K [0x000000076ab00000, 0x000000076cb00000, 0x00000007c0000000)
  eden space 31232K, 100% used [0x000000076ab00000,0x000000076c980000,0x000000076c980000)
  from space 512K, 37% used [0x000000076ca00000,0x000000076ca30000,0x000000076ca80000)
  to   space 512K, 0% used [0x000000076ca80000,0x000000076ca80000,0x000000076cb00000)
 ParOldGen       total 175104K, used 16816K [0x00000006c0000000, 0x00000006cab00000, 0x000000076ab00000)
  object space 175104K, 9% used [0x00000006c0000000,0x00000006c106c1f8,0x00000006cab00000)
 Metaspace       used 19254K, capacity 19476K, committed 19712K, reserved 1067008K
  class space    used 2168K, capacity 2249K, committed 2304K, reserved 1048576K
Event: 177578.671 GC heap after
Heap after GC invocations=1818 (full 0):
 PSYoungGen      total 31744K, used 224K [0x000000076ab00000, 0x000000076cb00000, 0x00000007c0000000)
  eden space 31232K, 0% used [0x000000076ab00000,0x000000076ab00000,0x000000076c980000)
  from space 512K, 43% used [0x000000076ca80000,0x000000076cab8000,0x000000076cb00000)
  to   space 512K, 0% used [0x000000076ca00000,0x000000076ca00000,0x000000076ca80000)
 ParOldGen       total 175104K, used 16816K [0x00000006c0000000, 0x00000006cab00000, 0x000000076ab00000)
  object space 175104K, 9% used [0x00000006c0000000,0x00000006c106c1f8,0x00000006cab00000)
 Metaspace       used 19254K, capacity 19476K, committed 19712K, reserved 1067008K
  class space    used 2168K, capacity 2249K, committed 2304K, reserved 1048576K
}
Event: 177675.321 GC heap before
{Heap before GC invocations=1819 (full 0):
 PSYoungGen      total 31744K, used 31456K [0x000000076ab00000, 0x000000076cb00000, 0x00000007c0000000)
  eden space 31232K, 100% used [0x000000076ab00000,0x000000076c980000,0x000000076c980000)
  from space 512K, 43% used [0x000000076ca80000,0x000000076cab8000,0x000000076cb00000)
  to   space 512K, 0% used [0x000000076ca00000,0x000000076ca00000,0x000000076ca80000)
 ParOldGen       total 175104K, used 16816K [0x00000006c0000000, 0x00000006cab00000, 0x000000076ab00000)
  object space 175104K, 9% used [0x00000006c0000000,0x00000006c106c1f8,0x00000006cab00000)
 Metaspace       used 19254K, capacity 19476K, committed 19712K, reserved 1067008K
  class space    used 2168K, capacity 2249K, committed 2304K, reserved 1048576K
Event: 177675.322 GC heap after
Heap after GC invocations=1819 (full 0):
 PSYoungGen      total 31744K, used 224K [0x000000076ab00000, 0x000000076cb00000, 0x00000007c0000000)
  eden space 31232K, 0% used [0x000000076ab00000,0x000000076ab00000,0x000000076c980000)
  from space 512K, 43% used [0x000000076ca00000,0x000000076ca38000,0x000000076ca80000)
  to   space 512K, 0% used [0x000000076ca80000,0x000000076ca80000,0x000000076cb00000)
 ParOldGen       total 175104K, used 16816K [0x00000006c0000000, 0x00000006cab00000, 0x000000076ab00000)
  object space 175104K, 9% used [0x00000006c0000000,0x00000006c106c1f8,0x00000006cab00000)
 Metaspace       used 19254K, capacity 19476K, committed 19712K, reserved 1067008K
  class space    used 2168K, capacity 2249K, committed 2304K, reserved 1048576K
}
Event: 177771.337 GC heap before
{Heap before GC invocations=1820 (full 0):
 PSYoungGen      total 31744K, used 31456K [0x000000076ab00000, 0x000000076cb00000, 0x00000007c0000000)
  eden space 31232K, 100% used [0x000000076ab00000,0x000000076c980000,0x000000076c980000)
  from space 512K, 43% used [0x000000076ca00000,0x000000076ca38000,0x000000076ca80000)
  to   space 512K, 0% used [0x000000076ca80000,0x000000076ca80000,0x000000076cb00000)
 ParOldGen       total 175104K, used 16816K [0x00000006c0000000, 0x00000006cab00000, 0x000000076ab00000)
  object space 175104K, 9% used [0x00000006c0000000,0x00000006c106c1f8,0x00000006cab00000)
 Metaspace       used 19254K, capacity 19476K, committed 19712K, reserved 1067008K
  class space    used 2168K, capacity 2249K, committed 2304K, reserved 1048576K
Event: 177771.338 GC heap after
Heap after GC invocations=1820 (full 0):
 PSYoungGen      total 31744K, used 224K [0x000000076ab00000, 0x000000076cb00000, 0x00000007c0000000)
  eden space 31232K, 0% used [0x000000076ab00000,0x000000076ab00000,0x000000076c980000)
  from space 512K, 43% used [0x000000076ca80000,0x000000076cab8000,0x000000076cb00000)
  to   space 512K, 0% used [0x000000076ca00000,0x000000076ca00000,0x000000076ca80000)
 ParOldGen       total 175104K, used 16816K [0x00000006c0000000, 0x00000006cab00000, 0x000000076ab00000)
  object space 175104K, 9% used [0x00000006c0000000,0x00000006c106c1f8,0x00000006cab00000)
 Metaspace       used 19254K, capacity 19476K, committed 19712K, reserved 1067008K
  class space    used 2168K, capacity 2249K, committed 2304K, reserved 1048576K
}
Event: 177867.668 GC heap before
{Heap before GC invocations=1821 (full 0):
 PSYoungGen      total 31744K, used 31456K [0x000000076ab00000, 0x000000076cb00000, 0x00000007c0000000)
  eden space 31232K, 100% used [0x000000076ab00000,0x000000076c980000,0x000000076c980000)
  from space 512K, 43% used [0x000000076ca80000,0x000000076cab8000,0x000000076cb00000)
  to   space 512K, 0% used [0x000000076ca00000,0x000000076ca00000,0x000000076ca80000)
 ParOldGen       total 175104K, used 16816K [0x00000006c0000000, 0x00000006cab00000, 0x000000076ab00000)
  object space 175104K, 9% used [0x00000006c0000000,0x00000006c106c1f8,0x00000006cab00000)
 Metaspace       used 19254K, capacity 19476K, committed 19712K, reserved 1067008K
  class space    used 2168K, capacity 2249K, committed 2304K, reserved 1048576K
Event: 177867.670 GC heap after
Heap after GC invocations=1821 (full 0):
 PSYoungGen      total 31744K, used 192K [0x000000076ab00000, 0x000000076cb00000, 0x00000007c0000000)
  eden space 31232K, 0% used [0x000000076ab00000,0x000000076ab00000,0x000000076c980000)
  from space 512K, 37% used [0x000000076ca00000,0x000000076ca30000,0x000000076ca80000)
  to   space 512K, 0% used [0x000000076ca80000,0x000000076ca80000,0x000000076cb00000)
 ParOldGen       total 175104K, used 16840K [0x00000006c0000000, 0x00000006cab00000, 0x000000076ab00000)
  object space 175104K, 9% used [0x00000006c0000000,0x00000006c10721f8,0x00000006cab00000)
 Metaspace       used 19254K, capacity 19476K, committed 19712K, reserved 1067008K
  class space    used 2168K, capacity 2249K, committed 2304K, reserved 1048576K
}

Deoptimization events (10 events):
Event: 451.606 Thread 0x00007ff68b1a2000 Uncommon trap: reason=class_check action=maybe_recompile pc=0x000000010deac3c0 method=java.util.concurrent.locks.AbstractQueuedSynchronizer.release(I)Z @ 2
Event: 451.612 Thread 0x00007ff68b1a2000 Uncommon trap: reason=class_check action=maybe_recompile pc=0x000000010deac3c0 method=java.util.concurrent.locks.AbstractQueuedSynchronizer.release(I)Z @ 2
Event: 901.610 Thread 0x00007ff68a096000 Uncommon trap: reason=class_check action=maybe_recompile pc=0x000000010deac3c0 method=java.util.concurrent.locks.AbstractQueuedSynchronizer.release(I)Z @ 2
Event: 901.614 Thread 0x00007ff68a096000 Uncommon trap: reason=class_check action=maybe_recompile pc=0x000000010deac3c0 method=java.util.concurrent.locks.AbstractQueuedSynchronizer.release(I)Z @ 2
Event: 5221.312 Thread 0x00007ff68b309000 Uncommon trap: reason=unstable_if action=reinterpret pc=0x000000010deb3798 method=org.eclipse.jetty.io.nio.SelectorManager$SelectSet.doSelect()V @ 556
Event: 5221.312 Thread 0x00007ff68b2fa800 Uncommon trap: reason=unstable_if action=reinterpret pc=0x000000010deb3798 method=org.eclipse.jetty.io.nio.SelectorManager$SelectSet.doSelect()V @ 556
Event: 14460.727 Thread 0x00007ff68b2d6800 Uncommon trap: reason=unstable_if action=reinterpret pc=0x000000010deab1cc method=java.util.concurrent.locks.AbstractQueuedSynchronizer$ConditionObject.awaitNanos(J)J @ 53
Event: 14460.735 Thread 0x00007ff68b2d6800 Uncommon trap: reason=unstable_if action=reinterpret pc=0x000000010d9b2944 method=org.eclipse.jetty.util.BlockingArrayQueue.poll(JLjava/util/concurrent/TimeUnit;)Ljava/lang/Object; @ 31
Event: 25600.620 Thread 0x00007ff68b309800 Uncommon trap: reason=unstable_if action=reinterpret pc=0x000000010deb0334 method=org.eclipse.jetty.util.BlockingArrayQueue.poll(JLjava/util/concurrent/TimeUnit;)Ljava/lang/Object; @ 31
Event: 25600.627 Thread 0x00007ff68b309800 Uncommon trap: reason=unstable_if action=reinterpret pc=0x000000010d98861c method=java.util.concurrent.locks.AbstractQueuedSynchronizer$ConditionObject.addConditionWaiter()Ljava/util/concurrent/locks/AbstractQueuedSynchronizer$Node; @ 15

Classes redefined (0 events):
No events

Internal exceptions (10 events):
Event: 0.332 Thread 0x00007ff68a005800 Exception <a 'java/security/PrivilegedActionException'> (0x000000076b4939e0) thrown at [/Users/java_re/workspace/8-2-build-macosx-x86_64/jdk8u161/10277/hotspot/src/share/vm/prims/jvm.cpp, line 1390]
Event: 0.332 Thread 0x00007ff68a005800 Exception <a 'java/security/PrivilegedActionException'> (0x000000076b493bf0) thrown at [/Users/java_re/workspace/8-2-build-macosx-x86_64/jdk8u161/10277/hotspot/src/share/vm/prims/jvm.cpp, line 1390]
Event: 0.786 Thread 0x00007ff68a005800 Exception <a 'java/lang/ArrayIndexOutOfBoundsException': 18> (0x000000076c7050c8) thrown at [/Users/java_re/workspace/8-2-build-macosx-x86_64/jdk8u161/10277/hotspot/src/share/vm/interpreter/interpreterRuntime.cpp, line 366]
Event: 0.786 Thread 0x00007ff68a005800 Exception <a 'java/lang/ArrayIndexOutOfBoundsException': 110> (0x000000076c706620) thrown at [/Users/java_re/workspace/8-2-build-macosx-x86_64/jdk8u161/10277/hotspot/src/share/vm/interpreter/interpreterRuntime.cpp, line 366]
Event: 0.882 Thread 0x00007ff68a005800 Implicit null exception at 0x000000010da9036a to 0x000000010da90da7
Event: 0.882 Thread 0x00007ff68a005800 Exception <a 'java/lang/NullPointerException'> (0x000000076cb3f180) thrown at [/Users/java_re/workspace/8-2-build-macosx-x86_64/jdk8u161/10277/hotspot/src/share/vm/runtime/sharedRuntime.cpp, line 605]
Event: 1.345 Thread 0x00007ff68b2a5000 Exception <a 'java/lang/NoSuchFieldError': method resolution failed> (0x000000076e097538) thrown at [/Users/java_re/workspace/8-2-build-macosx-x86_64/jdk8u161/10277/hotspot/src/share/vm/prims/methodHandles.cpp, line 1167]
Event: 1.346 Thread 0x00007ff68b2a5000 Exception <a 'java/lang/NoSuchFieldError': method resolution failed> (0x000000076e0a4bf8) thrown at [/Users/java_re/workspace/8-2-build-macosx-x86_64/jdk8u161/10277/hotspot/src/share/vm/prims/methodHandles.cpp, line 1167]
Event: 1.570 Thread 0x00007ff68b33b800 Exception <a 'java/lang/UnsatisfiedLinkError': com.almworks.sqlite4java._SQLiteSwiggedJNI.sqlite3_libversion()Ljava/lang/String;> (0x000000076c32c628) thrown at [/Users/java_re/workspace/8-2-build-macosx-x86_64/jdk8u161/10277/hotspot/src/share/vm/prims/na
Event: 1.601 Thread 0x00007ff688a0b800 Implicit null exception at 0x000000010db30598 to 0x000000010db30626

Events (10 events):
Event: 177481.506 Executing VM operation: ParallelGCFailedAllocation
Event: 177481.507 Executing VM operation: ParallelGCFailedAllocation done
Event: 177578.670 Executing VM operation: ParallelGCFailedAllocation
Event: 177578.671 Executing VM operation: ParallelGCFailedAllocation done
Event: 177675.321 Executing VM operation: ParallelGCFailedAllocation
Event: 177675.322 Executing VM operation: ParallelGCFailedAllocation done
Event: 177771.337 Executing VM operation: ParallelGCFailedAllocation
Event: 177771.338 Executing VM operation: ParallelGCFailedAllocation done
Event: 177867.668 Executing VM operation: ParallelGCFailedAllocation
Event: 177867.670 Executing VM operation: ParallelGCFailedAllocation done


Dynamic libraries:
0x000000000db85000 	/System/Library/Frameworks/Cocoa.framework/Versions/A/Cocoa
0x000000000db85000 	/System/Library/Frameworks/Security.framework/Versions/A/Security
0x000000000db85000 	/System/Library/Frameworks/ApplicationServices.framework/Versions/A/ApplicationServices
0x000000000db85000 	/usr/lib/libz.1.dylib
0x000000000db85000 	/usr/lib/libSystem.B.dylib
0x000000000db85000 	/usr/lib/libobjc.A.dylib
0x000000000db85000 	/System/Library/Frameworks/CoreFoundation.framework/Versions/A/CoreFoundation
0x000000000db85000 	/System/Library/Frameworks/Foundation.framework/Versions/C/Foundation
0x000000000db85000 	/System/Library/Frameworks/AppKit.framework/Versions/C/AppKit
0x000000000db85000 	/System/Library/Frameworks/CoreData.framework/Versions/A/CoreData
0x000000000db85000 	/System/Library/PrivateFrameworks/RemoteViewServices.framework/Versions/A/RemoteViewServices
0x000000000db85000 	/System/Library/PrivateFrameworks/UIFoundation.framework/Versions/A/UIFoundation
0x000000000db85000 	/System/Library/PrivateFrameworks/DFRFoundation.framework/Versions/A/DFRFoundation
0x000000000db85000 	/System/Library/Frameworks/Metal.framework/Versions/A/Metal
0x000000000db85000 	/System/Library/PrivateFrameworks/DesktopServicesPriv.framework/Versions/A/DesktopServicesPriv
0x000000000db85000 	/usr/lib/libenergytrace.dylib
0x000000000db85000 	/System/Library/PrivateFrameworks/SkyLight.framework/Versions/A/SkyLight
0x000000000db85000 	/System/Library/Frameworks/CoreGraphics.framework/Versions/A/CoreGraphics
0x000000000db85000 	/usr/lib/libScreenReader.dylib
0x000000000db85000 	/System/Library/Frameworks/Accelerate.framework/Versions/A/Accelerate
0x000000000db85000 	/System/Library/Frameworks/IOSurface.framework/Versions/A/IOSurface
0x000000000db85000 	/System/Library/Frameworks/AudioToolbox.framework/Versions/A/AudioToolbox
0x000000000db85000 	/System/Library/Frameworks/AudioUnit.framework/Versions/A/AudioUnit
0x000000000db85000 	/System/Library/PrivateFrameworks/DataDetectorsCore.framework/Versions/A/DataDetectorsCore
0x000000000db85000 	/System/Library/Frameworks/Carbon.framework/Versions/A/Frameworks/HIToolbox.framework/Versions/A/HIToolbox
0x000000000db85000 	/usr/lib/libicucore.A.dylib
0x000000000db85000 	/System/Library/Frameworks/QuartzCore.framework/Versions/A/QuartzCore
0x000000000db85000 	/System/Library/Frameworks/Carbon.framework/Versions/A/Frameworks/SpeechRecognition.framework/Versions/A/SpeechRecognition
0x000000000db85000 	/usr/lib/libauto.dylib
0x000000000db85000 	/usr/lib/libxml2.2.dylib
0x000000000db85000 	/System/Library/PrivateFrameworks/CoreUI.framework/Versions/A/CoreUI
0x000000000db85000 	/System/Library/Frameworks/CoreAudio.framework/Versions/A/CoreAudio
0x000000000db85000 	/System/Library/Frameworks/DiskArbitration.framework/Versions/A/DiskArbitration
0x000000000db85000 	/usr/lib/liblangid.dylib
0x000000000db85000 	/System/Library/PrivateFrameworks/MultitouchSupport.framework/Versions/A/MultitouchSupport
0x000000000db85000 	/System/Library/Frameworks/IOKit.framework/Versions/A/IOKit
0x000000000db85000 	/usr/lib/libDiagnosticMessagesClient.dylib
0x000000000db85000 	/System/Library/Frameworks/CoreServices.framework/Versions/A/CoreServices
0x000000000db85000 	/System/Library/PrivateFrameworks/PerformanceAnalysis.framework/Versions/A/PerformanceAnalysis
0x000000000db85000 	/System/Library/Frameworks/OpenGL.framework/Versions/A/OpenGL
0x000000000db85000 	/System/Library/Frameworks/ColorSync.framework/Versions/A/ColorSync
0x000000000db85000 	/System/Library/Frameworks/CoreImage.framework/Versions/A/CoreImage
0x000000000db85000 	/System/Library/Frameworks/CoreText.framework/Versions/A/CoreText
0x000000000db85000 	/System/Library/Frameworks/ImageIO.framework/Versions/A/ImageIO
0x000000000db85000 	/System/Library/PrivateFrameworks/Backup.framework/Versions/A/Backup
0x000000000db85000 	/usr/lib/libarchive.2.dylib
0x000000000db85000 	/System/Library/Frameworks/CFNetwork.framework/Versions/A/CFNetwork
0x000000000db85000 	/System/Library/Frameworks/SystemConfiguration.framework/Versions/A/SystemConfiguration
0x000000000db85000 	/usr/lib/libCRFSuite.dylib
0x000000000db85000 	/usr/lib/libc++.1.dylib
0x000000000db85000 	/usr/lib/libc++abi.dylib
0x000000000db85000 	/usr/lib/system/libcache.dylib
0x000000000db85000 	/usr/lib/system/libcommonCrypto.dylib
0x000000000db85000 	/usr/lib/system/libcompiler_rt.dylib
0x000000000db85000 	/usr/lib/system/libcopyfile.dylib
0x000000000db85000 	/usr/lib/system/libcorecrypto.dylib
0x000000000db85000 	/usr/lib/system/libdispatch.dylib
0x000000000db85000 	/usr/lib/system/libdyld.dylib
0x000000000db85000 	/usr/lib/system/libkeymgr.dylib
0x000000000db85000 	/usr/lib/system/liblaunch.dylib
0x000000000db85000 	/usr/lib/system/libmacho.dylib
0x000000000db85000 	/usr/lib/system/libquarantine.dylib
0x000000000db85000 	/usr/lib/system/libremovefile.dylib
0x000000000db85000 	/usr/lib/system/libsystem_asl.dylib
0x000000000db85000 	/usr/lib/system/libsystem_blocks.dylib
0x000000000db85000 	/usr/lib/system/libsystem_c.dylib
0x000000000db85000 	/usr/lib/system/libsystem_configuration.dylib
0x000000000db85000 	/usr/lib/system/libsystem_coreservices.dylib
0x000000000db85000 	/usr/lib/system/libsystem_darwin.dylib
0x000000000db85000 	/usr/lib/system/libsystem_dnssd.dylib
0x000000000db85000 	/usr/lib/system/libsystem_info.dylib
0x000000000db85000 	/usr/lib/system/libsystem_m.dylib
0x000000000db85000 	/usr/lib/system/libsystem_malloc.dylib
0x000000000db85000 	/usr/lib/system/libsystem_network.dylib
0x000000000db85000 	/usr/lib/system/libsystem_networkextension.dylib
0x000000000db85000 	/usr/lib/system/libsystem_notify.dylib
0x000000000db85000 	/usr/lib/system/libsystem_sandbox.dylib
0x000000000db85000 	/usr/lib/system/libsystem_secinit.dylib
0x000000000db85000 	/usr/lib/system/libsystem_kernel.dylib
0x000000000db85000 	/usr/lib/system/libsystem_platform.dylib
0x000000000db85000 	/usr/lib/system/libsystem_pthread.dylib
0x000000000db85000 	/usr/lib/system/libsystem_symptoms.dylib
0x000000000db85000 	/usr/lib/system/libsystem_trace.dylib
0x000000000db85000 	/usr/lib/system/libunwind.dylib
0x000000000db85000 	/usr/lib/system/libxpc.dylib
0x000000000db85000 	/usr/lib/closure/libclosured.dylib
0x000000000db85000 	/usr/lib/libbsm.0.dylib
0x000000000db85000 	/usr/lib/system/libkxld.dylib
0x000000000db85000 	/usr/lib/libOpenScriptingUtil.dylib
0x000000000db85000 	/usr/lib/libcoretls.dylib
0x000000000db85000 	/usr/lib/libcoretls_cfhelpers.dylib
0x000000000db85000 	/usr/lib/libpam.2.dylib
0x000000000db85000 	/usr/lib/libsqlite3.dylib
0x000000000db85000 	/usr/lib/libxar.1.dylib
0x000000000db85000 	/usr/lib/libbz2.1.0.dylib
0x000000000db85000 	/usr/lib/liblzma.5.dylib
0x000000000db85000 	/usr/lib/libnetwork.dylib
0x000000000db85000 	/usr/lib/libapple_nghttp2.dylib
0x000000000db85000 	/usr/lib/libpcap.A.dylib
0x000000000db85000 	/usr/lib/libboringssl.dylib
0x000000000db85000 	/usr/lib/libusrtcp.dylib
0x000000000db85000 	/usr/lib/libapple_crypto.dylib
0x000000000db85000 	/System/Library/Frameworks/CoreServices.framework/Versions/A/Frameworks/FSEvents.framework/Versions/A/FSEvents
0x000000000db85000 	/System/Library/Frameworks/CoreServices.framework/Versions/A/Frameworks/CarbonCore.framework/Versions/A/CarbonCore
0x000000000db85000 	/System/Library/Frameworks/CoreServices.framework/Versions/A/Frameworks/Metadata.framework/Versions/A/Metadata
0x000000000db85000 	/System/Library/Frameworks/CoreServices.framework/Versions/A/Frameworks/OSServices.framework/Versions/A/OSServices
0x000000000db85000 	/System/Library/Frameworks/CoreServices.framework/Versions/A/Frameworks/SearchKit.framework/Versions/A/SearchKit
0x000000000db85000 	/System/Library/Frameworks/CoreServices.framework/Versions/A/Frameworks/AE.framework/Versions/A/AE
0x000000000db85000 	/System/Library/Frameworks/CoreServices.framework/Versions/A/Frameworks/LaunchServices.framework/Versions/A/LaunchServices
0x000000000db85000 	/System/Library/Frameworks/CoreServices.framework/Versions/A/Frameworks/DictionaryServices.framework/Versions/A/DictionaryServices
0x000000000db85000 	/System/Library/Frameworks/CoreServices.framework/Versions/A/Frameworks/SharedFileList.framework/Versions/A/SharedFileList
0x000000000db85000 	/System/Library/Frameworks/NetFS.framework/Versions/A/NetFS
0x000000000db85000 	/System/Library/PrivateFrameworks/NetAuth.framework/Versions/A/NetAuth
0x000000000db85000 	/System/Library/PrivateFrameworks/login.framework/Versions/A/Frameworks/loginsupport.framework/Versions/A/loginsupport
0x000000000db85000 	/System/Library/PrivateFrameworks/TCC.framework/Versions/A/TCC
0x000000000db85000 	/usr/lib/libmecabra.dylib
0x000000000db85000 	/System/Library/Frameworks/ApplicationServices.framework/Versions/A/Frameworks/ATS.framework/Versions/A/ATS
0x000000000db85000 	/System/Library/Frameworks/ApplicationServices.framework/Versions/A/Frameworks/ColorSyncLegacy.framework/Versions/A/ColorSyncLegacy
0x000000000db85000 	/System/Library/Frameworks/ApplicationServices.framework/Versions/A/Frameworks/HIServices.framework/Versions/A/HIServices
0x000000000db85000 	/System/Library/Frameworks/ApplicationServices.framework/Versions/A/Frameworks/LangAnalysis.framework/Versions/A/LangAnalysis
0x000000000db85000 	/System/Library/Frameworks/ApplicationServices.framework/Versions/A/Frameworks/PrintCore.framework/Versions/A/PrintCore
0x000000000db85000 	/System/Library/Frameworks/ApplicationServices.framework/Versions/A/Frameworks/QD.framework/Versions/A/QD
0x000000000db85000 	/System/Library/Frameworks/ApplicationServices.framework/Versions/A/Frameworks/SpeechSynthesis.framework/Versions/A/SpeechSynthesis
0x000000000db85000 	/System/Library/Frameworks/CoreDisplay.framework/Versions/A/CoreDisplay
0x000000000db85000 	/System/Library/Frameworks/Accelerate.framework/Versions/A/Frameworks/vImage.framework/Versions/A/vImage
0x000000000db85000 	/System/Library/Frameworks/Accelerate.framework/Versions/A/Frameworks/vecLib.framework/Versions/A/vecLib
0x000000000db85000 	/System/Library/Frameworks/Accelerate.framework/Versions/A/Frameworks/vecLib.framework/Versions/A/libvDSP.dylib
0x000000000db85000 	/System/Library/Frameworks/Accelerate.framework/Versions/A/Frameworks/vecLib.framework/Versions/A/libBNNS.dylib
0x000000000db85000 	/System/Library/Frameworks/Accelerate.framework/Versions/A/Frameworks/vecLib.framework/Versions/A/libQuadrature.dylib
0x000000000db85000 	/System/Library/Frameworks/Accelerate.framework/Versions/A/Frameworks/vecLib.framework/Versions/A/libvMisc.dylib
0x000000000db85000 	/System/Library/Frameworks/Accelerate.framework/Versions/A/Frameworks/vecLib.framework/Versions/A/libLAPACK.dylib
0x000000000db85000 	/System/Library/Frameworks/Accelerate.framework/Versions/A/Frameworks/vecLib.framework/Versions/A/libBLAS.dylib
0x000000000db85000 	/System/Library/Frameworks/Accelerate.framework/Versions/A/Frameworks/vecLib.framework/Versions/A/libLinearAlgebra.dylib
0x000000000db85000 	/System/Library/Frameworks/Accelerate.framework/Versions/A/Frameworks/vecLib.framework/Versions/A/libSparse.dylib
0x000000000db85000 	/System/Library/Frameworks/Accelerate.framework/Versions/A/Frameworks/vecLib.framework/Versions/A/libSparseBLAS.dylib
0x000000000db85000 	/System/Library/PrivateFrameworks/IOAccelerator.framework/Versions/A/IOAccelerator
0x000000000db85000 	/System/Library/PrivateFrameworks/IOPresentment.framework/Versions/A/IOPresentment
0x000000000db85000 	/System/Library/PrivateFrameworks/DSExternalDisplay.framework/Versions/A/DSExternalDisplay
0x000000000db85000 	/System/Library/Frameworks/OpenGL.framework/Versions/A/Libraries/libCoreFSCache.dylib
0x000000000db85000 	/System/Library/Frameworks/CoreVideo.framework/Versions/A/CoreVideo
0x000000000db85000 	/System/Library/PrivateFrameworks/GraphVisualizer.framework/Versions/A/GraphVisualizer
0x000000000db85000 	/System/Library/Frameworks/MetalPerformanceShaders.framework/Versions/A/MetalPerformanceShaders
0x000000000db85000 	/usr/lib/libFosl_dynamic.dylib
0x000000000db85000 	/System/Library/PrivateFrameworks/FaceCore.framework/Versions/A/FaceCore
0x000000000db85000 	/System/Library/Frameworks/OpenCL.framework/Versions/A/OpenCL
0x000000000db85000 	/usr/lib/libcompression.dylib
0x000000000db85000 	/System/Library/Frameworks/ApplicationServices.framework/Versions/A/Frameworks/ATS.framework/Versions/A/Resources/libFontParser.dylib
0x000000000db85000 	/System/Library/Frameworks/ApplicationServices.framework/Versions/A/Frameworks/ATS.framework/Versions/A/Resources/libFontRegistry.dylib
0x000000000db85000 	/System/Library/Frameworks/ImageIO.framework/Versions/A/Resources/libJPEG.dylib
0x000000000db85000 	/System/Library/Frameworks/ImageIO.framework/Versions/A/Resources/libTIFF.dylib
0x000000000db85000 	/System/Library/Frameworks/ImageIO.framework/Versions/A/Resources/libPng.dylib
0x000000000db85000 	/System/Library/Frameworks/ImageIO.framework/Versions/A/Resources/libGIF.dylib
0x000000000db85000 	/System/Library/Frameworks/ImageIO.framework/Versions/A/Resources/libJP2.dylib
0x000000000db85000 	/System/Library/Frameworks/ImageIO.framework/Versions/A/Resources/libRadiance.dylib
0x000000000db85000 	/System/Library/PrivateFrameworks/AppleJPEG.framework/Versions/A/AppleJPEG
0x000000000db85000 	/System/Library/PrivateFrameworks/MetalTools.framework/Versions/A/MetalTools
0x000000000db85000 	/System/Library/Frameworks/MetalPerformanceShaders.framework/Frameworks/MPSCore.framework/Versions/A/MPSCore
0x000000000db85000 	/System/Library/Frameworks/MetalPerformanceShaders.framework/Frameworks/MPSImage.framework/Versions/A/MPSImage
0x000000000db85000 	/System/Library/Frameworks/MetalPerformanceShaders.framework/Frameworks/MPSMatrix.framework/Versions/A/MPSMatrix
0x000000000db85000 	/System/Library/Frameworks/MetalPerformanceShaders.framework/Frameworks/MPSNeuralNetwork.framework/Versions/A/MPSNeuralNetwork
0x000000000db85000 	/System/Library/Frameworks/OpenGL.framework/Versions/A/Libraries/libGLU.dylib
0x000000000db85000 	/System/Library/Frameworks/OpenGL.framework/Versions/A/Libraries/libGFXShared.dylib
0x000000000db85000 	/System/Library/Frameworks/OpenGL.framework/Versions/A/Libraries/libGL.dylib
0x000000000db85000 	/System/Library/Frameworks/OpenGL.framework/Versions/A/Libraries/libGLImage.dylib
0x000000000db85000 	/System/Library/Frameworks/OpenGL.framework/Versions/A/Libraries/libCVMSPluginSupport.dylib
0x000000000db85000 	/System/Library/Frameworks/OpenGL.framework/Versions/A/Libraries/libCoreVMClient.dylib
0x000000000db85000 	/usr/lib/libcups.2.dylib
0x000000000db85000 	/System/Library/Frameworks/Kerberos.framework/Versions/A/Kerberos
0x000000000db85000 	/System/Library/Frameworks/GSS.framework/Versions/A/GSS
0x000000000db85000 	/usr/lib/libresolv.9.dylib
0x000000000db85000 	/usr/lib/libiconv.2.dylib
0x000000000db85000 	/System/Library/PrivateFrameworks/Heimdal.framework/Versions/A/Heimdal
0x000000000db85000 	/usr/lib/libheimdal-asn1.dylib
0x000000000db85000 	/System/Library/Frameworks/OpenDirectory.framework/Versions/A/OpenDirectory
0x000000000db85000 	/System/Library/PrivateFrameworks/CommonAuth.framework/Versions/A/CommonAuth
0x000000000db85000 	/System/Library/Frameworks/OpenDirectory.framework/Versions/A/Frameworks/CFOpenDirectory.framework/Versions/A/CFOpenDirectory
0x000000000db85000 	/System/Library/Frameworks/SecurityFoundation.framework/Versions/A/SecurityFoundation
0x000000000db85000 	/System/Library/PrivateFrameworks/APFS.framework/Versions/A/APFS
0x000000000db85000 	/usr/lib/libutil.dylib
0x000000000db85000 	/System/Library/PrivateFrameworks/AppleSauce.framework/Versions/A/AppleSauce
0x000000000db85000 	/System/Library/PrivateFrameworks/LinguisticData.framework/Versions/A/LinguisticData
0x000000000db85000 	/usr/lib/libmarisa.dylib
0x000000000db85000 	/System/Library/PrivateFrameworks/Lexicon.framework/Versions/A/Lexicon
0x000000000db85000 	/usr/lib/libChineseTokenizer.dylib
0x000000000db85000 	/usr/lib/libcmph.dylib
0x000000000db85000 	/System/Library/PrivateFrameworks/LanguageModeling.framework/Versions/A/LanguageModeling
0x000000000db85000 	/System/Library/PrivateFrameworks/CoreEmoji.framework/Versions/A/CoreEmoji
0x000000000db85000 	/System/Library/Frameworks/ServiceManagement.framework/Versions/A/ServiceManagement
0x000000000db85000 	/System/Library/PrivateFrameworks/BackgroundTaskManagement.framework/Versions/A/BackgroundTaskManagement
0x000000000db85000 	/usr/lib/libxslt.1.dylib
0x000000000db85000 	/System/Library/Frameworks/Carbon.framework/Versions/A/Frameworks/Ink.framework/Versions/A/Ink
0x000000000db85000 	/System/Library/PrivateFrameworks/TextureIO.framework/Versions/A/TextureIO
0x000000000db85000 	/usr/lib/libate.dylib
0x000000000db85000 	/System/Library/PrivateFrameworks/CrashReporterSupport.framework/Versions/A/CrashReporterSupport
0x000000000db85000 	/System/Library/PrivateFrameworks/Sharing.framework/Versions/A/Sharing
0x000000000db85000 	/System/Library/PrivateFrameworks/IconServices.framework/Versions/A/IconServices
0x000000000db85000 	/System/Library/PrivateFrameworks/ProtocolBuffer.framework/Versions/A/ProtocolBuffer
0x000000000db85000 	/System/Library/PrivateFrameworks/Apple80211.framework/Versions/A/Apple80211
0x000000000db85000 	/System/Library/Frameworks/CoreWLAN.framework/Versions/A/CoreWLAN
0x000000000db85000 	/System/Library/PrivateFrameworks/CoreUtils.framework/Versions/A/CoreUtils
0x000000000db85000 	/System/Library/Frameworks/IOBluetooth.framework/Versions/A/IOBluetooth
0x000000000db85000 	/System/Library/PrivateFrameworks/CoreWiFi.framework/Versions/A/CoreWiFi
0x000000000db85000 	/System/Library/Frameworks/CoreBluetooth.framework/Versions/A/CoreBluetooth
0x000000000db85000 	/System/Library/PrivateFrameworks/SignpostNotification.framework/Versions/A/SignpostNotification
0x000000000db85000 	/System/Library/PrivateFrameworks/DebugSymbols.framework/Versions/A/DebugSymbols
0x000000000db85000 	/System/Library/PrivateFrameworks/CoreSymbolication.framework/Versions/A/CoreSymbolication
0x000000000db85000 	/System/Library/PrivateFrameworks/Symbolication.framework/Versions/A/Symbolication
0x000000000db85000 	/System/Library/PrivateFrameworks/AppleFSCompression.framework/Versions/A/AppleFSCompression
0x000000000db85000 	/System/Library/PrivateFrameworks/SpeechRecognitionCore.framework/Versions/A/SpeechRecognitionCore
0x0000000109400000 	/Library/Java/JavaVirtualMachines/jdk1.8.0_161.jdk/Contents/Home/jre/lib/server/libjvm.dylib
0x000000000db85000 	/usr/lib/libstdc++.6.0.9.dylib
0x00000001082a1000 	/Library/Java/JavaVirtualMachines/jdk1.8.0_161.jdk/Contents/Home/jre/lib/libverify.dylib
0x00000001082af000 	/Library/Java/JavaVirtualMachines/jdk1.8.0_161.jdk/Contents/Home/jre/lib/libjava.dylib
0x000000010832f000 	/Library/Java/JavaVirtualMachines/jdk1.8.0_161.jdk/Contents/Home/jre/lib/libzip.dylib
0x00000001272f5000 	/Library/Java/JavaVirtualMachines/jdk1.8.0_161.jdk/Contents/Home/jre/lib/libmanagement.dylib
0x0000000127303000 	/Library/Java/JavaVirtualMachines/jdk1.8.0_161.jdk/Contents/Home/jre/lib/libnet.dylib
0x0000000127535000 	/Library/Java/JavaVirtualMachines/jdk1.8.0_161.jdk/Contents/Home/jre/lib/libnio.dylib
0x0000000127b45000 	/Users/roberthunter/DEV/AMNE/api.amne.co/dynamodblocal-bin/DynamoDBLocal_lib/libsqlite4java-osx.dylib
0x000000000db85000 	/System/Library/Frameworks/JavaVM.framework/Versions/A/JavaVM
0x000000000db85000 	/System/Library/PrivateFrameworks/JavaLaunching.framework/Versions/A/JavaLaunching

VM Arguments:
jvm_args: -Djava.library.path=./DynamoDBLocal_lib 
java_command: DynamoDBLocal.jar -port 5102 -sharedDb -dbPath ../../db-local
java_class_path (initial): DynamoDBLocal.jar
Launcher Type: SUN_STANDARD

Environment Variables:
PATH=/usr/local/lib/node_modules/npm/node_modules/npm-lifecycle/node-gyp-bin:/Users/roberthunter/DEV/AMNE/api.amne.co/node_modules/.bin:/usr/local/bin:/usr/bin:/bin:/usr/sbin:/sbin
SHELL=/bin/bash

Signal Handlers:
SIGSEGV: [libjvm.dylib+0x5b5439], sa_mask[0]=11111111011111110111111111111111, sa_flags=SA_ONSTACK|SA_RESTART|SA_SIGINFO
SIGBUS: [libjvm.dylib+0x5b5439], sa_mask[0]=11111111011111110111111111111111, sa_flags=SA_RESTART|SA_SIGINFO
SIGFPE: [libjvm.dylib+0x48ae24], sa_mask[0]=11111111011111110111111111111111, sa_flags=SA_RESTART|SA_SIGINFO
SIGPIPE: [libjvm.dylib+0x48ae24], sa_mask[0]=11111111011111110111111111111111, sa_flags=SA_RESTART|SA_SIGINFO
SIGXFSZ: [libjvm.dylib+0x48ae24], sa_mask[0]=11111111011111110111111111111111, sa_flags=SA_RESTART|SA_SIGINFO
SIGILL: [libjvm.dylib+0x48ae24], sa_mask[0]=11111111011111110111111111111111, sa_flags=SA_RESTART|SA_SIGINFO
SIGUSR1: SIG_DFL, sa_mask[0]=00000000000000000000000000000000, sa_flags=SA_RESTART
SIGUSR2: [libjvm.dylib+0x48a942], sa_mask[0]=00000000000000000000000000000000, sa_flags=SA_RESTART|SA_SIGINFO
SIGHUP: [libjvm.dylib+0x488f0d], sa_mask[0]=11111111011111110111111111111111, sa_flags=SA_RESTART|SA_SIGINFO
SIGINT: [libjvm.dylib+0x488f0d], sa_mask[0]=11111111011111110111111111111111, sa_flags=SA_RESTART|SA_SIGINFO
SIGTERM: [libjvm.dylib+0x488f0d], sa_mask[0]=11111111011111110111111111111111, sa_flags=SA_RESTART|SA_SIGINFO
SIGQUIT: [libjvm.dylib+0x488f0d], sa_mask[0]=11111111011111110111111111111111, sa_flags=SA_RESTART|SA_SIGINFO


---------------  S Y S T E M  ---------------

OS:Bsduname:Darwin 17.4.0 Darwin Kernel Version 17.4.0: Sun Dec 17 09:19:54 PST 2017; root:xnu-4570.41.2~1/RELEASE_X86_64 x86_64
rlimit: STACK 8192k, CORE 0k, NPROC 1418, NOFILE 10240, AS infinity
load average:2.01 2.09 2.09

CPU:total 8 (initial active 8) (4 cores per cpu, 2 threads per core) family 6 model 94 stepping 3, cmov, cx8, fxsr, mmx, sse, sse2, sse3, ssse3, sse4.1, sse4.2, popcnt, avx, avx2, aes, clmul, erms, rtm, 3dnowpref, lzcnt, ht, tsc, tscinvbit, bmi1, bmi2, adx

Memory: 4k page, physical 16777216k(25776k free)

/proc/meminfo:


vm_info: Java HotSpot(TM) 64-Bit Server VM (25.161-b12) for bsd-amd64 JRE (1.8.0_161-b12), built on Dec 19 2017 16:22:20 by "java_re" with gcc 4.2.1 (Based on Apple Inc. build 5658) (LLVM build 2336.11.00)

time: Wed Apr  4 17:25:40 2018
elapsed time: 177957 seconds (2d 1h 25m 57s)

