#
# A fatal error has been detected by the Java Runtime Environment:
#
#  SIGSEGV (0xb) at pc=0x000000010628a970, pid=6545, tid=0x0000000000000307
#
# JRE version: Java(TM) SE Runtime Environment (8.0_161-b12) (build 1.8.0_161-b12)
# Java VM: Java HotSpot(TM) 64-Bit Server VM (25.161-b12 mixed mode bsd-amd64 compressed oops)
# Problematic frame:
# V  [libjvm.dylib+0x48a970]
#
# Failed to write core dump. Core dumps have been disabled. To enable core dumping, try "ulimit -c unlimited" before starting Java again
#
# If you would like to submit a bug report, please visit:
#   http://bugreport.java.com/bugreport/crash.jsp
#

---------------  T H R E A D  ---------------

Current thread is native thread

siginfo: si_signo: 11 (SIGSEGV), si_code: 1 (SEGV_MAPERR), si_addr: 0x0000000000000128

Registers:
RAX=0x0000000000000000, RBX=0x00007ffeeaecb110, RCX=0x00007fffb138b3c8, RDX=0x00007ffeeaecb110
RSP=0x00007ffeeaecac40, RBP=0x00007ffeeaecac70, RSI=0x00007ffeeaecb0a8, RDI=0x0000000000000109
R8 =0x00007ffeeaecb110, R9 =0x00000000ffffffff, R10=0x0000000000000c00, R11=0x0000000000000206
R12=0x0000000000000c00, R13=0x0000000007000806, R14=0x00007ffeeaecb0a8, R15=0x0000000000000002
RIP=0x000000010628a970, EFLAGS=0x0000000000010202, ERR=0x0000000000000004
  TRAPNO=0x000000000000000e

Top of Stack: (sp=0x00007ffeeaecac40)
0x00007ffeeaecac40:   000000005a61a03c 00007ffeeaecb110
0x00007ffeeaecac50:   0000000000000c00 0000000007000806
0x00007ffeeaecac60:   00007ffeeaecb380 00000000ffffffff
0x00007ffeeaecac70:   00007ffeeaecac80 00007fff79069f5a
0x00007ffeeaecac80:   00007ffeeaecb220 00007fff781355b1
0x00007ffeeaecac90:   00007fffaac52470 0000000000000000
0x00007ffeeaecaca0:   0100001f00000085 00007fffaac4d100
0x00007ffeeaecacb0:   0000000010004005 0000000007000806
0x00007ffeeaecacc0:   00007ffeeaecb1c8 0000000000000000
0x00007ffeeaecacd0:   00007ffeeaecb380 0000000007000806
0x00007ffeeaecace0:   00007ffeeaecb220 00007ffeeaecb1c8
0x00007ffeeaecacf0:   0000000000001203 00000000ffffffff
0x00007ffeeaecad00:   0000000000000c00 0000000000000206
0x00007ffeeaecad10:   0000000000000c00 0000000007000806
0x00007ffeeaecad20:   00007ffeeaecb380 00000000ffffffff
0x00007ffeeaecad30:   00007fff78ea220a 0000000000000206
0x00007ffeeaecad40:   0000000000000007 0000000000000000
0x00007ffeeaecad50:   0000000000000000 0000000000000000
0x00007ffeeaecad60:   000000000000037f 0000000000000000
0x00007ffeeaecad70:   0000000000000000 0000ffff00001fa1
0x00007ffeeaecad80:   000000000002cd37 000000000000ffff
0x00007ffeeaecad90:   0001ffffed351bef 000000000000ffff
0x00007ffeeaecada0:   000000000001ffff 000000000000ffff
0x00007ffeeaecadb0:   0000000000000000 0000000000000000
0x00007ffeeaecadc0:   0000000000000000 0000000000000000
0x00007ffeeaecadd0:   00000000ff73ff94 000000000000ffff
0x00007ffeeaecade0:   00000000127b6724 000000000000ffff
0x00007ffeeaecadf0:   00000000ff700000 000000000000ffff
0x00007ffeeaecae00:   41c050558d1f2aa6 0000000000000000
0x00007ffeeaecae10:   3fcf2aa5c5f7c675 0000000000000000
0x00007ffeeaecae20:   4415af1d78b58c40 0000000000000000
0x00007ffeeaecae30:   c3e0000000000000 0000000000000000 

Instructions: (pc=0x000000010628a970)
0x000000010628a950:   83 ec 08 48 89 d3 49 89 f6 e8 bc 46 14 00 44 8b
0x000000010628a960:   38 48 8d 05 a8 18 3b 00 48 63 38 e8 8c 49 14 00
0x000000010628a970:   4c 8b a0 28 01 00 00 41 83 7c 24 34 01 0f 85 e2
0x000000010628a980:   00 00 00 49 89 5c 24 40 4d 89 74 24 38 49 8d 5c 

Register to memory mapping:

RAX=0x0000000000000000 is an unknown value
RBX=0x00007ffeeaecb110 is an unknown value
RCX=0x00007fffb138b3c8: _thread+0x48 in /usr/lib/system/libsystem_pthread.dylib at 0x00007fff79070000
RDX=0x00007ffeeaecb110 is an unknown value
RSP=0x00007ffeeaecac40 is an unknown value
RBP=0x00007ffeeaecac70 is an unknown value
RSI=0x00007ffeeaecb0a8 is an unknown value
RDI=0x0000000000000109 is an unknown value
R8 =0x00007ffeeaecb110 is an unknown value
R9 =0x00000000ffffffff is an unknown value
R10=0x0000000000000c00 is an unknown value
R11=0x0000000000000206 is an unknown value
R12=0x0000000000000c00 is an unknown value
R13=0x0000000007000806 is an unknown value
R14=0x00007ffeeaecb0a8 is an unknown value
R15=0x0000000000000002 is an unknown value


Stack: [0x00007ffeea6d1000,0x00007ffeeaed1000],  sp=0x00007ffeeaecac40,  free space=8167k
Native frames: (J=compiled Java code, j=interpreted, Vv=VM code, C=native code)
V  [libjvm.dylib+0x48a970]
C  [libsystem_platform.dylib+0x1f5a]  _sigtramp+0x1a
C  [libobjc.A.dylib+0x85b1]  _objc_fetch_pthread_data+0x22
C  [CoreFoundation+0x867d5]  __CFRunLoopServiceMachPort+0x155
C  [CoreFoundation+0x85b27]  __CFRunLoopRun+0x6f7
C  [CoreFoundation+0x851a3]  CFRunLoopRunSpecific+0x1e3
C  [java+0x647a]  CreateExecutionEnvironment+0x367
C  [java+0x212c]  JLI_Launch+0x7a0
C  [java+0x84d7]  main+0x65
C  [java+0x1984]  start+0x34


---------------  P R O C E S S  ---------------

VM state:not at safepoint (normal execution)

VM Mutex/Monitor currently owned by a thread: None

Heap:
 PSYoungGen      total 68608K, used 25533K [0x000000076ab00000, 0x000000076fd80000, 0x00000007c0000000)
  eden space 64000K, 32% used [0x000000076ab00000,0x000000076bf83460,0x000000076e980000)
  from space 4608K, 98% used [0x000000076eb00000,0x000000076ef6c040,0x000000076ef80000)
  to   space 10240K, 0% used [0x000000076f380000,0x000000076f380000,0x000000076fd80000)
 ParOldGen       total 175104K, used 56K [0x00000006c0000000, 0x00000006cab00000, 0x000000076ab00000)
  object space 175104K, 0% used [0x00000006c0000000,0x00000006c000e000,0x00000006cab00000)
 Metaspace       used 19167K, capacity 19364K, committed 19456K, reserved 1067008K
  class space    used 2167K, capacity 2249K, committed 2304K, reserved 1048576K

Card table byte_map: [0x00000001071ae000,0x00000001079af000] byte_map_base: 0x0000000103bae000

Marking Bits: (ParMarkBitMap*) 0x00000001066f76c0
 Begin Bits: [0x0000000117f91000, 0x000000011bf91000)
 End Bits:   [0x000000011bf91000, 0x000000011ff91000)

Polling page: 0x0000000104de6000

CodeCache: size=245760Kb used=6309Kb max_used=6322Kb free=239450Kb
 bounds [0x0000000108f91000, 0x00000001095d1000, 0x0000000117f91000]
 total_blobs=2343 nmethods=1913 adapters=343
 compilation: enabled

Compilation events (10 events):
Event: 267.939 Thread 0x00007fc03c00c800 1950   !   4       sun.nio.ch.SelectorImpl::processDeregisterQueue (101 bytes)
Event: 267.941 Thread 0x00007fc03c00c800 nmethod 1950 0x00000001095bec10 code [0x00000001095bed60, 0x00000001095bf018]
Event: 271.969 Thread 0x00007fc03c00b000 1951       4       java.util.concurrent.ConcurrentHashMap$Traverser::advance (188 bytes)
Event: 271.970 Thread 0x00007fc03c00b000 nmethod 1951 0x00000001095b3a90 code [0x00000001095b3be0, 0x00000001095b3d78]
Event: 321.109 Thread 0x00007fc03c832000 1952       4       java.util.concurrent.locks.AbstractQueuedSynchronizer::release (33 bytes)
Event: 321.110 Thread 0x00007fc03c832000 nmethod 1952 0x00000001095be610 code [0x00000001095be780, 0x00000001095be988]
Event: 328.318 Thread 0x00007fc03c00d800 1953       1       java.util.concurrent.atomic.AtomicInteger::incrementAndGet (14 bytes)
Event: 328.318 Thread 0x00007fc03c00d800 nmethod 1953 0x00000001095c5110 code [0x00000001095c5260, 0x00000001095c5370]
Event: 329.161 Thread 0x00007fc03c00b000 1954       4       java.util.concurrent.locks.ReentrantLock$Sync::tryRelease (45 bytes)
Event: 329.162 Thread 0x00007fc03c00b000 nmethod 1954 0x00000001095bf390 code [0x00000001095bf4e0, 0x00000001095bf5b8]

GC Heap History (10 events):
Event: 1.106 GC heap before
{Heap before GC invocations=1 (full 0):
 PSYoungGen      total 76288K, used 63242K [0x000000076ab00000, 0x0000000770000000, 0x00000007c0000000)
  eden space 65536K, 96% used [0x000000076ab00000,0x000000076e8c28a0,0x000000076eb00000)
  from space 10752K, 0% used [0x000000076f580000,0x000000076f580000,0x0000000770000000)
  to   space 10752K, 0% used [0x000000076eb00000,0x000000076eb00000,0x000000076f580000)
 ParOldGen       total 175104K, used 0K [0x00000006c0000000, 0x00000006cab00000, 0x000000076ab00000)
  object space 175104K, 0% used [0x00000006c0000000,0x00000006c0000000,0x00000006cab00000)
 Metaspace       used 15869K, capacity 16002K, committed 16256K, reserved 1062912K
  class space    used 1852K, capacity 1918K, committed 1920K, reserved 1048576K
Event: 1.115 GC heap after
Heap after GC invocations=1 (full 0):
 PSYoungGen      total 76288K, used 9312K [0x000000076ab00000, 0x0000000770000000, 0x00000007c0000000)
  eden space 65536K, 0% used [0x000000076ab00000,0x000000076ab00000,0x000000076eb00000)
  from space 10752K, 86% used [0x000000076eb00000,0x000000076f4182c8,0x000000076f580000)
  to   space 10752K, 0% used [0x000000076f580000,0x000000076f580000,0x0000000770000000)
 ParOldGen       total 175104K, used 16K [0x00000006c0000000, 0x00000006cab00000, 0x000000076ab00000)
  object space 175104K, 0% used [0x00000006c0000000,0x00000006c0004000,0x00000006cab00000)
 Metaspace       used 15869K, capacity 16002K, committed 16256K, reserved 1062912K
  class space    used 1852K, capacity 1918K, committed 1920K, reserved 1048576K
}
Event: 1.714 GC heap before
{Heap before GC invocations=2 (full 0):
 PSYoungGen      total 76288K, used 64703K [0x000000076ab00000, 0x0000000770000000, 0x00000007c0000000)
  eden space 65536K, 84% used [0x000000076ab00000,0x000000076e1179a8,0x000000076eb00000)
  from space 10752K, 86% used [0x000000076eb00000,0x000000076f4182c8,0x000000076f580000)
  to   space 10752K, 0% used [0x000000076f580000,0x000000076f580000,0x0000000770000000)
 ParOldGen       total 175104K, used 16K [0x00000006c0000000, 0x00000006cab00000, 0x000000076ab00000)
  object space 175104K, 0% used [0x00000006c0000000,0x00000006c0004000,0x00000006cab00000)
 Metaspace       used 18752K, capacity 19038K, committed 19200K, reserved 1067008K
  class space    used 2153K, capacity 2248K, committed 2304K, reserved 1048576K
Event: 1.721 GC heap after
Heap after GC invocations=2 (full 0):
 PSYoungGen      total 76288K, used 6079K [0x000000076ab00000, 0x0000000770000000, 0x00000007c0000000)
  eden space 65536K, 0% used [0x000000076ab00000,0x000000076ab00000,0x000000076eb00000)
  from space 10752K, 56% used [0x000000076f580000,0x000000076fb6fc18,0x0000000770000000)
  to   space 10752K, 0% used [0x000000076eb00000,0x000000076eb00000,0x000000076f580000)
 ParOldGen       total 175104K, used 32K [0x00000006c0000000, 0x00000006cab00000, 0x000000076ab00000)
  object space 175104K, 0% used [0x00000006c0000000,0x00000006c0008000,0x00000006cab00000)
 Metaspace       used 18752K, capacity 19038K, committed 19200K, reserved 1067008K
  class space    used 2153K, capacity 2248K, committed 2304K, reserved 1048576K
}
Event: 3.089 GC heap before
{Heap before GC invocations=3 (full 0):
 PSYoungGen      total 76288K, used 62230K [0x000000076ab00000, 0x0000000770000000, 0x00000007c0000000)
  eden space 65536K, 85% used [0x000000076ab00000,0x000000076e1d5c98,0x000000076eb00000)
  from space 10752K, 56% used [0x000000076f580000,0x000000076fb6fc18,0x0000000770000000)
  to   space 10752K, 0% used [0x000000076eb00000,0x000000076eb00000,0x000000076f580000)
 ParOldGen       total 175104K, used 32K [0x00000006c0000000, 0x00000006cab00000, 0x000000076ab00000)
  object space 175104K, 0% used [0x00000006c0000000,0x00000006c0008000,0x00000006cab00000)
 Metaspace       used 18915K, capacity 19172K, committed 19456K, reserved 1067008K
  class space    used 2166K, capacity 2249K, committed 2304K, reserved 1048576K
Event: 3.092 GC heap after
Heap after GC invocations=3 (full 0):
 PSYoungGen      total 76288K, used 4603K [0x000000076ab00000, 0x0000000770000000, 0x00000007c0000000)
  eden space 65536K, 0% used [0x000000076ab00000,0x000000076ab00000,0x000000076eb00000)
  from space 10752K, 42% used [0x000000076eb00000,0x000000076ef7ec98,0x000000076f580000)
  to   space 10752K, 0% used [0x000000076f580000,0x000000076f580000,0x0000000770000000)
 ParOldGen       total 175104K, used 40K [0x00000006c0000000, 0x00000006cab00000, 0x000000076ab00000)
  object space 175104K, 0% used [0x00000006c0000000,0x00000006c000a000,0x00000006cab00000)
 Metaspace       used 18915K, capacity 19172K, committed 19456K, reserved 1067008K
  class space    used 2166K, capacity 2249K, committed 2304K, reserved 1048576K
}
Event: 87.612 GC heap before
{Heap before GC invocations=4 (full 0):
 PSYoungGen      total 76288K, used 70139K [0x000000076ab00000, 0x0000000770000000, 0x00000007c0000000)
  eden space 65536K, 100% used [0x000000076ab00000,0x000000076eb00000,0x000000076eb00000)
  from space 10752K, 42% used [0x000000076eb00000,0x000000076ef7ec98,0x000000076f580000)
  to   space 10752K, 0% used [0x000000076f580000,0x000000076f580000,0x0000000770000000)
 ParOldGen       total 175104K, used 40K [0x00000006c0000000, 0x00000006cab00000, 0x000000076ab00000)
  object space 175104K, 0% used [0x00000006c0000000,0x00000006c000a000,0x00000006cab00000)
 Metaspace       used 19133K, capacity 19364K, committed 19456K, reserved 1067008K
  class space    used 2167K, capacity 2249K, committed 2304K, reserved 1048576K
Event: 87.616 GC heap after
Heap after GC invocations=4 (full 0):
 PSYoungGen      total 76288K, used 4496K [0x000000076ab00000, 0x0000000770000000, 0x00000007c0000000)
  eden space 65536K, 0% used [0x000000076ab00000,0x000000076ab00000,0x000000076eb00000)
  from space 10752K, 41% used [0x000000076f580000,0x000000076f9e4020,0x0000000770000000)
  to   space 10752K, 0% used [0x000000076eb00000,0x000000076eb00000,0x000000076f580000)
 ParOldGen       total 175104K, used 48K [0x00000006c0000000, 0x00000006cab00000, 0x000000076ab00000)
  object space 175104K, 0% used [0x00000006c0000000,0x00000006c000c000,0x00000006cab00000)
 Metaspace       used 19133K, capacity 19364K, committed 19456K, reserved 1067008K
  class space    used 2167K, capacity 2249K, committed 2304K, reserved 1048576K
}
Event: 277.274 GC heap before
{Heap before GC invocations=5 (full 0):
 PSYoungGen      total 76288K, used 70032K [0x000000076ab00000, 0x0000000770000000, 0x00000007c0000000)
  eden space 65536K, 100% used [0x000000076ab00000,0x000000076eb00000,0x000000076eb00000)
  from space 10752K, 41% used [0x000000076f580000,0x000000076f9e4020,0x0000000770000000)
  to   space 10752K, 0% used [0x000000076eb00000,0x000000076eb00000,0x000000076f580000)
 ParOldGen       total 175104K, used 48K [0x00000006c0000000, 0x00000006cab00000, 0x000000076ab00000)
  object space 175104K, 0% used [0x00000006c0000000,0x00000006c000c000,0x00000006cab00000)
 Metaspace       used 19167K, capacity 19364K, committed 19456K, reserved 1067008K
  class space    used 2167K, capacity 2249K, committed 2304K, reserved 1048576K
Event: 277.279 GC heap after
Heap after GC invocations=5 (full 0):
 PSYoungGen      total 68608K, used 4528K [0x000000076ab00000, 0x000000076fd80000, 0x00000007c0000000)
  eden space 64000K, 0% used [0x000000076ab00000,0x000000076ab00000,0x000000076e980000)
  from space 4608K, 98% used [0x000000076eb00000,0x000000076ef6c040,0x000000076ef80000)
  to   space 10240K, 0% used [0x000000076f380000,0x000000076f380000,0x000000076fd80000)
 ParOldGen       total 175104K, used 56K [0x00000006c0000000, 0x00000006cab00000, 0x000000076ab00000)
  object space 175104K, 0% used [0x00000006c0000000,0x00000006c000e000,0x00000006cab00000)
 Metaspace       used 19167K, capacity 19364K, committed 19456K, reserved 1067008K
  class space    used 2167K, capacity 2249K, committed 2304K, reserved 1048576K
}

Deoptimization events (10 events):
Event: 0.601 Thread 0x00007fc03d003000 Uncommon trap: reason=range_check action=make_not_entrant pc=0x0000000109205088 method=sun.reflect.generics.parser.SignatureParser.current()C @ 34
Event: 0.649 Thread 0x00007fc03d003000 Uncommon trap: reason=unstable_if action=reinterpret pc=0x00000001090e8680 method=java.lang.Object.equals(Ljava/lang/Object;)Z @ 2
Event: 0.654 Thread 0x00007fc03d003000 Uncommon trap: reason=unstable_if action=reinterpret pc=0x00000001090e8278 method=java.lang.reflect.Executable.equalParamTypes([Ljava/lang/Class;[Ljava/lang/Class;)Z @ 12
Event: 0.868 Thread 0x00007fc03d003000 Uncommon trap: reason=unstable_if action=reinterpret pc=0x000000010929b5d8 method=java.io.UnixFileSystem.normalize(Ljava/lang/String;)Ljava/lang/String; @ 60
Event: 0.899 Thread 0x00007fc03d003000 Uncommon trap: reason=unstable_if action=reinterpret pc=0x00000001092b4548 method=java.lang.String.startsWith(Ljava/lang/String;I)Z @ 25
Event: 1.233 Thread 0x00007fc03cac4000 Uncommon trap: reason=unstable_if action=reinterpret pc=0x000000010924bd5c method=java.util.HashMap.hash(Ljava/lang/Object;)I @ 1
Event: 1.255 Thread 0x00007fc03c18c800 Uncommon trap: reason=bimorphic action=maybe_recompile pc=0x0000000109247734 method=java.util.HashMap.putVal(ILjava/lang/Object;Ljava/lang/Object;ZZ)Ljava/lang/Object; @ 203
Event: 1.257 Thread 0x00007fc03c18c800 Uncommon trap: reason=bimorphic action=maybe_recompile pc=0x0000000109247734 method=java.util.HashMap.putVal(ILjava/lang/Object;Ljava/lang/Object;ZZ)Ljava/lang/Object; @ 203
Event: 1.259 Thread 0x00007fc03c18c800 Uncommon trap: reason=bimorphic action=maybe_recompile pc=0x0000000109247734 method=java.util.HashMap.putVal(ILjava/lang/Object;Ljava/lang/Object;ZZ)Ljava/lang/Object; @ 203
Event: 1.264 Thread 0x00007fc03c18c800 Uncommon trap: reason=bimorphic action=maybe_recompile pc=0x0000000109247734 method=java.util.HashMap.putVal(ILjava/lang/Object;Ljava/lang/Object;ZZ)Ljava/lang/Object; @ 203

Classes redefined (0 events):
No events

Internal exceptions (10 events):
Event: 0.314 Thread 0x00007fc03d003000 Exception <a 'java/security/PrivilegedActionException'> (0x000000076b4939a0) thrown at [/Users/java_re/workspace/8-2-build-macosx-x86_64/jdk8u161/10277/hotspot/src/share/vm/prims/jvm.cpp, line 1390]
Event: 0.314 Thread 0x00007fc03d003000 Exception <a 'java/security/PrivilegedActionException'> (0x000000076b493bb0) thrown at [/Users/java_re/workspace/8-2-build-macosx-x86_64/jdk8u161/10277/hotspot/src/share/vm/prims/jvm.cpp, line 1390]
Event: 0.601 Thread 0x00007fc03d003000 Exception <a 'java/lang/ArrayIndexOutOfBoundsException': 18> (0x000000076c704e68) thrown at [/Users/java_re/workspace/8-2-build-macosx-x86_64/jdk8u161/10277/hotspot/src/share/vm/interpreter/interpreterRuntime.cpp, line 366]
Event: 0.602 Thread 0x00007fc03d003000 Exception <a 'java/lang/ArrayIndexOutOfBoundsException': 110> (0x000000076c7063c0) thrown at [/Users/java_re/workspace/8-2-build-macosx-x86_64/jdk8u161/10277/hotspot/src/share/vm/interpreter/interpreterRuntime.cpp, line 366]
Event: 0.687 Thread 0x00007fc03d003000 Implicit null exception at 0x00000001091dc6aa to 0x00000001091dd0e7
Event: 0.687 Thread 0x00007fc03d003000 Exception <a 'java/lang/NullPointerException'> (0x000000076cb3f298) thrown at [/Users/java_re/workspace/8-2-build-macosx-x86_64/jdk8u161/10277/hotspot/src/share/vm/runtime/sharedRuntime.cpp, line 605]
Event: 1.051 Thread 0x00007fc03cabf000 Exception <a 'java/lang/NoSuchFieldError': method resolution failed> (0x000000076e46e650) thrown at [/Users/java_re/workspace/8-2-build-macosx-x86_64/jdk8u161/10277/hotspot/src/share/vm/prims/methodHandles.cpp, line 1167]
Event: 1.053 Thread 0x00007fc03cabf000 Exception <a 'java/lang/NoSuchFieldError': method resolution failed> (0x000000076e47bd10) thrown at [/Users/java_re/workspace/8-2-build-macosx-x86_64/jdk8u161/10277/hotspot/src/share/vm/prims/methodHandles.cpp, line 1167]
Event: 1.215 Thread 0x00007fc03c18c800 Exception <a 'java/lang/UnsatisfiedLinkError': com.almworks.sqlite4java._SQLiteSwiggedJNI.sqlite3_libversion()Ljava/lang/String;> (0x000000076c267910) thrown at [/Users/java_re/workspace/8-2-build-macosx-x86_64/jdk8u161/10277/hotspot/src/share/vm/prims/na
Event: 1.233 Thread 0x00007fc03cac4000 Implicit null exception at 0x000000010924b65b to 0x000000010924bd41

Events (10 events):
Event: 88.008 Thread 0x00007fc03c00d800 flushing nmethod 0x00000001090fe590
Event: 88.008 Thread 0x00007fc03c00d800 flushing nmethod 0x0000000109101650
Event: 88.008 Thread 0x00007fc03c00d800 flushing nmethod 0x0000000109103650
Event: 88.411 Thread 0x00007fc03c00d800 flushing nmethod 0x000000010910b4d0
Event: 88.412 Thread 0x00007fc03c00d800 flushing nmethod 0x000000010913d590
Event: 88.412 Thread 0x00007fc03c00d800 flushing nmethod 0x000000010914bf10
Event: 254.126 loading class com/fasterxml/jackson/databind/InjectableValues
Event: 254.126 loading class com/fasterxml/jackson/databind/InjectableValues done
Event: 277.274 Executing VM operation: ParallelGCFailedAllocation
Event: 277.279 Executing VM operation: ParallelGCFailedAllocation done


Dynamic libraries:
0x0000000028ea8000 	/System/Library/Frameworks/Cocoa.framework/Versions/A/Cocoa
0x0000000028ea8000 	/System/Library/Frameworks/Security.framework/Versions/A/Security
0x0000000028ea8000 	/System/Library/Frameworks/ApplicationServices.framework/Versions/A/ApplicationServices
0x0000000028ea8000 	/usr/lib/libz.1.dylib
0x0000000028ea8000 	/usr/lib/libSystem.B.dylib
0x0000000028ea8000 	/usr/lib/libobjc.A.dylib
0x0000000028ea8000 	/System/Library/Frameworks/CoreFoundation.framework/Versions/A/CoreFoundation
0x0000000028ea8000 	/System/Library/Frameworks/Foundation.framework/Versions/C/Foundation
0x0000000028ea8000 	/System/Library/Frameworks/AppKit.framework/Versions/C/AppKit
0x0000000028ea8000 	/System/Library/Frameworks/CoreData.framework/Versions/A/CoreData
0x0000000028ea8000 	/System/Library/PrivateFrameworks/RemoteViewServices.framework/Versions/A/RemoteViewServices
0x0000000028ea8000 	/System/Library/PrivateFrameworks/UIFoundation.framework/Versions/A/UIFoundation
0x0000000028ea8000 	/System/Library/PrivateFrameworks/DFRFoundation.framework/Versions/A/DFRFoundation
0x0000000028ea8000 	/System/Library/Frameworks/Metal.framework/Versions/A/Metal
0x0000000028ea8000 	/System/Library/PrivateFrameworks/DesktopServicesPriv.framework/Versions/A/DesktopServicesPriv
0x0000000028ea8000 	/usr/lib/libenergytrace.dylib
0x0000000028ea8000 	/System/Library/PrivateFrameworks/SkyLight.framework/Versions/A/SkyLight
0x0000000028ea8000 	/System/Library/Frameworks/CoreGraphics.framework/Versions/A/CoreGraphics
0x0000000028ea8000 	/usr/lib/libScreenReader.dylib
0x0000000028ea8000 	/System/Library/Frameworks/Accelerate.framework/Versions/A/Accelerate
0x0000000028ea8000 	/System/Library/Frameworks/IOSurface.framework/Versions/A/IOSurface
0x0000000028ea8000 	/System/Library/Frameworks/AudioToolbox.framework/Versions/A/AudioToolbox
0x0000000028ea8000 	/System/Library/Frameworks/AudioUnit.framework/Versions/A/AudioUnit
0x0000000028ea8000 	/System/Library/PrivateFrameworks/DataDetectorsCore.framework/Versions/A/DataDetectorsCore
0x0000000028ea8000 	/System/Library/Frameworks/Carbon.framework/Versions/A/Frameworks/HIToolbox.framework/Versions/A/HIToolbox
0x0000000028ea8000 	/usr/lib/libicucore.A.dylib
0x0000000028ea8000 	/System/Library/Frameworks/QuartzCore.framework/Versions/A/QuartzCore
0x0000000028ea8000 	/System/Library/PrivateFrameworks/SignpostNotification.framework/Versions/A/SignpostNotification
0x0000000028ea8000 	/System/Library/Frameworks/Carbon.framework/Versions/A/Frameworks/SpeechRecognition.framework/Versions/A/SpeechRecognition
0x0000000028ea8000 	/usr/lib/libauto.dylib
0x0000000028ea8000 	/usr/lib/libxml2.2.dylib
0x0000000028ea8000 	/System/Library/PrivateFrameworks/CoreUI.framework/Versions/A/CoreUI
0x0000000028ea8000 	/System/Library/Frameworks/CoreAudio.framework/Versions/A/CoreAudio
0x0000000028ea8000 	/System/Library/Frameworks/DiskArbitration.framework/Versions/A/DiskArbitration
0x0000000028ea8000 	/usr/lib/liblangid.dylib
0x0000000028ea8000 	/System/Library/PrivateFrameworks/MultitouchSupport.framework/Versions/A/MultitouchSupport
0x0000000028ea8000 	/System/Library/Frameworks/IOKit.framework/Versions/A/IOKit
0x0000000028ea8000 	/usr/lib/libDiagnosticMessagesClient.dylib
0x0000000028ea8000 	/System/Library/Frameworks/CoreServices.framework/Versions/A/CoreServices
0x0000000028ea8000 	/System/Library/PrivateFrameworks/PerformanceAnalysis.framework/Versions/A/PerformanceAnalysis
0x0000000028ea8000 	/System/Library/Frameworks/OpenGL.framework/Versions/A/OpenGL
0x0000000028ea8000 	/System/Library/Frameworks/ColorSync.framework/Versions/A/ColorSync
0x0000000028ea8000 	/System/Library/Frameworks/CoreImage.framework/Versions/A/CoreImage
0x0000000028ea8000 	/System/Library/Frameworks/CoreText.framework/Versions/A/CoreText
0x0000000028ea8000 	/System/Library/Frameworks/ImageIO.framework/Versions/A/ImageIO
0x0000000028ea8000 	/System/Library/PrivateFrameworks/Backup.framework/Versions/A/Backup
0x0000000028ea8000 	/usr/lib/libarchive.2.dylib
0x0000000028ea8000 	/System/Library/Frameworks/CFNetwork.framework/Versions/A/CFNetwork
0x0000000028ea8000 	/System/Library/Frameworks/SystemConfiguration.framework/Versions/A/SystemConfiguration
0x0000000028ea8000 	/usr/lib/libCRFSuite.dylib
0x0000000028ea8000 	/usr/lib/libc++.1.dylib
0x0000000028ea8000 	/usr/lib/libc++abi.dylib
0x0000000028ea8000 	/usr/lib/system/libcache.dylib
0x0000000028ea8000 	/usr/lib/system/libcommonCrypto.dylib
0x0000000028ea8000 	/usr/lib/system/libcompiler_rt.dylib
0x0000000028ea8000 	/usr/lib/system/libcopyfile.dylib
0x0000000028ea8000 	/usr/lib/system/libcorecrypto.dylib
0x0000000028ea8000 	/usr/lib/system/libdispatch.dylib
0x0000000028ea8000 	/usr/lib/system/libdyld.dylib
0x0000000028ea8000 	/usr/lib/system/libkeymgr.dylib
0x0000000028ea8000 	/usr/lib/system/liblaunch.dylib
0x0000000028ea8000 	/usr/lib/system/libmacho.dylib
0x0000000028ea8000 	/usr/lib/system/libquarantine.dylib
0x0000000028ea8000 	/usr/lib/system/libremovefile.dylib
0x0000000028ea8000 	/usr/lib/system/libsystem_asl.dylib
0x0000000028ea8000 	/usr/lib/system/libsystem_blocks.dylib
0x0000000028ea8000 	/usr/lib/system/libsystem_c.dylib
0x0000000028ea8000 	/usr/lib/system/libsystem_configuration.dylib
0x0000000028ea8000 	/usr/lib/system/libsystem_coreservices.dylib
0x0000000028ea8000 	/usr/lib/system/libsystem_darwin.dylib
0x0000000028ea8000 	/usr/lib/system/libsystem_dnssd.dylib
0x0000000028ea8000 	/usr/lib/system/libsystem_info.dylib
0x0000000028ea8000 	/usr/lib/system/libsystem_m.dylib
0x0000000028ea8000 	/usr/lib/system/libsystem_malloc.dylib
0x0000000028ea8000 	/usr/lib/system/libsystem_network.dylib
0x0000000028ea8000 	/usr/lib/system/libsystem_networkextension.dylib
0x0000000028ea8000 	/usr/lib/system/libsystem_notify.dylib
0x0000000028ea8000 	/usr/lib/system/libsystem_sandbox.dylib
0x0000000028ea8000 	/usr/lib/system/libsystem_secinit.dylib
0x0000000028ea8000 	/usr/lib/system/libsystem_kernel.dylib
0x0000000028ea8000 	/usr/lib/system/libsystem_platform.dylib
0x0000000028ea8000 	/usr/lib/system/libsystem_pthread.dylib
0x0000000028ea8000 	/usr/lib/system/libsystem_symptoms.dylib
0x0000000028ea8000 	/usr/lib/system/libsystem_trace.dylib
0x0000000028ea8000 	/usr/lib/system/libunwind.dylib
0x0000000028ea8000 	/usr/lib/system/libxpc.dylib
0x0000000028ea8000 	/usr/lib/closure/libclosured.dylib
0x0000000028ea8000 	/usr/lib/libbsm.0.dylib
0x0000000028ea8000 	/usr/lib/system/libkxld.dylib
0x0000000028ea8000 	/usr/lib/libOpenScriptingUtil.dylib
0x0000000028ea8000 	/usr/lib/libcoretls.dylib
0x0000000028ea8000 	/usr/lib/libcoretls_cfhelpers.dylib
0x0000000028ea8000 	/usr/lib/libpam.2.dylib
0x0000000028ea8000 	/usr/lib/libsqlite3.dylib
0x0000000028ea8000 	/usr/lib/libxar.1.dylib
0x0000000028ea8000 	/usr/lib/libbz2.1.0.dylib
0x0000000028ea8000 	/usr/lib/liblzma.5.dylib
0x0000000028ea8000 	/usr/lib/libnetwork.dylib
0x0000000028ea8000 	/usr/lib/libapple_nghttp2.dylib
0x0000000028ea8000 	/usr/lib/libpcap.A.dylib
0x0000000028ea8000 	/usr/lib/libboringssl.dylib
0x0000000028ea8000 	/usr/lib/libusrtcp.dylib
0x0000000028ea8000 	/usr/lib/libapple_crypto.dylib
0x0000000028ea8000 	/System/Library/Frameworks/CoreServices.framework/Versions/A/Frameworks/FSEvents.framework/Versions/A/FSEvents
0x0000000028ea8000 	/System/Library/Frameworks/CoreServices.framework/Versions/A/Frameworks/CarbonCore.framework/Versions/A/CarbonCore
0x0000000028ea8000 	/System/Library/Frameworks/CoreServices.framework/Versions/A/Frameworks/Metadata.framework/Versions/A/Metadata
0x0000000028ea8000 	/System/Library/Frameworks/CoreServices.framework/Versions/A/Frameworks/OSServices.framework/Versions/A/OSServices
0x0000000028ea8000 	/System/Library/Frameworks/CoreServices.framework/Versions/A/Frameworks/SearchKit.framework/Versions/A/SearchKit
0x0000000028ea8000 	/System/Library/Frameworks/CoreServices.framework/Versions/A/Frameworks/AE.framework/Versions/A/AE
0x0000000028ea8000 	/System/Library/Frameworks/CoreServices.framework/Versions/A/Frameworks/LaunchServices.framework/Versions/A/LaunchServices
0x0000000028ea8000 	/System/Library/Frameworks/CoreServices.framework/Versions/A/Frameworks/DictionaryServices.framework/Versions/A/DictionaryServices
0x0000000028ea8000 	/System/Library/Frameworks/CoreServices.framework/Versions/A/Frameworks/SharedFileList.framework/Versions/A/SharedFileList
0x0000000028ea8000 	/System/Library/Frameworks/NetFS.framework/Versions/A/NetFS
0x0000000028ea8000 	/System/Library/PrivateFrameworks/NetAuth.framework/Versions/A/NetAuth
0x0000000028ea8000 	/System/Library/PrivateFrameworks/login.framework/Versions/A/Frameworks/loginsupport.framework/Versions/A/loginsupport
0x0000000028ea8000 	/System/Library/PrivateFrameworks/TCC.framework/Versions/A/TCC
0x0000000028ea8000 	/usr/lib/libmecabra.dylib
0x0000000028ea8000 	/System/Library/Frameworks/ApplicationServices.framework/Versions/A/Frameworks/ATS.framework/Versions/A/ATS
0x0000000028ea8000 	/System/Library/Frameworks/ApplicationServices.framework/Versions/A/Frameworks/ColorSyncLegacy.framework/Versions/A/ColorSyncLegacy
0x0000000028ea8000 	/System/Library/Frameworks/ApplicationServices.framework/Versions/A/Frameworks/HIServices.framework/Versions/A/HIServices
0x0000000028ea8000 	/System/Library/Frameworks/ApplicationServices.framework/Versions/A/Frameworks/LangAnalysis.framework/Versions/A/LangAnalysis
0x0000000028ea8000 	/System/Library/Frameworks/ApplicationServices.framework/Versions/A/Frameworks/PrintCore.framework/Versions/A/PrintCore
0x0000000028ea8000 	/System/Library/Frameworks/ApplicationServices.framework/Versions/A/Frameworks/QD.framework/Versions/A/QD
0x0000000028ea8000 	/System/Library/Frameworks/ApplicationServices.framework/Versions/A/Frameworks/SpeechSynthesis.framework/Versions/A/SpeechSynthesis
0x0000000028ea8000 	/System/Library/Frameworks/CoreDisplay.framework/Versions/A/CoreDisplay
0x0000000028ea8000 	/System/Library/Frameworks/Accelerate.framework/Versions/A/Frameworks/vImage.framework/Versions/A/vImage
0x0000000028ea8000 	/System/Library/Frameworks/Accelerate.framework/Versions/A/Frameworks/vecLib.framework/Versions/A/vecLib
0x0000000028ea8000 	/System/Library/Frameworks/Accelerate.framework/Versions/A/Frameworks/vecLib.framework/Versions/A/libvDSP.dylib
0x0000000028ea8000 	/System/Library/Frameworks/Accelerate.framework/Versions/A/Frameworks/vecLib.framework/Versions/A/libBNNS.dylib
0x0000000028ea8000 	/System/Library/Frameworks/Accelerate.framework/Versions/A/Frameworks/vecLib.framework/Versions/A/libQuadrature.dylib
0x0000000028ea8000 	/System/Library/Frameworks/Accelerate.framework/Versions/A/Frameworks/vecLib.framework/Versions/A/libvMisc.dylib
0x0000000028ea8000 	/System/Library/Frameworks/Accelerate.framework/Versions/A/Frameworks/vecLib.framework/Versions/A/libLAPACK.dylib
0x0000000028ea8000 	/System/Library/Frameworks/Accelerate.framework/Versions/A/Frameworks/vecLib.framework/Versions/A/libBLAS.dylib
0x0000000028ea8000 	/System/Library/Frameworks/Accelerate.framework/Versions/A/Frameworks/vecLib.framework/Versions/A/libLinearAlgebra.dylib
0x0000000028ea8000 	/System/Library/Frameworks/Accelerate.framework/Versions/A/Frameworks/vecLib.framework/Versions/A/libSparse.dylib
0x0000000028ea8000 	/System/Library/Frameworks/Accelerate.framework/Versions/A/Frameworks/vecLib.framework/Versions/A/libSparseBLAS.dylib
0x0000000028ea8000 	/System/Library/PrivateFrameworks/GPUWrangler.framework/Versions/A/GPUWrangler
0x0000000028ea8000 	/System/Library/PrivateFrameworks/IOAccelerator.framework/Versions/A/IOAccelerator
0x0000000028ea8000 	/System/Library/PrivateFrameworks/IOPresentment.framework/Versions/A/IOPresentment
0x0000000028ea8000 	/System/Library/PrivateFrameworks/DSExternalDisplay.framework/Versions/A/DSExternalDisplay
0x0000000028ea8000 	/System/Library/Frameworks/OpenGL.framework/Versions/A/Libraries/libCoreFSCache.dylib
0x0000000028ea8000 	/System/Library/Frameworks/CoreVideo.framework/Versions/A/CoreVideo
0x0000000028ea8000 	/System/Library/PrivateFrameworks/GraphVisualizer.framework/Versions/A/GraphVisualizer
0x0000000028ea8000 	/System/Library/Frameworks/MetalPerformanceShaders.framework/Versions/A/MetalPerformanceShaders
0x0000000028ea8000 	/usr/lib/libFosl_dynamic.dylib
0x0000000028ea8000 	/System/Library/PrivateFrameworks/FaceCore.framework/Versions/A/FaceCore
0x0000000028ea8000 	/System/Library/Frameworks/OpenCL.framework/Versions/A/OpenCL
0x0000000028ea8000 	/usr/lib/libcompression.dylib
0x0000000028ea8000 	/System/Library/Frameworks/ApplicationServices.framework/Versions/A/Frameworks/ATS.framework/Versions/A/Resources/libFontParser.dylib
0x0000000028ea8000 	/System/Library/Frameworks/ApplicationServices.framework/Versions/A/Frameworks/ATS.framework/Versions/A/Resources/libFontRegistry.dylib
0x0000000028ea8000 	/System/Library/Frameworks/ImageIO.framework/Versions/A/Resources/libJPEG.dylib
0x0000000028ea8000 	/System/Library/Frameworks/ImageIO.framework/Versions/A/Resources/libTIFF.dylib
0x0000000028ea8000 	/System/Library/Frameworks/ImageIO.framework/Versions/A/Resources/libPng.dylib
0x0000000028ea8000 	/System/Library/Frameworks/ImageIO.framework/Versions/A/Resources/libGIF.dylib
0x0000000028ea8000 	/System/Library/Frameworks/ImageIO.framework/Versions/A/Resources/libJP2.dylib
0x0000000028ea8000 	/System/Library/Frameworks/ImageIO.framework/Versions/A/Resources/libRadiance.dylib
0x0000000028ea8000 	/System/Library/PrivateFrameworks/AppleJPEG.framework/Versions/A/AppleJPEG
0x0000000028ea8000 	/System/Library/Frameworks/MetalPerformanceShaders.framework/Frameworks/MPSCore.framework/Versions/A/MPSCore
0x0000000028ea8000 	/System/Library/Frameworks/MetalPerformanceShaders.framework/Frameworks/MPSImage.framework/Versions/A/MPSImage
0x0000000028ea8000 	/System/Library/Frameworks/MetalPerformanceShaders.framework/Frameworks/MPSNeuralNetwork.framework/Versions/A/MPSNeuralNetwork
0x0000000028ea8000 	/System/Library/Frameworks/MetalPerformanceShaders.framework/Frameworks/MPSMatrix.framework/Versions/A/MPSMatrix
0x0000000028ea8000 	/System/Library/PrivateFrameworks/MetalTools.framework/Versions/A/MetalTools
0x0000000028ea8000 	/System/Library/Frameworks/OpenGL.framework/Versions/A/Libraries/libGLU.dylib
0x0000000028ea8000 	/System/Library/Frameworks/OpenGL.framework/Versions/A/Libraries/libGFXShared.dylib
0x0000000028ea8000 	/System/Library/Frameworks/OpenGL.framework/Versions/A/Libraries/libGL.dylib
0x0000000028ea8000 	/System/Library/Frameworks/OpenGL.framework/Versions/A/Libraries/libGLImage.dylib
0x0000000028ea8000 	/System/Library/Frameworks/OpenGL.framework/Versions/A/Libraries/libCVMSPluginSupport.dylib
0x0000000028ea8000 	/System/Library/Frameworks/OpenGL.framework/Versions/A/Libraries/libCoreVMClient.dylib
0x0000000028ea8000 	/usr/lib/libcups.2.dylib
0x0000000028ea8000 	/System/Library/Frameworks/Kerberos.framework/Versions/A/Kerberos
0x0000000028ea8000 	/System/Library/Frameworks/GSS.framework/Versions/A/GSS
0x0000000028ea8000 	/usr/lib/libresolv.9.dylib
0x0000000028ea8000 	/usr/lib/libiconv.2.dylib
0x0000000028ea8000 	/System/Library/PrivateFrameworks/Heimdal.framework/Versions/A/Heimdal
0x0000000028ea8000 	/usr/lib/libheimdal-asn1.dylib
0x0000000028ea8000 	/System/Library/Frameworks/OpenDirectory.framework/Versions/A/OpenDirectory
0x0000000028ea8000 	/System/Library/PrivateFrameworks/CommonAuth.framework/Versions/A/CommonAuth
0x0000000028ea8000 	/System/Library/Frameworks/OpenDirectory.framework/Versions/A/Frameworks/CFOpenDirectory.framework/Versions/A/CFOpenDirectory
0x0000000028ea8000 	/System/Library/Frameworks/SecurityFoundation.framework/Versions/A/SecurityFoundation
0x0000000028ea8000 	/System/Library/PrivateFrameworks/APFS.framework/Versions/A/APFS
0x0000000028ea8000 	/usr/lib/libutil.dylib
0x0000000028ea8000 	/System/Library/PrivateFrameworks/AppleSauce.framework/Versions/A/AppleSauce
0x0000000028ea8000 	/System/Library/PrivateFrameworks/LinguisticData.framework/Versions/A/LinguisticData
0x0000000028ea8000 	/usr/lib/libmarisa.dylib
0x0000000028ea8000 	/System/Library/PrivateFrameworks/Lexicon.framework/Versions/A/Lexicon
0x0000000028ea8000 	/usr/lib/libChineseTokenizer.dylib
0x0000000028ea8000 	/usr/lib/libcmph.dylib
0x0000000028ea8000 	/System/Library/PrivateFrameworks/LanguageModeling.framework/Versions/A/LanguageModeling
0x0000000028ea8000 	/System/Library/PrivateFrameworks/CoreEmoji.framework/Versions/A/CoreEmoji
0x0000000028ea8000 	/System/Library/Frameworks/ServiceManagement.framework/Versions/A/ServiceManagement
0x0000000028ea8000 	/System/Library/PrivateFrameworks/BackgroundTaskManagement.framework/Versions/A/BackgroundTaskManagement
0x0000000028ea8000 	/usr/lib/libxslt.1.dylib
0x0000000028ea8000 	/System/Library/Frameworks/Carbon.framework/Versions/A/Frameworks/Ink.framework/Versions/A/Ink
0x0000000028ea8000 	/System/Library/PrivateFrameworks/TextureIO.framework/Versions/A/TextureIO
0x0000000028ea8000 	/usr/lib/libate.dylib
0x0000000028ea8000 	/System/Library/PrivateFrameworks/CrashReporterSupport.framework/Versions/A/CrashReporterSupport
0x0000000028ea8000 	/System/Library/PrivateFrameworks/Sharing.framework/Versions/A/Sharing
0x0000000028ea8000 	/System/Library/PrivateFrameworks/IconServices.framework/Versions/A/IconServices
0x0000000028ea8000 	/System/Library/PrivateFrameworks/Apple80211.framework/Versions/A/Apple80211
0x0000000028ea8000 	/System/Library/PrivateFrameworks/CoreUtils.framework/Versions/A/CoreUtils
0x0000000028ea8000 	/System/Library/Frameworks/CoreWLAN.framework/Versions/A/CoreWLAN
0x0000000028ea8000 	/System/Library/Frameworks/IOBluetooth.framework/Versions/A/IOBluetooth
0x0000000028ea8000 	/System/Library/PrivateFrameworks/ProtocolBuffer.framework/Versions/A/ProtocolBuffer
0x0000000028ea8000 	/System/Library/PrivateFrameworks/CoreWiFi.framework/Versions/A/CoreWiFi
0x0000000028ea8000 	/System/Library/Frameworks/CoreBluetooth.framework/Versions/A/CoreBluetooth
0x0000000028ea8000 	/System/Library/PrivateFrameworks/DebugSymbols.framework/Versions/A/DebugSymbols
0x0000000028ea8000 	/System/Library/PrivateFrameworks/CoreSymbolication.framework/Versions/A/CoreSymbolication
0x0000000028ea8000 	/System/Library/PrivateFrameworks/Symbolication.framework/Versions/A/Symbolication
0x0000000028ea8000 	/System/Library/PrivateFrameworks/AppleFSCompression.framework/Versions/A/AppleFSCompression
0x0000000028ea8000 	/System/Library/PrivateFrameworks/SpeechRecognitionCore.framework/Versions/A/SpeechRecognitionCore
0x0000000105e00000 	/Library/Java/JavaVirtualMachines/jdk1.8.0_161.jdk/Contents/Home/jre/lib/server/libjvm.dylib
0x0000000028ea8000 	/usr/lib/libstdc++.6.0.9.dylib
0x0000000104da2000 	/Library/Java/JavaVirtualMachines/jdk1.8.0_161.jdk/Contents/Home/jre/lib/libverify.dylib
0x0000000104db0000 	/Library/Java/JavaVirtualMachines/jdk1.8.0_161.jdk/Contents/Home/jre/lib/libjava.dylib
0x0000000104df0000 	/Library/Java/JavaVirtualMachines/jdk1.8.0_161.jdk/Contents/Home/jre/lib/libzip.dylib
0x0000000123daf000 	/Library/Java/JavaVirtualMachines/jdk1.8.0_161.jdk/Contents/Home/jre/lib/libmanagement.dylib
0x0000000123dbf000 	/Library/Java/JavaVirtualMachines/jdk1.8.0_161.jdk/Contents/Home/jre/lib/libnet.dylib
0x0000000124039000 	/Library/Java/JavaVirtualMachines/jdk1.8.0_161.jdk/Contents/Home/jre/lib/libnio.dylib
0x0000000124649000 	/Users/roberthunter/DEV/AMNE/api.amne.co/dynamodblocal-bin/DynamoDBLocal_lib/libsqlite4java-osx.dylib
0x0000000028ea8000 	/System/Library/Frameworks/JavaVM.framework/Versions/A/JavaVM
0x0000000028ea8000 	/System/Library/PrivateFrameworks/JavaLaunching.framework/Versions/A/JavaLaunching

VM Arguments:
jvm_args: -Djava.library.path=./DynamoDBLocal_lib 
java_command: DynamoDBLocal.jar -port 5102 -sharedDb -dbPath ../../db-local
java_class_path (initial): DynamoDBLocal.jar
Launcher Type: SUN_STANDARD

Environment Variables:
PATH=/usr/local/lib/node_modules/npm/node_modules/npm-lifecycle/node-gyp-bin:/Users/roberthunter/DEV/AMNE/api.amne.co/node_modules/.bin:/Library/Frameworks/Python.framework/Versions/3.7/bin:/usr/local/bin:/usr/bin:/bin:/usr/sbin:/sbin:/Library/Python/2.7/bin:/usr/local/bin:/usr/bin:/bin:/usr/sbin:/sbin
SHELL=/bin/bash

Signal Handlers:
SIGSEGV: [libjvm.dylib+0x5b5439], sa_mask[0]=11111111011111110111111111111111, sa_flags=SA_ONSTACK|SA_RESTART|SA_SIGINFO
SIGBUS: [libjvm.dylib+0x5b5439], sa_mask[0]=11111111011111110111111111111111, sa_flags=SA_RESTART|SA_SIGINFO
SIGFPE: [libjvm.dylib+0x48ae24], sa_mask[0]=11111111011111110111111111111111, sa_flags=SA_RESTART|SA_SIGINFO
SIGPIPE: [libjvm.dylib+0x48ae24], sa_mask[0]=11111111011111110111111111111111, sa_flags=SA_RESTART|SA_SIGINFO
SIGXFSZ: [libjvm.dylib+0x48ae24], sa_mask[0]=11111111011111110111111111111111, sa_flags=SA_RESTART|SA_SIGINFO
SIGILL: [libjvm.dylib+0x48ae24], sa_mask[0]=11111111011111110111111111111111, sa_flags=SA_RESTART|SA_SIGINFO
SIGUSR1: SIG_DFL, sa_mask[0]=00000000000000000000000000000000, sa_flags=SA_RESTART
SIGUSR2: [libjvm.dylib+0x48a942], sa_mask[0]=00000000000000000000000000000000, sa_flags=SA_RESTART|SA_SIGINFO
SIGHUP: [libjvm.dylib+0x488f0d], sa_mask[0]=11111111011111110111111111111111, sa_flags=SA_RESTART|SA_SIGINFO
SIGINT: [libjvm.dylib+0x488f0d], sa_mask[0]=11111111011111110111111111111111, sa_flags=SA_RESTART|SA_SIGINFO
SIGTERM: [libjvm.dylib+0x488f0d], sa_mask[0]=11111111011111110111111111111111, sa_flags=SA_RESTART|SA_SIGINFO
SIGQUIT: [libjvm.dylib+0x488f0d], sa_mask[0]=11111111011111110111111111111111, sa_flags=SA_RESTART|SA_SIGINFO


---------------  S Y S T E M  ---------------

OS:Bsduname:Darwin 17.5.0 Darwin Kernel Version 17.5.0: Mon Mar  5 22:24:32 PST 2018; root:xnu-4570.51.1~1/RELEASE_X86_64 x86_64
rlimit: STACK 8192k, CORE 0k, NPROC 1418, NOFILE 10240, AS infinity
load average:2.74 3.02 3.07

CPU:total 8 (initial active 8) (4 cores per cpu, 2 threads per core) family 6 model 94 stepping 3, cmov, cx8, fxsr, mmx, sse, sse2, sse3, ssse3, sse4.1, sse4.2, popcnt, avx, avx2, aes, clmul, erms, rtm, 3dnowpref, lzcnt, ht, tsc, tscinvbit, bmi1, bmi2, adx

Memory: 4k page, physical 16777216k(572000k free)

/proc/meminfo:


vm_info: Java HotSpot(TM) 64-Bit Server VM (25.161-b12) for bsd-amd64 JRE (1.8.0_161-b12), built on Dec 19 2017 16:22:20 by "java_re" with gcc 4.2.1 (Based on Apple Inc. build 5658) (LLVM build 2336.11.00)

time: Mon May  7 10:46:49 2018
elapsed time: 335 seconds (0d 0h 5m 35s)

